
=== 2026-04-13T18:24:37+08:00 ===
$ /root/miniconda3/envs/fault_env/bin/python train.py --mode train --algorithm cnn --dataset CWRU --preprocess STFT --ways 5 --shots 5 --query_shots 5 --train_domains 1\,2\,3 --test_domain 0 --fault_labels 0\,1\,2\,3\,4\,5\,6\,7\,8\,9 --runtime_backend onnxruntime --enable_compression true --prune_ratio 0.4 --plot false --log true --cuda true --calibration_size 64 --enable_qat_recovery false --onnx_opset 17 --epochs 30 --batch_size 64 --finetune_epochs 15 --finetune_lr 0.0003 --test_task_num 200 --compression_finetune_iters 80 --log_path /root/workspace/MAML-Edge/logs/paper_runs/balanced/domain/source123_target0/latest/logs/stft/cnn --seed 42 --checkpoint_path /root/workspace/MAML-Edge/checkpoints/paper_balanced/domain/source123_target0 --compression_output_path /root/workspace/MAML-Edge/deploy_artifacts/paper_balanced/domain/source123_target0 --deployment_label_sampling random_per_episode 
/root/miniconda3/envs/fault_env/lib/python3.9/site-packages/sklearn/utils/fixes.py:28: UserWarning: pkg_resources is deprecated as an API. See https://setuptools.pypa.io/en/latest/pkg_resources.html. The pkg_resources package is slated for removal as early as 2025-11-30. Refrain from using this package or pin to Setuptools<81.
  from pkg_resources import parse_version  # type: ignore
Experiment: CNN_CWRU_STFT_5w5s5q_source123_target0_labels0123456789
Training CNN baseline with 1 GPU(s).
Epoch 1:
Source Train Loss: 0.371394
Source Train Accuracy: 0.959367
Target Fine-tune Loss: 0.751479
Target Fine-tune Accuracy: 0.798200

Epoch 2:
Source Train Loss: 0.024790
Source Train Accuracy: 0.999458
Target Fine-tune Loss: 0.760565
Target Fine-tune Accuracy: 0.772400

Epoch 3:
Source Train Loss: 0.008877
Source Train Accuracy: 0.999783
Target Fine-tune Loss: 0.772065
Target Fine-tune Accuracy: 0.769400

Epoch 4:
Source Train Loss: 0.004370
Source Train Accuracy: 1.000000
Target Fine-tune Loss: 0.679648
Target Fine-tune Accuracy: 0.790600

Epoch 5:
Source Train Loss: 0.002690
Source Train Accuracy: 1.000000
Target Fine-tune Loss: 0.743995
Target Fine-tune Accuracy: 0.767800

Epoch 6:
Source Train Loss: 0.001825
Source Train Accuracy: 1.000000
Target Fine-tune Loss: 0.705062
Target Fine-tune Accuracy: 0.777400

Epoch 7:
Source Train Loss: 0.001268
Source Train Accuracy: 1.000000
Target Fine-tune Loss: 0.777663
Target Fine-tune Accuracy: 0.743400

Epoch 8:
Source Train Loss: 0.000996
Source Train Accuracy: 1.000000
Target Fine-tune Loss: 0.727163
Target Fine-tune Accuracy: 0.769000

Epoch 9:
Source Train Loss: 0.000815
Source Train Accuracy: 1.000000
Target Fine-tune Loss: 0.705111
Target Fine-tune Accuracy: 0.776600

Epoch 10:
Source Train Loss: 0.000616
Source Train Accuracy: 1.000000
Target Fine-tune Loss: 0.714118
Target Fine-tune Accuracy: 0.770800

Epoch 11:
Source Train Loss: 0.000539
Source Train Accuracy: 1.000000
Target Fine-tune Loss: 0.685022
Target Fine-tune Accuracy: 0.779600

Epoch 12:
Source Train Loss: 0.000429
Source Train Accuracy: 1.000000
Target Fine-tune Loss: 0.707724
Target Fine-tune Accuracy: 0.773600

Epoch 13:
Source Train Loss: 0.000370
Source Train Accuracy: 1.000000
Target Fine-tune Loss: 0.723062
Target Fine-tune Accuracy: 0.765400

Epoch 14:
Source Train Loss: 0.000436
Source Train Accuracy: 1.000000
Target Fine-tune Loss: 0.714134
Target Fine-tune Accuracy: 0.771800

Epoch 15:
Source Train Loss: 0.000266
Source Train Accuracy: 1.000000
Target Fine-tune Loss: 0.748082
Target Fine-tune Accuracy: 0.761000

Epoch 16:
Source Train Loss: 0.000222
Source Train Accuracy: 1.000000
Target Fine-tune Loss: 0.725694
Target Fine-tune Accuracy: 0.758000

Epoch 17:
Source Train Loss: 0.000195
Source Train Accuracy: 1.000000
Target Fine-tune Loss: 0.774008
Target Fine-tune Accuracy: 0.750200

Epoch 18:
Source Train Loss: 0.000168
Source Train Accuracy: 1.000000
Target Fine-tune Loss: 0.747569
Target Fine-tune Accuracy: 0.764800

Epoch 19:
Source Train Loss: 0.000162
Source Train Accuracy: 1.000000
Target Fine-tune Loss: 0.766271
Target Fine-tune Accuracy: 0.757200

Epoch 20:
Source Train Loss: 0.000163
Source Train Accuracy: 1.000000
Target Fine-tune Loss: 0.761186
Target Fine-tune Accuracy: 0.761000

Epoch 21:
Source Train Loss: 0.000125
Source Train Accuracy: 1.000000
Target Fine-tune Loss: 0.777170
Target Fine-tune Accuracy: 0.751400

Epoch 22:
Source Train Loss: 0.000108
Source Train Accuracy: 1.000000
Target Fine-tune Loss: 0.789060
Target Fine-tune Accuracy: 0.751200

Epoch 23:
Source Train Loss: 0.000098
Source Train Accuracy: 1.000000
Target Fine-tune Loss: 0.757912
Target Fine-tune Accuracy: 0.750600

Epoch 24:
Source Train Loss: 0.000094
Source Train Accuracy: 1.000000
Target Fine-tune Loss: 0.773996
Target Fine-tune Accuracy: 0.753200

Epoch 25:
Source Train Loss: 0.000075
Source Train Accuracy: 1.000000
Target Fine-tune Loss: 0.770551
Target Fine-tune Accuracy: 0.752200

Epoch 26:
Source Train Loss: 0.000071
Source Train Accuracy: 1.000000
Target Fine-tune Loss: 0.767197
Target Fine-tune Accuracy: 0.759400

Epoch 27:
Source Train Loss: 0.000061
Source Train Accuracy: 1.000000
Target Fine-tune Loss: 0.803748
Target Fine-tune Accuracy: 0.742000

Epoch 28:
Source Train Loss: 0.000060
Source Train Accuracy: 1.000000
Target Fine-tune Loss: 0.840228
Target Fine-tune Accuracy: 0.733600

Epoch 29:
Source Train Loss: 0.000051
Source Train Accuracy: 1.000000
Target Fine-tune Loss: 0.792969
Target Fine-tune Accuracy: 0.750400

Epoch 30:
Source Train Loss: 0.000047
Source Train Accuracy: 1.000000
Target Fine-tune Loss: 0.787825
Target Fine-tune Accuracy: 0.753800

Please consider to run pre-processing before quantization. Refer to example: https://github.com/microsoft/onnxruntime-inference-examples/blob/main/quantization/image_classification/cpu/ReadMe.md 
Please consider pre-processing before quantization. See https://github.com/microsoft/onnxruntime-inference-examples/blob/main/quantization/image_classification/cpu/ReadMe.md 
Please consider to run pre-processing before quantization. Refer to example: https://github.com/microsoft/onnxruntime-inference-examples/blob/main/quantization/image_classification/cpu/ReadMe.md 
Please consider pre-processing before quantization. See https://github.com/microsoft/onnxruntime-inference-examples/blob/main/quantization/image_classification/cpu/ReadMe.md 
Compression summary saved to /root/workspace/MAML-Edge/deploy_artifacts/paper_balanced/domain/source123_target0/CNN_CWRU_STFT_5w5s5q_source123_target0_labels0123456789/compression_summary.json.

[return_code] 0
