
=== 2026-04-11T04:59:22+08:00 ===
$ /root/miniconda3/envs/fault_env/bin/python train.py --mode train --algorithm cnn --dataset CWRU --preprocess FFT --ways 5 --shots 15 --query_shots 15 --train_domains 0\,1\,2 --test_domain 3 --fault_labels 0\,1\,2\,3\,4\,5\,6\,7\,8\,9 --runtime_backend onnxruntime --enable_compression true --prune_ratio 0.4 --plot false --log true --cuda true --calibration_size 64 --enable_qat_recovery false --onnx_opset 17 --epochs 40 --batch_size 64 --finetune_epochs 15 --finetune_lr 0.0003 --test_task_num 200 --compression_finetune_iters 80 --log_path /root/workspace/MAML-Edge/logs/paper_runs/balanced/seed/seed43/latest/logs/fft/cnn --seed 43 --checkpoint_path /root/workspace/MAML-Edge/checkpoints/paper_balanced/seed/seed43 --compression_output_path /root/workspace/MAML-Edge/deploy_artifacts/paper_balanced/seed/seed43 --deployment_label_sampling random_per_episode 
/root/miniconda3/envs/fault_env/lib/python3.9/site-packages/sklearn/utils/fixes.py:28: UserWarning: pkg_resources is deprecated as an API. See https://setuptools.pypa.io/en/latest/pkg_resources.html. The pkg_resources package is slated for removal as early as 2025-11-30. Refrain from using this package or pin to Setuptools<81.
  from pkg_resources import parse_version  # type: ignore
Experiment: CNN_CWRU_FFT_5w15s15q_source012_target3_labels0123456789
Training CNN baseline with 1 GPU(s).
Domain: 0, normalization: False, time_steps: 1024, overlap_ratio: 0.5.
Loading Data: fault type: 0, total num: 243938, sample num: 475
Data is shuffled using random seed: 42

Loading Data: fault type: 1, total num: 121265, sample num: 235
Data is shuffled using random seed: 42

Loading Data: fault type: 2, total num: 122571, sample num: 238
Data is shuffled using random seed: 42

Loading Data: fault type: 3, total num: 121991, sample num: 237
Data is shuffled using random seed: 42

Loading Data: fault type: 4, total num: 121846, sample num: 236
Data is shuffled using random seed: 42

Loading Data: fault type: 5, total num: 121846, sample num: 236
Data is shuffled using random seed: 42

Loading Data: fault type: 6, total num: 121846, sample num: 236
Data is shuffled using random seed: 42

Loading Data: fault type: 7, total num: 122136, sample num: 237
Data is shuffled using random seed: 42

Loading Data: fault type: 8, total num: 121991, sample num: 237
Data is shuffled using random seed: 42

Loading Data: fault type: 9, total num: 122426, sample num: 238
Data is shuffled using random seed: 42

Domain: 1, normalization: False, time_steps: 1024, overlap_ratio: 0.5.
Loading Data: fault type: 0, total num: 483903, sample num: 944
Data is shuffled using random seed: 42

Loading Data: fault type: 1, total num: 121991, sample num: 237
Data is shuffled using random seed: 42

Loading Data: fault type: 2, total num: 121410, sample num: 236
Data is shuffled using random seed: 42

Loading Data: fault type: 3, total num: 122426, sample num: 238
Data is shuffled using random seed: 42

Loading Data: fault type: 4, total num: 121846, sample num: 236
Data is shuffled using random seed: 42

Loading Data: fault type: 5, total num: 122136, sample num: 237
Data is shuffled using random seed: 42

Loading Data: fault type: 6, total num: 122136, sample num: 237
Data is shuffled using random seed: 42

Loading Data: fault type: 7, total num: 121556, sample num: 236
Data is shuffled using random seed: 42

Loading Data: fault type: 8, total num: 121701, sample num: 236
Data is shuffled using random seed: 42

Loading Data: fault type: 9, total num: 121991, sample num: 237
Data is shuffled using random seed: 42

Domain: 2, normalization: False, time_steps: 1024, overlap_ratio: 0.5.
Loading Data: fault type: 0, total num: 485063, sample num: 946
Data is shuffled using random seed: 42

Loading Data: fault type: 1, total num: 122136, sample num: 237
Data is shuffled using random seed: 42

Loading Data: fault type: 2, total num: 121556, sample num: 236
Data is shuffled using random seed: 42

Loading Data: fault type: 3, total num: 121410, sample num: 236
Data is shuffled using random seed: 42

Loading Data: fault type: 4, total num: 121846, sample num: 236
Data is shuffled using random seed: 42

Loading Data: fault type: 5, total num: 121991, sample num: 237
Data is shuffled using random seed: 42

Loading Data: fault type: 6, total num: 121846, sample num: 236
Data is shuffled using random seed: 42

Loading Data: fault type: 7, total num: 121846, sample num: 236
Data is shuffled using random seed: 42

Loading Data: fault type: 8, total num: 122136, sample num: 237
Data is shuffled using random seed: 42

Loading Data: fault type: 9, total num: 122281, sample num: 237
Data is shuffled using random seed: 42

Domain: 3, normalization: False, time_steps: 1024, overlap_ratio: 0.5.
Loading Data: fault type: 0, total num: 485643, sample num: 947
Data is shuffled using random seed: 42

Loading Data: fault type: 1, total num: 122917, sample num: 239
Data is shuffled using random seed: 42

Loading Data: fault type: 2, total num: 121556, sample num: 236
Data is shuffled using random seed: 42

Loading Data: fault type: 3, total num: 122571, sample num: 238
Data is shuffled using random seed: 42

Loading Data: fault type: 4, total num: 121701, sample num: 236
Data is shuffled using random seed: 42

Loading Data: fault type: 5, total num: 122136, sample num: 237
Data is shuffled using random seed: 42

Loading Data: fault type: 6, total num: 121991, sample num: 237
Data is shuffled using random seed: 42

Loading Data: fault type: 7, total num: 121991, sample num: 237
Data is shuffled using random seed: 42

Loading Data: fault type: 8, total num: 122136, sample num: 237
Data is shuffled using random seed: 42

Loading Data: fault type: 9, total num: 121991, sample num: 237
Data is shuffled using random seed: 42

Epoch 1:
Source Train Loss: 0.105614
Source Train Accuracy: 0.977265
Target Fine-tune Loss: 1.246951
Target Fine-tune Accuracy: 0.597333

Epoch 2:
Source Train Loss: 0.000860
Source Train Accuracy: 1.000000
Target Fine-tune Loss: 1.404322
Target Fine-tune Accuracy: 0.591400

Epoch 3:
Source Train Loss: 0.000349
Source Train Accuracy: 1.000000
Target Fine-tune Loss: 1.356138
Target Fine-tune Accuracy: 0.611000

Epoch 4:
Source Train Loss: 0.000195
Source Train Accuracy: 1.000000
Target Fine-tune Loss: 1.409484
Target Fine-tune Accuracy: 0.593467

Epoch 5:
Source Train Loss: 0.000119
Source Train Accuracy: 1.000000
Target Fine-tune Loss: 1.454737
Target Fine-tune Accuracy: 0.606867

Epoch 6:
Source Train Loss: 0.000086
Source Train Accuracy: 1.000000
Target Fine-tune Loss: 1.399534
Target Fine-tune Accuracy: 0.609200

Epoch 7:
Source Train Loss: 0.000066
Source Train Accuracy: 1.000000
Target Fine-tune Loss: 1.363413
Target Fine-tune Accuracy: 0.611467

Epoch 8:
Source Train Loss: 0.000047
Source Train Accuracy: 1.000000
Target Fine-tune Loss: 1.370433
Target Fine-tune Accuracy: 0.598067

Epoch 9:
Source Train Loss: 0.000042
Source Train Accuracy: 1.000000
Target Fine-tune Loss: 1.363979
Target Fine-tune Accuracy: 0.602667

Epoch 10:
Source Train Loss: 0.000031
Source Train Accuracy: 1.000000
Target Fine-tune Loss: 1.459340
Target Fine-tune Accuracy: 0.593067

Epoch 11:
Source Train Loss: 0.000025
Source Train Accuracy: 1.000000
Target Fine-tune Loss: 1.482909
Target Fine-tune Accuracy: 0.586667

Epoch 12:
Source Train Loss: 0.000024
Source Train Accuracy: 1.000000
Target Fine-tune Loss: 1.429462
Target Fine-tune Accuracy: 0.590267

Epoch 13:
Source Train Loss: 0.000018
Source Train Accuracy: 1.000000
Target Fine-tune Loss: 1.464800
Target Fine-tune Accuracy: 0.584800

Epoch 14:
Source Train Loss: 0.000015
Source Train Accuracy: 1.000000
Target Fine-tune Loss: 1.476229
Target Fine-tune Accuracy: 0.585267

Epoch 15:
Source Train Loss: 0.000013
Source Train Accuracy: 1.000000
Target Fine-tune Loss: 1.461230
Target Fine-tune Accuracy: 0.581867

Epoch 16:
Source Train Loss: 0.000012
Source Train Accuracy: 1.000000
Target Fine-tune Loss: 1.515043
Target Fine-tune Accuracy: 0.576133

Epoch 17:
Source Train Loss: 0.000010
Source Train Accuracy: 1.000000
Target Fine-tune Loss: 1.521330
Target Fine-tune Accuracy: 0.568667

Epoch 18:
Source Train Loss: 0.000009
Source Train Accuracy: 1.000000
Target Fine-tune Loss: 1.519518
Target Fine-tune Accuracy: 0.565600

Epoch 19:
Source Train Loss: 0.000009
Source Train Accuracy: 1.000000
Target Fine-tune Loss: 1.566698
Target Fine-tune Accuracy: 0.553933

Epoch 20:
Source Train Loss: 0.000008
Source Train Accuracy: 1.000000
Target Fine-tune Loss: 1.565094
Target Fine-tune Accuracy: 0.570800

Epoch 21:
Source Train Loss: 0.000007
Source Train Accuracy: 1.000000
Target Fine-tune Loss: 1.587556
Target Fine-tune Accuracy: 0.569933

Epoch 22:
Source Train Loss: 0.000006
Source Train Accuracy: 1.000000
Target Fine-tune Loss: 1.656807
Target Fine-tune Accuracy: 0.550667

Epoch 23:
Source Train Loss: 0.000005
Source Train Accuracy: 1.000000
Target Fine-tune Loss: 1.481062
Target Fine-tune Accuracy: 0.568133

Epoch 24:
Source Train Loss: 0.000006
Source Train Accuracy: 1.000000
Target Fine-tune Loss: 1.623118
Target Fine-tune Accuracy: 0.548200

Epoch 25:
Source Train Loss: 0.000005
Source Train Accuracy: 1.000000
Target Fine-tune Loss: 1.562554
Target Fine-tune Accuracy: 0.554600

Epoch 26:
Source Train Loss: 0.000004
Source Train Accuracy: 1.000000
Target Fine-tune Loss: 1.628641
Target Fine-tune Accuracy: 0.540067

Epoch 27:
Source Train Loss: 0.000005
Source Train Accuracy: 1.000000
Target Fine-tune Loss: 1.739938
Target Fine-tune Accuracy: 0.540333

Epoch 28:
Source Train Loss: 0.000003
Source Train Accuracy: 1.000000
Target Fine-tune Loss: 1.746387
Target Fine-tune Accuracy: 0.534867

Epoch 29:
Source Train Loss: 0.000003
Source Train Accuracy: 1.000000
Target Fine-tune Loss: 1.715073
Target Fine-tune Accuracy: 0.542667

Epoch 30:
Source Train Loss: 0.000002
Source Train Accuracy: 1.000000
Target Fine-tune Loss: 1.733746
Target Fine-tune Accuracy: 0.539867

Epoch 31:
Source Train Loss: 0.000002
Source Train Accuracy: 1.000000
Target Fine-tune Loss: 1.744262
Target Fine-tune Accuracy: 0.534400

Epoch 32:
Source Train Loss: 0.000002
Source Train Accuracy: 1.000000
Target Fine-tune Loss: 1.658906
Target Fine-tune Accuracy: 0.536667

Epoch 33:
Source Train Loss: 0.000002
Source Train Accuracy: 1.000000
Target Fine-tune Loss: 1.713170
Target Fine-tune Accuracy: 0.535067

Epoch 34:
Source Train Loss: 0.000002
Source Train Accuracy: 1.000000
Target Fine-tune Loss: 1.753843
Target Fine-tune Accuracy: 0.542133

Epoch 35:
Source Train Loss: 0.000002
Source Train Accuracy: 1.000000
Target Fine-tune Loss: 1.774836
Target Fine-tune Accuracy: 0.538933

Epoch 36:
Source Train Loss: 0.000002
Source Train Accuracy: 1.000000
Target Fine-tune Loss: 1.763420
Target Fine-tune Accuracy: 0.534200

Epoch 37:
Source Train Loss: 0.000002
Source Train Accuracy: 1.000000
Target Fine-tune Loss: 1.782102
Target Fine-tune Accuracy: 0.537267

Epoch 38:
Source Train Loss: 0.000002
Source Train Accuracy: 1.000000
Target Fine-tune Loss: 1.855300
Target Fine-tune Accuracy: 0.508267

Epoch 39:
Source Train Loss: 0.000001
Source Train Accuracy: 1.000000
Target Fine-tune Loss: 1.864006
Target Fine-tune Accuracy: 0.521067

Epoch 40:
Source Train Loss: 0.000001
Source Train Accuracy: 1.000000
Target Fine-tune Loss: 1.764441
Target Fine-tune Accuracy: 0.527000

Please consider to run pre-processing before quantization. Refer to example: https://github.com/microsoft/onnxruntime-inference-examples/blob/main/quantization/image_classification/cpu/ReadMe.md 
Please consider pre-processing before quantization. See https://github.com/microsoft/onnxruntime-inference-examples/blob/main/quantization/image_classification/cpu/ReadMe.md 
Please consider to run pre-processing before quantization. Refer to example: https://github.com/microsoft/onnxruntime-inference-examples/blob/main/quantization/image_classification/cpu/ReadMe.md 
Please consider pre-processing before quantization. See https://github.com/microsoft/onnxruntime-inference-examples/blob/main/quantization/image_classification/cpu/ReadMe.md 
Compression summary saved to /root/workspace/MAML-Edge/deploy_artifacts/paper_balanced/seed/seed43/CNN_CWRU_FFT_5w15s15q_source012_target3_labels0123456789/compression_summary.json.

[return_code] 0
