
=== 2026-04-13T04:44:13+08:00 ===
$ /root/miniconda3/envs/fault_env/bin/python train.py --mode train --algorithm cnn --dataset CWRU --preprocess STFT --ways 5 --shots 15 --query_shots 15 --train_domains 0\,2\,3 --test_domain 1 --fault_labels 0\,1\,2\,3\,4\,5\,6\,7\,8\,9 --runtime_backend onnxruntime --enable_compression true --prune_ratio 0.4 --plot false --log true --cuda true --calibration_size 64 --enable_qat_recovery false --onnx_opset 17 --epochs 30 --batch_size 64 --finetune_epochs 15 --finetune_lr 0.0003 --test_task_num 200 --compression_finetune_iters 80 --log_path /root/workspace/MAML-Edge/logs/paper_runs/balanced/domain/source023_target1/latest/logs/stft/cnn --seed 42 --checkpoint_path /root/workspace/MAML-Edge/checkpoints/paper_balanced/domain/source023_target1 --compression_output_path /root/workspace/MAML-Edge/deploy_artifacts/paper_balanced/domain/source023_target1 --deployment_label_sampling random_per_episode 
/root/miniconda3/envs/fault_env/lib/python3.9/site-packages/sklearn/utils/fixes.py:28: UserWarning: pkg_resources is deprecated as an API. See https://setuptools.pypa.io/en/latest/pkg_resources.html. The pkg_resources package is slated for removal as early as 2025-11-30. Refrain from using this package or pin to Setuptools<81.
  from pkg_resources import parse_version  # type: ignore
Experiment: CNN_CWRU_STFT_5w15s15q_source023_target1_labels0123456789
Training CNN baseline with 1 GPU(s).
Epoch 1:
Source Train Loss: 0.418169
Source Train Accuracy: 0.952740
Target Fine-tune Loss: 0.837962
Target Fine-tune Accuracy: 0.761000

Epoch 2:
Source Train Loss: 0.027566
Source Train Accuracy: 0.999201
Target Fine-tune Loss: 0.773051
Target Fine-tune Accuracy: 0.779867

Epoch 3:
Source Train Loss: 0.010381
Source Train Accuracy: 0.999772
Target Fine-tune Loss: 0.731773
Target Fine-tune Accuracy: 0.783400

Epoch 4:
Source Train Loss: 0.005656
Source Train Accuracy: 1.000000
Target Fine-tune Loss: 0.881288
Target Fine-tune Accuracy: 0.721200

Epoch 5:
Source Train Loss: 0.003054
Source Train Accuracy: 1.000000
Target Fine-tune Loss: 0.807454
Target Fine-tune Accuracy: 0.738733

Epoch 6:
Source Train Loss: 0.002073
Source Train Accuracy: 1.000000
Target Fine-tune Loss: 0.819634
Target Fine-tune Accuracy: 0.731000

Epoch 7:
Source Train Loss: 0.001774
Source Train Accuracy: 1.000000
Target Fine-tune Loss: 0.828148
Target Fine-tune Accuracy: 0.727133

Epoch 8:
Source Train Loss: 0.001184
Source Train Accuracy: 1.000000
Target Fine-tune Loss: 0.791311
Target Fine-tune Accuracy: 0.744800

Epoch 9:
Source Train Loss: 0.000860
Source Train Accuracy: 1.000000
Target Fine-tune Loss: 0.803501
Target Fine-tune Accuracy: 0.739200

Epoch 10:
Source Train Loss: 0.000699
Source Train Accuracy: 1.000000
Target Fine-tune Loss: 0.794130
Target Fine-tune Accuracy: 0.737733

Epoch 11:
Source Train Loss: 0.000609
Source Train Accuracy: 1.000000
Target Fine-tune Loss: 0.843136
Target Fine-tune Accuracy: 0.712667

Epoch 12:
Source Train Loss: 0.000536
Source Train Accuracy: 1.000000
Target Fine-tune Loss: 0.861610
Target Fine-tune Accuracy: 0.712200

Epoch 13:
Source Train Loss: 0.000402
Source Train Accuracy: 1.000000
Target Fine-tune Loss: 0.867188
Target Fine-tune Accuracy: 0.713400

Epoch 14:
Source Train Loss: 0.000355
Source Train Accuracy: 1.000000
Target Fine-tune Loss: 0.873499
Target Fine-tune Accuracy: 0.708800

Epoch 15:
Source Train Loss: 0.000370
Source Train Accuracy: 1.000000
Target Fine-tune Loss: 0.957206
Target Fine-tune Accuracy: 0.677067

Epoch 16:
Source Train Loss: 0.000280
Source Train Accuracy: 1.000000
Target Fine-tune Loss: 0.840676
Target Fine-tune Accuracy: 0.724000

Epoch 17:
Source Train Loss: 0.000240
Source Train Accuracy: 1.000000
Target Fine-tune Loss: 0.821113
Target Fine-tune Accuracy: 0.730533

Epoch 18:
Source Train Loss: 0.000213
Source Train Accuracy: 1.000000
Target Fine-tune Loss: 0.896139
Target Fine-tune Accuracy: 0.704867

Epoch 19:
Source Train Loss: 0.000183
Source Train Accuracy: 1.000000
Target Fine-tune Loss: 0.852306
Target Fine-tune Accuracy: 0.713800

Epoch 20:
Source Train Loss: 0.000164
Source Train Accuracy: 1.000000
Target Fine-tune Loss: 0.932752
Target Fine-tune Accuracy: 0.690000

Epoch 21:
Source Train Loss: 0.000144
Source Train Accuracy: 1.000000
Target Fine-tune Loss: 0.902300
Target Fine-tune Accuracy: 0.701667

Epoch 22:
Source Train Loss: 0.000139
Source Train Accuracy: 1.000000
Target Fine-tune Loss: 0.878023
Target Fine-tune Accuracy: 0.702933

Epoch 23:
Source Train Loss: 0.000120
Source Train Accuracy: 1.000000
Target Fine-tune Loss: 0.921569
Target Fine-tune Accuracy: 0.695467

Epoch 24:
Source Train Loss: 0.000108
Source Train Accuracy: 1.000000
Target Fine-tune Loss: 0.937793
Target Fine-tune Accuracy: 0.692867

Epoch 25:
Source Train Loss: 0.000101
Source Train Accuracy: 1.000000
Target Fine-tune Loss: 0.921909
Target Fine-tune Accuracy: 0.703000

Epoch 26:
Source Train Loss: 0.000088
Source Train Accuracy: 1.000000
Target Fine-tune Loss: 0.979659
Target Fine-tune Accuracy: 0.679600

Epoch 27:
Source Train Loss: 0.000083
Source Train Accuracy: 1.000000
Target Fine-tune Loss: 0.960238
Target Fine-tune Accuracy: 0.682867

Epoch 28:
Source Train Loss: 0.000079
Source Train Accuracy: 1.000000
Target Fine-tune Loss: 0.938102
Target Fine-tune Accuracy: 0.700000

Epoch 29:
Source Train Loss: 0.000071
Source Train Accuracy: 1.000000
Target Fine-tune Loss: 0.926973
Target Fine-tune Accuracy: 0.700267

Epoch 30:
Source Train Loss: 0.000059
Source Train Accuracy: 1.000000
Target Fine-tune Loss: 0.974616
Target Fine-tune Accuracy: 0.681800

Please consider to run pre-processing before quantization. Refer to example: https://github.com/microsoft/onnxruntime-inference-examples/blob/main/quantization/image_classification/cpu/ReadMe.md 
Please consider pre-processing before quantization. See https://github.com/microsoft/onnxruntime-inference-examples/blob/main/quantization/image_classification/cpu/ReadMe.md 
Please consider to run pre-processing before quantization. Refer to example: https://github.com/microsoft/onnxruntime-inference-examples/blob/main/quantization/image_classification/cpu/ReadMe.md 
Please consider pre-processing before quantization. See https://github.com/microsoft/onnxruntime-inference-examples/blob/main/quantization/image_classification/cpu/ReadMe.md 
Compression summary saved to /root/workspace/MAML-Edge/deploy_artifacts/paper_balanced/domain/source023_target1/CNN_CWRU_STFT_5w15s15q_source023_target1_labels0123456789/compression_summary.json.

[return_code] 0
