
=== 2026-04-11T00:24:39+08:00 ===
$ /root/miniconda3/envs/fault_env/bin/python train.py --mode train --algorithm cnn --dataset CWRU --preprocess STFT --ways 5 --shots 5 --query_shots 5 --train_domains 0\,1\,2 --test_domain 3 --fault_labels 0\,1\,2\,3\,4\,5\,6\,7\,8\,9 --runtime_backend onnxruntime --enable_compression true --prune_ratio 0.4 --plot false --log true --cuda true --calibration_size 64 --enable_qat_recovery false --onnx_opset 17 --epochs 30 --batch_size 64 --finetune_epochs 15 --finetune_lr 0.0003 --test_task_num 50 --compression_finetune_iters 80 --log_path /root/workspace/MAML-Edge/logs/overnight_runs/controlled/latest/logs/stft/cnn --seed 42 --checkpoint_path /root/workspace/MAML-Edge/checkpoints --compression_output_path /root/workspace/MAML-Edge/deploy_artifacts --deployment_label_sampling random_per_episode 
/root/miniconda3/envs/fault_env/lib/python3.9/site-packages/sklearn/utils/fixes.py:28: UserWarning: pkg_resources is deprecated as an API. See https://setuptools.pypa.io/en/latest/pkg_resources.html. The pkg_resources package is slated for removal as early as 2025-11-30. Refrain from using this package or pin to Setuptools<81.
  from pkg_resources import parse_version  # type: ignore
Experiment: CNN_CWRU_STFT_5w5s5q_source012_target3_labels0123456789
Training CNN baseline with 1 GPU(s).
Epoch 1:
Source Train Loss: 0.416118
Source Train Accuracy: 0.959328
Target Fine-tune Loss: 0.700586
Target Fine-tune Accuracy: 0.826400

Epoch 2:
Source Train Loss: 0.025952
Source Train Accuracy: 0.999657
Target Fine-tune Loss: 0.588588
Target Fine-tune Accuracy: 0.860000

Epoch 3:
Source Train Loss: 0.009417
Source Train Accuracy: 1.000000
Target Fine-tune Loss: 0.578606
Target Fine-tune Accuracy: 0.852000

Epoch 4:
Source Train Loss: 0.005607
Source Train Accuracy: 0.999886
Target Fine-tune Loss: 0.548848
Target Fine-tune Accuracy: 0.856800

Epoch 5:
Source Train Loss: 0.003147
Source Train Accuracy: 1.000000
Target Fine-tune Loss: 0.588467
Target Fine-tune Accuracy: 0.837600

Epoch 6:
Source Train Loss: 0.002045
Source Train Accuracy: 1.000000
Target Fine-tune Loss: 0.591567
Target Fine-tune Accuracy: 0.835200

Epoch 7:
Source Train Loss: 0.001438
Source Train Accuracy: 1.000000
Target Fine-tune Loss: 0.548330
Target Fine-tune Accuracy: 0.844000

Epoch 8:
Source Train Loss: 0.001128
Source Train Accuracy: 1.000000
Target Fine-tune Loss: 0.607770
Target Fine-tune Accuracy: 0.812000

Epoch 9:
Source Train Loss: 0.000945
Source Train Accuracy: 1.000000
Target Fine-tune Loss: 0.606227
Target Fine-tune Accuracy: 0.829600

Epoch 10:
Source Train Loss: 0.000788
Source Train Accuracy: 1.000000
Target Fine-tune Loss: 0.572009
Target Fine-tune Accuracy: 0.846400

Epoch 11:
Source Train Loss: 0.000599
Source Train Accuracy: 1.000000
Target Fine-tune Loss: 0.596939
Target Fine-tune Accuracy: 0.824800

Epoch 12:
Source Train Loss: 0.000511
Source Train Accuracy: 1.000000
Target Fine-tune Loss: 0.610576
Target Fine-tune Accuracy: 0.826400

Epoch 13:
Source Train Loss: 0.000482
Source Train Accuracy: 1.000000
Target Fine-tune Loss: 0.582754
Target Fine-tune Accuracy: 0.827200

Epoch 14:
Source Train Loss: 0.000352
Source Train Accuracy: 1.000000
Target Fine-tune Loss: 0.635811
Target Fine-tune Accuracy: 0.802400

Epoch 15:
Source Train Loss: 0.000336
Source Train Accuracy: 1.000000
Target Fine-tune Loss: 0.642952
Target Fine-tune Accuracy: 0.804800

Epoch 16:
Source Train Loss: 0.000275
Source Train Accuracy: 1.000000
Target Fine-tune Loss: 0.647461
Target Fine-tune Accuracy: 0.794400

Epoch 17:
Source Train Loss: 0.000236
Source Train Accuracy: 1.000000
Target Fine-tune Loss: 0.615670
Target Fine-tune Accuracy: 0.813600

Epoch 18:
Source Train Loss: 0.000224
Source Train Accuracy: 1.000000
Target Fine-tune Loss: 0.547623
Target Fine-tune Accuracy: 0.844000

Epoch 19:
Source Train Loss: 0.000250
Source Train Accuracy: 1.000000
Target Fine-tune Loss: 0.599172
Target Fine-tune Accuracy: 0.812800

Epoch 20:
Source Train Loss: 0.000174
Source Train Accuracy: 1.000000
Target Fine-tune Loss: 0.615020
Target Fine-tune Accuracy: 0.793600

Epoch 21:
Source Train Loss: 0.000147
Source Train Accuracy: 1.000000
Target Fine-tune Loss: 0.623747
Target Fine-tune Accuracy: 0.800000

Epoch 22:
Source Train Loss: 0.000130
Source Train Accuracy: 1.000000
Target Fine-tune Loss: 0.597066
Target Fine-tune Accuracy: 0.809600

Epoch 23:
Source Train Loss: 0.000117
Source Train Accuracy: 1.000000
Target Fine-tune Loss: 0.632778
Target Fine-tune Accuracy: 0.799200

Epoch 24:
Source Train Loss: 0.000108
Source Train Accuracy: 1.000000
Target Fine-tune Loss: 0.650529
Target Fine-tune Accuracy: 0.810400

Epoch 25:
Source Train Loss: 0.000103
Source Train Accuracy: 1.000000
Target Fine-tune Loss: 0.627984
Target Fine-tune Accuracy: 0.795200

Epoch 26:
Source Train Loss: 0.000088
Source Train Accuracy: 1.000000
Target Fine-tune Loss: 0.624140
Target Fine-tune Accuracy: 0.792000

Epoch 27:
Source Train Loss: 0.000077
Source Train Accuracy: 1.000000
Target Fine-tune Loss: 0.611815
Target Fine-tune Accuracy: 0.818400

Epoch 28:
Source Train Loss: 0.000073
Source Train Accuracy: 1.000000
Target Fine-tune Loss: 0.595575
Target Fine-tune Accuracy: 0.804800

Epoch 29:
Source Train Loss: 0.000068
Source Train Accuracy: 1.000000
Target Fine-tune Loss: 0.636178
Target Fine-tune Accuracy: 0.798400

Epoch 30:
Source Train Loss: 0.000056
Source Train Accuracy: 1.000000
Target Fine-tune Loss: 0.682925
Target Fine-tune Accuracy: 0.790400

Please consider to run pre-processing before quantization. Refer to example: https://github.com/microsoft/onnxruntime-inference-examples/blob/main/quantization/image_classification/cpu/ReadMe.md 
Please consider pre-processing before quantization. See https://github.com/microsoft/onnxruntime-inference-examples/blob/main/quantization/image_classification/cpu/ReadMe.md 
Please consider to run pre-processing before quantization. Refer to example: https://github.com/microsoft/onnxruntime-inference-examples/blob/main/quantization/image_classification/cpu/ReadMe.md 
Please consider pre-processing before quantization. See https://github.com/microsoft/onnxruntime-inference-examples/blob/main/quantization/image_classification/cpu/ReadMe.md 
Compression summary saved to /root/workspace/MAML-Edge/deploy_artifacts/CNN_CWRU_STFT_5w5s5q_source012_target3_labels0123456789/compression_summary.json.

[return_code] 0
