
=== 2026-04-11T00:35:54+08:00 ===
$ /root/miniconda3/envs/fault_env/bin/python train.py --mode train --algorithm cnn --dataset CWRU --preprocess STFT --ways 5 --shots 10 --query_shots 10 --train_domains 0\,1\,2 --test_domain 3 --fault_labels 0\,1\,2\,3\,4\,5\,6\,7\,8\,9 --runtime_backend onnxruntime --enable_compression true --prune_ratio 0.4 --plot false --log true --cuda true --calibration_size 64 --enable_qat_recovery false --onnx_opset 17 --epochs 30 --batch_size 64 --finetune_epochs 15 --finetune_lr 0.0003 --test_task_num 50 --compression_finetune_iters 80 --log_path /root/workspace/MAML-Edge/logs/overnight_runs/controlled/latest/logs/stft/cnn --seed 42 --checkpoint_path /root/workspace/MAML-Edge/checkpoints --compression_output_path /root/workspace/MAML-Edge/deploy_artifacts --deployment_label_sampling random_per_episode 
/root/miniconda3/envs/fault_env/lib/python3.9/site-packages/sklearn/utils/fixes.py:28: UserWarning: pkg_resources is deprecated as an API. See https://setuptools.pypa.io/en/latest/pkg_resources.html. The pkg_resources package is slated for removal as early as 2025-11-30. Refrain from using this package or pin to Setuptools<81.
  from pkg_resources import parse_version  # type: ignore
Experiment: CNN_CWRU_STFT_5w10s10q_source012_target3_labels0123456789
Training CNN baseline with 1 GPU(s).
Epoch 1:
Source Train Loss: 0.416163
Source Train Accuracy: 0.959328
Target Fine-tune Loss: 0.665874
Target Fine-tune Accuracy: 0.848800

Epoch 2:
Source Train Loss: 0.026021
Source Train Accuracy: 0.999657
Target Fine-tune Loss: 0.549831
Target Fine-tune Accuracy: 0.886800

Epoch 3:
Source Train Loss: 0.009452
Source Train Accuracy: 1.000000
Target Fine-tune Loss: 0.566377
Target Fine-tune Accuracy: 0.848800

Epoch 4:
Source Train Loss: 0.005568
Source Train Accuracy: 0.999886
Target Fine-tune Loss: 0.536344
Target Fine-tune Accuracy: 0.856400

Epoch 5:
Source Train Loss: 0.003132
Source Train Accuracy: 1.000000
Target Fine-tune Loss: 0.573898
Target Fine-tune Accuracy: 0.842000

Epoch 6:
Source Train Loss: 0.002046
Source Train Accuracy: 1.000000
Target Fine-tune Loss: 0.544751
Target Fine-tune Accuracy: 0.856400

Epoch 7:
Source Train Loss: 0.001439
Source Train Accuracy: 1.000000
Target Fine-tune Loss: 0.534729
Target Fine-tune Accuracy: 0.849200

Epoch 8:
Source Train Loss: 0.001132
Source Train Accuracy: 1.000000
Target Fine-tune Loss: 0.607707
Target Fine-tune Accuracy: 0.816000

Epoch 9:
Source Train Loss: 0.000947
Source Train Accuracy: 1.000000
Target Fine-tune Loss: 0.576490
Target Fine-tune Accuracy: 0.820400

Epoch 10:
Source Train Loss: 0.000796
Source Train Accuracy: 1.000000
Target Fine-tune Loss: 0.537918
Target Fine-tune Accuracy: 0.853600

Epoch 11:
Source Train Loss: 0.000600
Source Train Accuracy: 1.000000
Target Fine-tune Loss: 0.608466
Target Fine-tune Accuracy: 0.802000

Epoch 12:
Source Train Loss: 0.000512
Source Train Accuracy: 1.000000
Target Fine-tune Loss: 0.587105
Target Fine-tune Accuracy: 0.826000

Epoch 13:
Source Train Loss: 0.000489
Source Train Accuracy: 1.000000
Target Fine-tune Loss: 0.528444
Target Fine-tune Accuracy: 0.848400

Epoch 14:
Source Train Loss: 0.000353
Source Train Accuracy: 1.000000
Target Fine-tune Loss: 0.623440
Target Fine-tune Accuracy: 0.808800

Epoch 15:
Source Train Loss: 0.000334
Source Train Accuracy: 1.000000
Target Fine-tune Loss: 0.620108
Target Fine-tune Accuracy: 0.808000

Epoch 16:
Source Train Loss: 0.000276
Source Train Accuracy: 1.000000
Target Fine-tune Loss: 0.610439
Target Fine-tune Accuracy: 0.809600

Epoch 17:
Source Train Loss: 0.000236
Source Train Accuracy: 1.000000
Target Fine-tune Loss: 0.579165
Target Fine-tune Accuracy: 0.827200

Epoch 18:
Source Train Loss: 0.000225
Source Train Accuracy: 1.000000
Target Fine-tune Loss: 0.511993
Target Fine-tune Accuracy: 0.866000

Epoch 19:
Source Train Loss: 0.000247
Source Train Accuracy: 1.000000
Target Fine-tune Loss: 0.580103
Target Fine-tune Accuracy: 0.826800

Epoch 20:
Source Train Loss: 0.000173
Source Train Accuracy: 1.000000
Target Fine-tune Loss: 0.560926
Target Fine-tune Accuracy: 0.831600

Epoch 21:
Source Train Loss: 0.000147
Source Train Accuracy: 1.000000
Target Fine-tune Loss: 0.604487
Target Fine-tune Accuracy: 0.813600

Epoch 22:
Source Train Loss: 0.000131
Source Train Accuracy: 1.000000
Target Fine-tune Loss: 0.553588
Target Fine-tune Accuracy: 0.823200

Epoch 23:
Source Train Loss: 0.000117
Source Train Accuracy: 1.000000
Target Fine-tune Loss: 0.611465
Target Fine-tune Accuracy: 0.810000

Epoch 24:
Source Train Loss: 0.000107
Source Train Accuracy: 1.000000
Target Fine-tune Loss: 0.603572
Target Fine-tune Accuracy: 0.823600

Epoch 25:
Source Train Loss: 0.000102
Source Train Accuracy: 1.000000
Target Fine-tune Loss: 0.598101
Target Fine-tune Accuracy: 0.816800

Epoch 26:
Source Train Loss: 0.000089
Source Train Accuracy: 1.000000
Target Fine-tune Loss: 0.578273
Target Fine-tune Accuracy: 0.820400

Epoch 27:
Source Train Loss: 0.000077
Source Train Accuracy: 1.000000
Target Fine-tune Loss: 0.554549
Target Fine-tune Accuracy: 0.842000

Epoch 28:
Source Train Loss: 0.000073
Source Train Accuracy: 1.000000
Target Fine-tune Loss: 0.551173
Target Fine-tune Accuracy: 0.834800

Epoch 29:
Source Train Loss: 0.000068
Source Train Accuracy: 1.000000
Target Fine-tune Loss: 0.608044
Target Fine-tune Accuracy: 0.813200

Epoch 30:
Source Train Loss: 0.000056
Source Train Accuracy: 1.000000
Target Fine-tune Loss: 0.645262
Target Fine-tune Accuracy: 0.806400

Please consider to run pre-processing before quantization. Refer to example: https://github.com/microsoft/onnxruntime-inference-examples/blob/main/quantization/image_classification/cpu/ReadMe.md 
Please consider pre-processing before quantization. See https://github.com/microsoft/onnxruntime-inference-examples/blob/main/quantization/image_classification/cpu/ReadMe.md 
Please consider to run pre-processing before quantization. Refer to example: https://github.com/microsoft/onnxruntime-inference-examples/blob/main/quantization/image_classification/cpu/ReadMe.md 
Please consider pre-processing before quantization. See https://github.com/microsoft/onnxruntime-inference-examples/blob/main/quantization/image_classification/cpu/ReadMe.md 
Compression summary saved to /root/workspace/MAML-Edge/deploy_artifacts/CNN_CWRU_STFT_5w10s10q_source012_target3_labels0123456789/compression_summary.json.

[return_code] 0
