
=== 2026-04-13T01:23:07+08:00 ===
$ /root/miniconda3/envs/fault_env/bin/python train.py --mode train --algorithm cnn --dataset CWRU --preprocess FFT --ways 5 --shots 5 --query_shots 5 --train_domains 0\,2\,3 --test_domain 1 --fault_labels 0\,1\,2\,3\,4\,5\,6\,7\,8\,9 --runtime_backend onnxruntime --enable_compression true --prune_ratio 0.4 --plot false --log true --cuda true --calibration_size 64 --enable_qat_recovery false --onnx_opset 17 --epochs 40 --batch_size 64 --finetune_epochs 15 --finetune_lr 0.0003 --test_task_num 200 --compression_finetune_iters 80 --log_path /root/workspace/MAML-Edge/logs/paper_runs/balanced/domain/source023_target1/latest/logs/fft/cnn --seed 42 --checkpoint_path /root/workspace/MAML-Edge/checkpoints/paper_balanced/domain/source023_target1 --compression_output_path /root/workspace/MAML-Edge/deploy_artifacts/paper_balanced/domain/source023_target1 --deployment_label_sampling random_per_episode 
/root/miniconda3/envs/fault_env/lib/python3.9/site-packages/sklearn/utils/fixes.py:28: UserWarning: pkg_resources is deprecated as an API. See https://setuptools.pypa.io/en/latest/pkg_resources.html. The pkg_resources package is slated for removal as early as 2025-11-30. Refrain from using this package or pin to Setuptools<81.
  from pkg_resources import parse_version  # type: ignore
Experiment: CNN_CWRU_FFT_5w5s5q_source023_target1_labels0123456789
Training CNN baseline with 1 GPU(s).
Domain: 0, normalization: False, time_steps: 1024, overlap_ratio: 0.5.
Loading Data: fault type: 0, total num: 243938, sample num: 475
Data is shuffled using random seed: 42

Loading Data: fault type: 1, total num: 121265, sample num: 235
Data is shuffled using random seed: 42

Loading Data: fault type: 2, total num: 122571, sample num: 238
Data is shuffled using random seed: 42

Loading Data: fault type: 3, total num: 121991, sample num: 237
Data is shuffled using random seed: 42

Loading Data: fault type: 4, total num: 121846, sample num: 236
Data is shuffled using random seed: 42

Loading Data: fault type: 5, total num: 121846, sample num: 236
Data is shuffled using random seed: 42

Loading Data: fault type: 6, total num: 121846, sample num: 236
Data is shuffled using random seed: 42

Loading Data: fault type: 7, total num: 122136, sample num: 237
Data is shuffled using random seed: 42

Loading Data: fault type: 8, total num: 121991, sample num: 237
Data is shuffled using random seed: 42

Loading Data: fault type: 9, total num: 122426, sample num: 238
Data is shuffled using random seed: 42

Domain: 2, normalization: False, time_steps: 1024, overlap_ratio: 0.5.
Loading Data: fault type: 0, total num: 485063, sample num: 946
Data is shuffled using random seed: 42

Loading Data: fault type: 1, total num: 122136, sample num: 237
Data is shuffled using random seed: 42

Loading Data: fault type: 2, total num: 121556, sample num: 236
Data is shuffled using random seed: 42

Loading Data: fault type: 3, total num: 121410, sample num: 236
Data is shuffled using random seed: 42

Loading Data: fault type: 4, total num: 121846, sample num: 236
Data is shuffled using random seed: 42

Loading Data: fault type: 5, total num: 121991, sample num: 237
Data is shuffled using random seed: 42

Loading Data: fault type: 6, total num: 121846, sample num: 236
Data is shuffled using random seed: 42

Loading Data: fault type: 7, total num: 121846, sample num: 236
Data is shuffled using random seed: 42

Loading Data: fault type: 8, total num: 122136, sample num: 237
Data is shuffled using random seed: 42

Loading Data: fault type: 9, total num: 122281, sample num: 237
Data is shuffled using random seed: 42

Domain: 3, normalization: False, time_steps: 1024, overlap_ratio: 0.5.
Loading Data: fault type: 0, total num: 485643, sample num: 947
Data is shuffled using random seed: 42

Loading Data: fault type: 1, total num: 122917, sample num: 239
Data is shuffled using random seed: 42

Loading Data: fault type: 2, total num: 121556, sample num: 236
Data is shuffled using random seed: 42

Loading Data: fault type: 3, total num: 122571, sample num: 238
Data is shuffled using random seed: 42

Loading Data: fault type: 4, total num: 121701, sample num: 236
Data is shuffled using random seed: 42

Loading Data: fault type: 5, total num: 122136, sample num: 237
Data is shuffled using random seed: 42

Loading Data: fault type: 6, total num: 121991, sample num: 237
Data is shuffled using random seed: 42

Loading Data: fault type: 7, total num: 121991, sample num: 237
Data is shuffled using random seed: 42

Loading Data: fault type: 8, total num: 122136, sample num: 237
Data is shuffled using random seed: 42

Loading Data: fault type: 9, total num: 121991, sample num: 237
Data is shuffled using random seed: 42

Domain: 1, normalization: False, time_steps: 1024, overlap_ratio: 0.5.
Loading Data: fault type: 0, total num: 483903, sample num: 944
Data is shuffled using random seed: 42

Loading Data: fault type: 1, total num: 121991, sample num: 237
Data is shuffled using random seed: 42

Loading Data: fault type: 2, total num: 121410, sample num: 236
Data is shuffled using random seed: 42

Loading Data: fault type: 3, total num: 122426, sample num: 238
Data is shuffled using random seed: 42

Loading Data: fault type: 4, total num: 121846, sample num: 236
Data is shuffled using random seed: 42

Loading Data: fault type: 5, total num: 122136, sample num: 237
Data is shuffled using random seed: 42

Loading Data: fault type: 6, total num: 122136, sample num: 237
Data is shuffled using random seed: 42

Loading Data: fault type: 7, total num: 121556, sample num: 236
Data is shuffled using random seed: 42

Loading Data: fault type: 8, total num: 121701, sample num: 236
Data is shuffled using random seed: 42

Loading Data: fault type: 9, total num: 121991, sample num: 237
Data is shuffled using random seed: 42

Epoch 1:
Source Train Loss: 0.101440
Source Train Accuracy: 0.973858
Target Fine-tune Loss: 1.285464
Target Fine-tune Accuracy: 0.569200

Epoch 2:
Source Train Loss: 0.000780
Source Train Accuracy: 1.000000
Target Fine-tune Loss: 1.289302
Target Fine-tune Accuracy: 0.572000

Epoch 3:
Source Train Loss: 0.000349
Source Train Accuracy: 1.000000
Target Fine-tune Loss: 1.287924
Target Fine-tune Accuracy: 0.586600

Epoch 4:
Source Train Loss: 0.000200
Source Train Accuracy: 1.000000
Target Fine-tune Loss: 1.382856
Target Fine-tune Accuracy: 0.578600

Epoch 5:
Source Train Loss: 0.000133
Source Train Accuracy: 1.000000
Target Fine-tune Loss: 1.401690
Target Fine-tune Accuracy: 0.576800

Epoch 6:
Source Train Loss: 0.000092
Source Train Accuracy: 1.000000
Target Fine-tune Loss: 1.420691
Target Fine-tune Accuracy: 0.577200

Epoch 7:
Source Train Loss: 0.000073
Source Train Accuracy: 1.000000
Target Fine-tune Loss: 1.472551
Target Fine-tune Accuracy: 0.569000

Epoch 8:
Source Train Loss: 0.000068
Source Train Accuracy: 1.000000
Target Fine-tune Loss: 1.450002
Target Fine-tune Accuracy: 0.564400

Epoch 9:
Source Train Loss: 0.000045
Source Train Accuracy: 1.000000
Target Fine-tune Loss: 1.543085
Target Fine-tune Accuracy: 0.557200

Epoch 10:
Source Train Loss: 0.000035
Source Train Accuracy: 1.000000
Target Fine-tune Loss: 1.503290
Target Fine-tune Accuracy: 0.562200

Epoch 11:
Source Train Loss: 0.000030
Source Train Accuracy: 1.000000
Target Fine-tune Loss: 1.551239
Target Fine-tune Accuracy: 0.561400

Epoch 12:
Source Train Loss: 0.000026
Source Train Accuracy: 1.000000
Target Fine-tune Loss: 1.524956
Target Fine-tune Accuracy: 0.565400

Epoch 13:
Source Train Loss: 0.000021
Source Train Accuracy: 1.000000
Target Fine-tune Loss: 1.592200
Target Fine-tune Accuracy: 0.560800

Epoch 14:
Source Train Loss: 0.000024
Source Train Accuracy: 1.000000
Target Fine-tune Loss: 1.619927
Target Fine-tune Accuracy: 0.550200

Epoch 15:
Source Train Loss: 0.000016
Source Train Accuracy: 1.000000
Target Fine-tune Loss: 1.641885
Target Fine-tune Accuracy: 0.560200

Epoch 16:
Source Train Loss: 0.000015
Source Train Accuracy: 1.000000
Target Fine-tune Loss: 1.554908
Target Fine-tune Accuracy: 0.565800

Epoch 17:
Source Train Loss: 0.000013
Source Train Accuracy: 1.000000
Target Fine-tune Loss: 1.530458
Target Fine-tune Accuracy: 0.569200

Epoch 18:
Source Train Loss: 0.000011
Source Train Accuracy: 1.000000
Target Fine-tune Loss: 1.571710
Target Fine-tune Accuracy: 0.561000

Epoch 19:
Source Train Loss: 0.000011
Source Train Accuracy: 1.000000
Target Fine-tune Loss: 1.644356
Target Fine-tune Accuracy: 0.561800

Epoch 20:
Source Train Loss: 0.000008
Source Train Accuracy: 1.000000
Target Fine-tune Loss: 1.605856
Target Fine-tune Accuracy: 0.550200

Epoch 21:
Source Train Loss: 0.000007
Source Train Accuracy: 1.000000
Target Fine-tune Loss: 1.652437
Target Fine-tune Accuracy: 0.545200

Epoch 22:
Source Train Loss: 0.000006
Source Train Accuracy: 1.000000
Target Fine-tune Loss: 1.593157
Target Fine-tune Accuracy: 0.560400

Epoch 23:
Source Train Loss: 0.000006
Source Train Accuracy: 1.000000
Target Fine-tune Loss: 1.623874
Target Fine-tune Accuracy: 0.553200

Epoch 24:
Source Train Loss: 0.000006
Source Train Accuracy: 1.000000
Target Fine-tune Loss: 1.579135
Target Fine-tune Accuracy: 0.568000

Epoch 25:
Source Train Loss: 0.000005
Source Train Accuracy: 1.000000
Target Fine-tune Loss: 1.740607
Target Fine-tune Accuracy: 0.549200

Epoch 26:
Source Train Loss: 0.000005
Source Train Accuracy: 1.000000
Target Fine-tune Loss: 1.671066
Target Fine-tune Accuracy: 0.559200

Epoch 27:
Source Train Loss: 0.000004
Source Train Accuracy: 1.000000
Target Fine-tune Loss: 1.756393
Target Fine-tune Accuracy: 0.552800

Epoch 28:
Source Train Loss: 0.000004
Source Train Accuracy: 1.000000
Target Fine-tune Loss: 1.703437
Target Fine-tune Accuracy: 0.544200

Epoch 29:
Source Train Loss: 0.000004
Source Train Accuracy: 1.000000
Target Fine-tune Loss: 1.704744
Target Fine-tune Accuracy: 0.542600

Epoch 30:
Source Train Loss: 0.000003
Source Train Accuracy: 1.000000
Target Fine-tune Loss: 1.745802
Target Fine-tune Accuracy: 0.546000

Epoch 31:
Source Train Loss: 0.000003
Source Train Accuracy: 1.000000
Target Fine-tune Loss: 1.716983
Target Fine-tune Accuracy: 0.555000

Epoch 32:
Source Train Loss: 0.000002
Source Train Accuracy: 1.000000
Target Fine-tune Loss: 1.816679
Target Fine-tune Accuracy: 0.535400

Epoch 33:
Source Train Loss: 0.000002
Source Train Accuracy: 1.000000
Target Fine-tune Loss: 1.731514
Target Fine-tune Accuracy: 0.553200

Epoch 34:
Source Train Loss: 0.000002
Source Train Accuracy: 1.000000
Target Fine-tune Loss: 1.804475
Target Fine-tune Accuracy: 0.543000

Epoch 35:
Source Train Loss: 0.000002
Source Train Accuracy: 1.000000
Target Fine-tune Loss: 1.851169
Target Fine-tune Accuracy: 0.523600

Epoch 36:
Source Train Loss: 0.000002
Source Train Accuracy: 1.000000
Target Fine-tune Loss: 1.901303
Target Fine-tune Accuracy: 0.526400

Epoch 37:
Source Train Loss: 0.000002
Source Train Accuracy: 1.000000
Target Fine-tune Loss: 1.768801
Target Fine-tune Accuracy: 0.540600

Epoch 38:
Source Train Loss: 0.000002
Source Train Accuracy: 1.000000
Target Fine-tune Loss: 1.848023
Target Fine-tune Accuracy: 0.530000

Epoch 39:
Source Train Loss: 0.000001
Source Train Accuracy: 1.000000
Target Fine-tune Loss: 1.815811
Target Fine-tune Accuracy: 0.527800

Epoch 40:
Source Train Loss: 0.000001
Source Train Accuracy: 1.000000
Target Fine-tune Loss: 1.865582
Target Fine-tune Accuracy: 0.536400

Please consider to run pre-processing before quantization. Refer to example: https://github.com/microsoft/onnxruntime-inference-examples/blob/main/quantization/image_classification/cpu/ReadMe.md 
Please consider pre-processing before quantization. See https://github.com/microsoft/onnxruntime-inference-examples/blob/main/quantization/image_classification/cpu/ReadMe.md 
Please consider to run pre-processing before quantization. Refer to example: https://github.com/microsoft/onnxruntime-inference-examples/blob/main/quantization/image_classification/cpu/ReadMe.md 
Please consider pre-processing before quantization. See https://github.com/microsoft/onnxruntime-inference-examples/blob/main/quantization/image_classification/cpu/ReadMe.md 
Compression summary saved to /root/workspace/MAML-Edge/deploy_artifacts/paper_balanced/domain/source023_target1/CNN_CWRU_FFT_5w5s5q_source023_target1_labels0123456789/compression_summary.json.

[return_code] 0
