
=== 2026-04-11T06:39:10+08:00 ===
$ /root/miniconda3/envs/fault_env/bin/python train.py --mode train --algorithm protonet --dataset CWRU --preprocess FFT --ways 5 --shots 10 --query_shots 10 --train_domains 0\,1\,2 --test_domain 3 --fault_labels 0\,1\,2\,3\,4\,5\,6\,7\,8\,9 --runtime_backend onnxruntime --enable_compression true --prune_ratio 0.4 --plot false --log true --cuda true --calibration_size 64 --enable_qat_recovery false --onnx_opset 17 --iters 400 --meta_batch_size 16 --train_task_num 100 --test_task_num 200 --compression_finetune_iters 80 --compression_meta_batch_size 8 --log_path /root/workspace/MAML-Edge/logs/paper_runs/balanced/seed/seed43/latest/logs/fft/protonet --seed 43 --checkpoint_path /root/workspace/MAML-Edge/checkpoints/paper_balanced/seed/seed43 --compression_output_path /root/workspace/MAML-Edge/deploy_artifacts/paper_balanced/seed/seed43 --deployment_label_sampling random_per_episode 
/root/miniconda3/envs/fault_env/lib/python3.9/site-packages/sklearn/utils/fixes.py:28: UserWarning: pkg_resources is deprecated as an API. See https://setuptools.pypa.io/en/latest/pkg_resources.html. The pkg_resources package is slated for removal as early as 2025-11-30. Refrain from using this package or pin to Setuptools<81.
  from pkg_resources import parse_version  # type: ignore
Gym has been unmaintained since 2022 and does not support NumPy 2.0 amongst other critical functionality.
Please upgrade to Gymnasium, the maintained drop-in replacement of Gym, or contact the authors of your software and request that they upgrade.
Users of this version of Gym should be able to simply replace 'import gym' with 'import gymnasium as gym' in the vast majority of cases.
See the migration guide at https://gymnasium.farama.org/introduction/migration_guide/ for additional information.
Experiment: ProtoNet_CWRU_FFT_5w10s10q_source012_target3_labels0123456789
Training ProtoNet with 1 GPU(s).
Training domains: [0, 1, 2].
Testing domain: 3.
Domain: 0, normalization: False, time_steps: 1024, overlap_ratio: 0.5.
Loading Data: fault type: 0, total num: 243938, sample num: 475
Data is shuffled using random seed: 42

Loading Data: fault type: 1, total num: 121265, sample num: 235
Data is shuffled using random seed: 42

Loading Data: fault type: 2, total num: 122571, sample num: 238
Data is shuffled using random seed: 42

Loading Data: fault type: 3, total num: 121991, sample num: 237
Data is shuffled using random seed: 42

Loading Data: fault type: 4, total num: 121846, sample num: 236
Data is shuffled using random seed: 42

Loading Data: fault type: 5, total num: 121846, sample num: 236
Data is shuffled using random seed: 42

Loading Data: fault type: 6, total num: 121846, sample num: 236
Data is shuffled using random seed: 42

Loading Data: fault type: 7, total num: 122136, sample num: 237
Data is shuffled using random seed: 42

Loading Data: fault type: 8, total num: 121991, sample num: 237
Data is shuffled using random seed: 42

Loading Data: fault type: 9, total num: 122426, sample num: 238
Data is shuffled using random seed: 42

Domain: 1, normalization: False, time_steps: 1024, overlap_ratio: 0.5.
Loading Data: fault type: 0, total num: 483903, sample num: 944
Data is shuffled using random seed: 42

Loading Data: fault type: 1, total num: 121991, sample num: 237
Data is shuffled using random seed: 42

Loading Data: fault type: 2, total num: 121410, sample num: 236
Data is shuffled using random seed: 42

Loading Data: fault type: 3, total num: 122426, sample num: 238
Data is shuffled using random seed: 42

Loading Data: fault type: 4, total num: 121846, sample num: 236
Data is shuffled using random seed: 42

Loading Data: fault type: 5, total num: 122136, sample num: 237
Data is shuffled using random seed: 42

Loading Data: fault type: 6, total num: 122136, sample num: 237
Data is shuffled using random seed: 42

Loading Data: fault type: 7, total num: 121556, sample num: 236
Data is shuffled using random seed: 42

Loading Data: fault type: 8, total num: 121701, sample num: 236
Data is shuffled using random seed: 42

Loading Data: fault type: 9, total num: 121991, sample num: 237
Data is shuffled using random seed: 42

Domain: 2, normalization: False, time_steps: 1024, overlap_ratio: 0.5.
Loading Data: fault type: 0, total num: 485063, sample num: 946
Data is shuffled using random seed: 42

Loading Data: fault type: 1, total num: 122136, sample num: 237
Data is shuffled using random seed: 42

Loading Data: fault type: 2, total num: 121556, sample num: 236
Data is shuffled using random seed: 42

Loading Data: fault type: 3, total num: 121410, sample num: 236
Data is shuffled using random seed: 42

Loading Data: fault type: 4, total num: 121846, sample num: 236
Data is shuffled using random seed: 42

Loading Data: fault type: 5, total num: 121991, sample num: 237
Data is shuffled using random seed: 42

Loading Data: fault type: 6, total num: 121846, sample num: 236
Data is shuffled using random seed: 42

Loading Data: fault type: 7, total num: 121846, sample num: 236
Data is shuffled using random seed: 42

Loading Data: fault type: 8, total num: 122136, sample num: 237
Data is shuffled using random seed: 42

Loading Data: fault type: 9, total num: 122281, sample num: 237
Data is shuffled using random seed: 42

Domain: 3, normalization: False, time_steps: 1024, overlap_ratio: 0.5.
Loading Data: fault type: 0, total num: 485643, sample num: 947
Data is shuffled using random seed: 42

Loading Data: fault type: 1, total num: 122917, sample num: 239
Data is shuffled using random seed: 42

Loading Data: fault type: 2, total num: 121556, sample num: 236
Data is shuffled using random seed: 42

Loading Data: fault type: 3, total num: 122571, sample num: 238
Data is shuffled using random seed: 42

Loading Data: fault type: 4, total num: 121701, sample num: 236
Data is shuffled using random seed: 42

Loading Data: fault type: 5, total num: 122136, sample num: 237
Data is shuffled using random seed: 42

Loading Data: fault type: 6, total num: 121991, sample num: 237
Data is shuffled using random seed: 42

Loading Data: fault type: 7, total num: 121991, sample num: 237
Data is shuffled using random seed: 42

Loading Data: fault type: 8, total num: 122136, sample num: 237
Data is shuffled using random seed: 42

Loading Data: fault type: 9, total num: 121991, sample num: 237
Data is shuffled using random seed: 42

Iteration 1:
Meta Train Results:
Meta Train Error: 1.3860429526737477.
Meta Train Accuracy: 0.9974999949336052.
Meta Test Results:
Meta Test Error: 0.8104864412546158.
Meta Test Accuracy: 0.9900999891757966.

Iteration 2:
Meta Train Results:
Meta Train Error: 0.18968781350857666.
Meta Train Accuracy: 0.9962499961256981.
Meta Test Results:
Meta Test Error: 0.016108210530396478.
Meta Test Accuracy: 0.9965999969840049.

Iteration 3:
Meta Train Results:
Meta Train Error: 0.7491541802883148.
Meta Train Accuracy: 0.9974999949336052.
Meta Test Results:
Meta Test Error: 0.27374121544969515.
Meta Test Accuracy: 0.9970999953150749.

Iteration 4:
Meta Train Results:
Meta Train Error: 0.10704601556062698.
Meta Train Accuracy: 0.9974999986588955.
Meta Test Results:
Meta Test Error: 0.18405908172858887.
Meta Test Accuracy: 0.9980999967455864.

Iteration 5:
Meta Train Results:
Meta Train Error: 0.20719856370240186.
Meta Train Accuracy: 0.9962499961256981.
Meta Test Results:
Meta Test Error: 0.5915813614289073.
Meta Test Accuracy: 0.9970999959111214.

Iteration 6:
Meta Train Results:
Meta Train Error: 0.02562042325735092.
Meta Train Accuracy: 0.9987499974668026.
Meta Test Results:
Meta Test Error: 0.7034728428145229.
Meta Test Accuracy: 0.9972999960184097.

Iteration 7:
Meta Train Results:
Meta Train Error: 0.007768018450587777.
Meta Train Accuracy: 0.9987499974668026.
Meta Test Results:
Meta Test Error: 0.18183762222204167.
Meta Test Accuracy: 0.9986999976634979.

Iteration 8:
Meta Train Results:
Meta Train Error: 0.010377378202974796.
Meta Train Accuracy: 0.9987499974668026.
Meta Test Results:
Meta Test Error: 0.17468952834606172.
Meta Test Accuracy: 0.9989999982714654.

Iteration 9:
Meta Train Results:
Meta Train Error: 0.1735794137303408.
Meta Train Accuracy: 0.9962499961256981.
Meta Test Results:
Meta Test Error: 0.1648901247989261.
Meta Test Accuracy: 0.9989999982714654.

Iteration 10:
Meta Train Results:
Meta Train Error: 0.0.
Meta Train Accuracy: 1.0.
Meta Test Results:
Meta Test Error: 0.27504721712312064.
Meta Test Accuracy: 0.9982999968528747.

Iteration 11:
Meta Train Results:
Meta Train Error: 0.08362217247486115.
Meta Train Accuracy: 0.9962499998509884.
Meta Test Results:
Meta Test Error: 0.24830453216691384.
Meta Test Accuracy: 0.9986999976634979.

Iteration 12:
Meta Train Results:
Meta Train Error: 0.028370676860213245.
Meta Train Accuracy: 0.9974999986588955.
Meta Test Results:
Meta Test Error: 0.4101833193594642.
Meta Test Accuracy: 0.9977999967336655.

Iteration 13:
Meta Train Results:
Meta Train Error: 1.4901152534108064e-09.
Meta Train Accuracy: 1.0.
Meta Test Results:
Meta Test Error: 0.12285060275346041.
Meta Test Accuracy: 0.9989999979734421.

Iteration 14:
Meta Train Results:
Meta Train Error: 0.08564361929893494.
Meta Train Accuracy: 0.9987499974668026.
Meta Test Results:
Meta Test Error: 0.2651490858499892.
Meta Test Accuracy: 0.9983999973535538.

Iteration 15:
Meta Train Results:
Meta Train Error: 0.0.
Meta Train Accuracy: 1.0.
Meta Test Results:
Meta Test Error: 0.27121543291807176.
Meta Test Accuracy: 0.9984999975562096.

Iteration 16:
Meta Train Results:
Meta Train Error: 2.8017045109685057e-05.
Meta Train Accuracy: 1.0.
Meta Test Results:
Meta Test Error: 0.21328367715264904.
Meta Test Accuracy: 0.9985999974608422.

Iteration 17:
Meta Train Results:
Meta Train Error: 0.016354106918442413.
Meta Train Accuracy: 0.9987499974668026.
Meta Test Results:
Meta Test Error: 0.09173682656844764.
Meta Test Accuracy: 0.9985999980568886.

Iteration 18:
Meta Train Results:
Meta Train Error: 0.0012995756696909666.
Meta Train Accuracy: 0.9987499974668026.
Meta Test Results:
Meta Test Error: 0.3333328890763923.
Meta Test Accuracy: 0.9973999965190887.

Iteration 19:
Meta Train Results:
Meta Train Error: 0.0.
Meta Train Accuracy: 1.0.
Meta Test Results:
Meta Test Error: 0.176023272821337.
Meta Test Accuracy: 0.9988999977707863.

Iteration 20:
Meta Train Results:
Meta Train Error: 6.366032783855502e-05.
Meta Train Accuracy: 1.0.
Meta Test Results:
Meta Test Error: 0.4774644953885727.
Meta Test Accuracy: 0.9980999976396561.

Iteration 21:
Meta Train Results:
Meta Train Error: 0.001156559563241899.
Meta Train Accuracy: 0.9987499974668026.
Meta Test Results:
Meta Test Error: 0.2232023699039118.
Meta Test Accuracy: 0.9983999970555305.

Iteration 22:
Meta Train Results:
Meta Train Error: 0.0.
Meta Train Accuracy: 1.0.
Meta Test Results:
Meta Test Error: 0.19156948674321175.
Meta Test Accuracy: 0.9988999980688095.

Iteration 23:
Meta Train Results:
Meta Train Error: 0.05825480400539665.
Meta Train Accuracy: 0.9974999986588955.
Meta Test Results:
Meta Test Error: 0.21850455127927945.
Meta Test Accuracy: 0.9991999986767769.

Iteration 24:
Meta Train Results:
Meta Train Error: 2.98023217215615e-10.
Meta Train Accuracy: 1.0.
Meta Test Results:
Meta Test Error: 0.5091767024566326.
Meta Test Accuracy: 0.9974999961256981.

Iteration 25:
Meta Train Results:
Meta Train Error: 5.21643559281415e-06.
Meta Train Accuracy: 1.0.
Meta Test Results:
Meta Test Error: 0.3586587429302554.
Meta Test Accuracy: 0.997899996638298.

Iteration 26:
Meta Train Results:
Meta Train Error: 0.07385649647221726.
Meta Train Accuracy: 0.9974999949336052.
Meta Test Results:
Meta Test Error: 0.349792114115771.
Meta Test Accuracy: 0.9985999974608422.

Iteration 27:
Meta Train Results:
Meta Train Error: 0.06393078311904787.
Meta Train Accuracy: 0.9962499961256981.
Meta Test Results:
Meta Test Error: 0.2680471563577629.
Meta Test Accuracy: 0.9986999979615212.

Iteration 28:
Meta Train Results:
Meta Train Error: 0.06614087400631519.
Meta Train Accuracy: 0.9974999949336052.
Meta Test Results:
Meta Test Error: 0.3536242003125272.
Meta Test Accuracy: 0.9979999965429306.

Iteration 29:
Meta Train Results:
Meta Train Error: 0.04043133928075804.
Meta Train Accuracy: 0.9974999949336052.
Meta Test Results:
Meta Test Error: 0.21226812716237475.
Meta Test Accuracy: 0.9985999974608422.

Iteration 30:
Meta Train Results:
Meta Train Error: 1.6146965280405823e-06.
Meta Train Accuracy: 1.0.
Meta Test Results:
Meta Test Error: 0.1838045224066423.
Meta Test Accuracy: 0.9987999978661537.

Iteration 31:
Meta Train Results:
Meta Train Error: 0.0.
Meta Train Accuracy: 1.0.
Meta Test Results:
Meta Test Error: 0.19330202527350188.
Meta Test Accuracy: 0.9987999984622001.

Iteration 32:
Meta Train Results:
Meta Train Error: 0.04213861715048539.
Meta Train Accuracy: 0.9974999949336052.
Meta Test Results:
Meta Test Error: 0.12882881660014392.
Meta Test Accuracy: 0.9985999989509583.

Iteration 33:
Meta Train Results:
Meta Train Error: 0.0007041375347824896.
Meta Train Accuracy: 1.0.
Meta Test Results:
Meta Test Error: 0.15367255269140004.
Meta Test Accuracy: 0.9988999977707863.

Iteration 34:
Meta Train Results:
Meta Train Error: 0.0.
Meta Train Accuracy: 1.0.
Meta Test Results:
Meta Test Error: 0.312790300223005.
Meta Test Accuracy: 0.9983999973535538.

Iteration 35:
Meta Train Results:
Meta Train Error: 0.018852892070968963.
Meta Train Accuracy: 0.9987499974668026.
Meta Test Results:
Meta Test Error: 0.2134125982763205.
Meta Test Accuracy: 0.9985999971628189.

Iteration 36:
Meta Train Results:
Meta Train Error: 0.009723088064611113.
Meta Train Accuracy: 0.9962499998509884.
Meta Test Results:
Meta Test Error: 0.08769108371153779.
Meta Test Accuracy: 0.9988999980688095.

Iteration 37:
Meta Train Results:
Meta Train Error: 0.0004474975612538401.
Meta Train Accuracy: 1.0.
Meta Test Results:
Meta Test Error: 0.13051981063928494.
Meta Test Accuracy: 0.9989999988675118.

Iteration 38:
Meta Train Results:
Meta Train Error: 4.991789381847411e-08.
Meta Train Accuracy: 1.0.
Meta Test Results:
Meta Test Error: 0.12932234949856738.
Meta Test Accuracy: 0.9985999977588653.

Iteration 39:
Meta Train Results:
Meta Train Error: 0.025419249141123146.
Meta Train Accuracy: 0.9987499974668026.
Meta Test Results:
Meta Test Error: 0.388178994995336.
Meta Test Accuracy: 0.9982999974489212.

Iteration 40:
Meta Train Results:
Meta Train Error: 2.2351731021608146e-09.
Meta Train Accuracy: 1.0.
Meta Test Results:
Meta Test Error: 0.21465788619916565.
Meta Test Accuracy: 0.998199996650219.

Iteration 41:
Meta Train Results:
Meta Train Error: 9.520245924932169e-06.
Meta Train Accuracy: 1.0.
Meta Test Results:
Meta Test Error: 0.2718502699015906.
Meta Test Accuracy: 0.9976999965310097.

Iteration 42:
Meta Train Results:
Meta Train Error: 0.0.
Meta Train Accuracy: 1.0.
Meta Test Results:
Meta Test Error: 0.2958424787514651.
Meta Test Accuracy: 0.9974999958276749.

Iteration 43:
Meta Train Results:
Meta Train Error: 1.06240783281919e-07.
Meta Train Accuracy: 1.0.
Meta Test Results:
Meta Test Error: 0.3661981025692063.
Meta Test Accuracy: 0.9973999962210656.

Iteration 44:
Meta Train Results:
Meta Train Error: 9.372654830031024e-08.
Meta Train Accuracy: 1.0.
Meta Test Results:
Meta Test Error: 0.4248574931513197.
Meta Test Accuracy: 0.9982999977469444.

Iteration 45:
Meta Train Results:
Meta Train Error: 0.02898300252854824.
Meta Train Accuracy: 0.9987499974668026.
Meta Test Results:
Meta Test Error: 0.20999809612035633.
Meta Test Accuracy: 0.9982999965548516.

Iteration 46:
Meta Train Results:
Meta Train Error: 0.0.
Meta Train Accuracy: 1.0.
Meta Test Results:
Meta Test Error: 0.26370370414501904.
Meta Test Accuracy: 0.9980999973416328.

Iteration 47:
Meta Train Results:
Meta Train Error: 0.0.
Meta Train Accuracy: 1.0.
Meta Test Results:
Meta Test Error: 0.1861441153943477.
Meta Test Accuracy: 0.9985999980568886.

Iteration 48:
Meta Train Results:
Meta Train Error: 0.0.
Meta Train Accuracy: 1.0.
Meta Test Results:
Meta Test Error: 0.09492422817379265.
Meta Test Accuracy: 0.999499998986721.

Iteration 49:
Meta Train Results:
Meta Train Error: 0.0.
Meta Train Accuracy: 1.0.
Meta Test Results:
Meta Test Error: 0.19312614460515762.
Meta Test Accuracy: 0.9986999982595444.

Iteration 50:
Meta Train Results:
Meta Train Error: 0.01622234657406807.
Meta Train Accuracy: 0.9987499974668026.
Meta Test Results:
Meta Test Error: 0.15189674426336963.
Meta Test Accuracy: 0.9984999978542328.

Iteration 51:
Meta Train Results:
Meta Train Error: 0.0.
Meta Train Accuracy: 1.0.
Meta Test Results:
Meta Test Error: 0.08719122591211548.
Meta Test Accuracy: 0.9989999979734421.

Iteration 52:
Meta Train Results:
Meta Train Error: 0.0.
Meta Train Accuracy: 1.0.
Meta Test Results:
Meta Test Error: 0.08127720887362956.
Meta Test Accuracy: 0.9990999984741211.

Iteration 53:
Meta Train Results:
Meta Train Error: 1.7136217778102036e-08.
Meta Train Accuracy: 1.0.
Meta Test Results:
Meta Test Error: 0.08504200806979129.
Meta Test Accuracy: 0.9991999983787536.

Iteration 54:
Meta Train Results:
Meta Train Error: 0.0.
Meta Train Accuracy: 1.0.
Meta Test Results:
Meta Test Error: 0.2354820230780956.
Meta Test Accuracy: 0.998799998164177.

Iteration 55:
Meta Train Results:
Meta Train Error: 0.0.
Meta Train Accuracy: 1.0.
Meta Test Results:
Meta Test Error: 0.026598530458286404.
Meta Test Accuracy: 0.9995999991893768.

Iteration 56:
Meta Train Results:
Meta Train Error: 6.227897301869234e-06.
Meta Train Accuracy: 1.0.
Meta Test Results:
Meta Test Error: 0.2009772363304981.
Meta Test Accuracy: 0.9991999992728233.

Iteration 57:
Meta Train Results:
Meta Train Error: 0.0.
Meta Train Accuracy: 1.0.
Meta Test Results:
Meta Test Error: 0.16935698963701726.
Meta Test Accuracy: 0.9986999979615212.

Iteration 58:
Meta Train Results:
Meta Train Error: 3.725284525302186e-09.
Meta Train Accuracy: 1.0.
Meta Test Results:
Meta Test Error: 0.06717721154688606.
Meta Test Accuracy: 0.9993999987840653.

Iteration 59:
Meta Train Results:
Meta Train Error: 0.009976129457353822.
Meta Train Accuracy: 0.9987499974668026.
Meta Test Results:
Meta Test Error: 0.36282898666560576.
Meta Test Accuracy: 0.9984999978542328.

Iteration 60:
Meta Train Results:
Meta Train Error: 0.0.
Meta Train Accuracy: 1.0.
Meta Test Results:
Meta Test Error: 0.1377412818863988.
Meta Test Accuracy: 0.9987999978661537.

Iteration 61:
Meta Train Results:
Meta Train Error: 7.450578487500081e-10.
Meta Train Accuracy: 1.0.
Meta Test Results:
Meta Test Error: 0.09176452628888374.
Meta Test Accuracy: 0.9994999992847443.

Iteration 62:
Meta Train Results:
Meta Train Error: 0.0.
Meta Train Accuracy: 1.0.
Meta Test Results:
Meta Test Error: 0.08663754993677038.
Meta Test Accuracy: 0.9994999995827675.

Iteration 63:
Meta Train Results:
Meta Train Error: 0.0005516997771337628.
Meta Train Accuracy: 1.0.
Meta Test Results:
Meta Test Error: 0.1458214221543254.
Meta Test Accuracy: 0.9985999971628189.

Iteration 64:
Meta Train Results:
Meta Train Error: 0.013992993510328233.
Meta Train Accuracy: 0.9974999949336052.
Meta Test Results:
Meta Test Error: 0.08420723012278813.
Meta Test Accuracy: 0.9993999987840653.

Iteration 65:
Meta Train Results:
Meta Train Error: 0.0.
Meta Train Accuracy: 1.0.
Meta Test Results:
Meta Test Error: 0.2934378818934667.
Meta Test Accuracy: 0.998299997150898.

Iteration 66:
Meta Train Results:
Meta Train Error: 0.0.
Meta Train Accuracy: 1.0.
Meta Test Results:
Meta Test Error: 0.4454483036910182.
Meta Test Accuracy: 0.9972999954223633.

Iteration 67:
Meta Train Results:
Meta Train Error: 0.0.
Meta Train Accuracy: 1.0.
Meta Test Results:
Meta Test Error: 0.05472069890786514.
Meta Test Accuracy: 0.9992999985814095.

Iteration 68:
Meta Train Results:
Meta Train Error: 0.0.
Meta Train Accuracy: 1.0.
Meta Test Results:
Meta Test Error: 0.17563402891159058.
Meta Test Accuracy: 0.9990999984741211.

Iteration 69:
Meta Train Results:
Meta Train Error: 0.04147447273135185.
Meta Train Accuracy: 0.9974999949336052.
Meta Test Results:
Meta Test Error: 0.14131789394915104.
Meta Test Accuracy: 0.9987999975681305.

Iteration 70:
Meta Train Results:
Meta Train Error: 0.0.
Meta Train Accuracy: 1.0.
Meta Test Results:
Meta Test Error: 0.13041643023490906.
Meta Test Accuracy: 0.9989999985694885.

Iteration 71:
Meta Train Results:
Meta Train Error: 7.450578487500081e-10.
Meta Train Accuracy: 1.0.
Meta Test Results:
Meta Test Error: 0.27833048105239866.
Meta Test Accuracy: 0.9986999982595444.

Iteration 72:
Meta Train Results:
Meta Train Error: 2.8651649586208805e-07.
Meta Train Accuracy: 1.0.
Meta Test Results:
Meta Test Error: 0.29680966142416.
Meta Test Accuracy: 0.9985999980568886.

Iteration 73:
Meta Train Results:
Meta Train Error: 0.0.
Meta Train Accuracy: 1.0.
Meta Test Results:
Meta Test Error: 0.23473610681868082.
Meta Test Accuracy: 0.998799998164177.

Iteration 74:
Meta Train Results:
Meta Train Error: 2.0861607996636167e-09.
Meta Train Accuracy: 1.0.
Meta Test Results:
Meta Test Error: 0.31622423431072383.
Meta Test Accuracy: 0.9983999976515769.

Iteration 75:
Meta Train Results:
Meta Train Error: 0.0.
Meta Train Accuracy: 1.0.
Meta Test Results:
Meta Test Error: 0.10194230517120957.
Meta Test Accuracy: 0.9991999983787536.

Iteration 76:
Meta Train Results:
Meta Train Error: 2.5253524565727048e-05.
Meta Train Accuracy: 1.0.
Meta Test Results:
Meta Test Error: 0.15767680080534774.
Meta Test Accuracy: 0.9991999986767769.

Iteration 77:
Meta Train Results:
Meta Train Error: 0.0.
Meta Train Accuracy: 1.0.
Meta Test Results:
Meta Test Error: 0.5679807432651518.
Meta Test Accuracy: 0.9974999964237213.

Iteration 78:
Meta Train Results:
Meta Train Error: 0.0.
Meta Train Accuracy: 1.0.
Meta Test Results:
Meta Test Error: 0.4174980025031138.
Meta Test Accuracy: 0.9980999964475632.

Iteration 79:
Meta Train Results:
Meta Train Error: 1.490116086078075e-10.
Meta Train Accuracy: 1.0.
Meta Test Results:
Meta Test Error: 0.13385757111012936.
Meta Test Accuracy: 0.9989999985694885.

Iteration 80:
Meta Train Results:
Meta Train Error: 0.0.
Meta Train Accuracy: 1.0.
Meta Test Results:
Meta Test Error: 0.16175939626991748.
Meta Test Accuracy: 0.9984999975562096.

Iteration 81:
Meta Train Results:
Meta Train Error: 0.0.
Meta Train Accuracy: 1.0.
Meta Test Results:
Meta Test Error: 0.21858600137340545.
Meta Test Accuracy: 0.9982999965548516.

Iteration 82:
Meta Train Results:
Meta Train Error: 0.0.
Meta Train Accuracy: 1.0.
Meta Test Results:
Meta Test Error: 0.20618911633789344.
Meta Test Accuracy: 0.9986999976634979.

Iteration 83:
Meta Train Results:
Meta Train Error: 0.0.
Meta Train Accuracy: 1.0.
Meta Test Results:
Meta Test Error: 0.2830481464028358.
Meta Test Accuracy: 0.9990999984741211.

Iteration 84:
Meta Train Results:
Meta Train Error: 0.0.
Meta Train Accuracy: 1.0.
Meta Test Results:
Meta Test Error: 0.2822358487332531.
Meta Test Accuracy: 0.9986999979615212.

Iteration 85:
Meta Train Results:
Meta Train Error: 0.0.
Meta Train Accuracy: 1.0.
Meta Test Results:
Meta Test Error: 0.6404307815857464.
Meta Test Accuracy: 0.9981999972462654.

Iteration 86:
Meta Train Results:
Meta Train Error: 0.06234619036316871.
Meta Train Accuracy: 0.9987499974668026.
Meta Test Results:
Meta Test Error: 0.2213161361197126.
Meta Test Accuracy: 0.9985999974608422.

Iteration 87:
Meta Train Results:
Meta Train Error: 0.0.
Meta Train Accuracy: 1.0.
Meta Test Results:
Meta Test Error: 0.20666738286614417.
Meta Test Accuracy: 0.9988999977707863.

Iteration 88:
Meta Train Results:
Meta Train Error: 0.0.
Meta Train Accuracy: 1.0.
Meta Test Results:
Meta Test Error: 0.06198468273505568.
Meta Test Accuracy: 0.9992999988794327.

Iteration 89:
Meta Train Results:
Meta Train Error: 0.0.
Meta Train Accuracy: 1.0.
Meta Test Results:
Meta Test Error: 0.12956424355506896.
Meta Test Accuracy: 0.9992999985814095.

Iteration 90:
Meta Train Results:
Meta Train Error: 0.0.
Meta Train Accuracy: 1.0.
Meta Test Results:
Meta Test Error: 0.28618714231213516.
Meta Test Accuracy: 0.9984999978542328.

Iteration 91:
Meta Train Results:
Meta Train Error: 4.4703479806784685e-10.
Meta Train Accuracy: 1.0.
Meta Test Results:
Meta Test Error: 0.07940499264504684.
Meta Test Accuracy: 0.9990999981760978.

Iteration 92:
Meta Train Results:
Meta Train Error: 0.0.
Meta Train Accuracy: 1.0.
Meta Test Results:
Meta Test Error: 0.09120543122291565.
Meta Test Accuracy: 0.9992999985814095.

Iteration 93:
Meta Train Results:
Meta Train Error: 0.014092576690018177.
Meta Train Accuracy: 0.9987499974668026.
Meta Test Results:
Meta Test Error: 0.35902511437740015.
Meta Test Accuracy: 0.998299997150898.

Iteration 94:
Meta Train Results:
Meta Train Error: 7.405483484035358e-05.
Meta Train Accuracy: 1.0.
Meta Test Results:
Meta Test Error: 0.00863678065863752.
Meta Test Accuracy: 0.9997999995946885.

Iteration 95:
Meta Train Results:
Meta Train Error: 0.0.
Meta Train Accuracy: 1.0.
Meta Test Results:
Meta Test Error: 0.14035691386461255.
Meta Test Accuracy: 0.9990999987721443.

Iteration 96:
Meta Train Results:
Meta Train Error: 0.0.
Meta Train Accuracy: 1.0.
Meta Test Results:
Meta Test Error: 0.20262611824755367.
Meta Test Accuracy: 0.998799998164177.

Iteration 97:
Meta Train Results:
Meta Train Error: 3.516627755661972e-08.
Meta Train Accuracy: 1.0.
Meta Test Results:
Meta Test Error: 0.1355791972756375.
Meta Test Accuracy: 0.9992999985814095.

Iteration 98:
Meta Train Results:
Meta Train Error: 0.00039756187658213094.
Meta Train Accuracy: 1.0.
Meta Test Results:
Meta Test Error: 0.16612666314737112.
Meta Test Accuracy: 0.9991999986767769.

Iteration 99:
Meta Train Results:
Meta Train Error: 0.0.
Meta Train Accuracy: 1.0.
Meta Test Results:
Meta Test Error: 0.29413704247437183.
Meta Test Accuracy: 0.998799998164177.

Iteration 100:
Meta Train Results:
Meta Train Error: 0.0.
Meta Train Accuracy: 1.0.
Meta Test Results:
Meta Test Error: 0.1349385529756546.
Meta Test Accuracy: 0.9991999983787536.

Iteration 101:
Meta Train Results:
Meta Train Error: 0.0.
Meta Train Accuracy: 1.0.
Meta Test Results:
Meta Test Error: 0.05017111487686634.
Meta Test Accuracy: 0.9993999987840653.

Iteration 102:
Meta Train Results:
Meta Train Error: 0.014000310708070174.
Meta Train Accuracy: 0.9987499974668026.
Meta Test Results:
Meta Test Error: 0.012381208874285222.
Meta Test Accuracy: 0.999499998986721.

Iteration 103:
Meta Train Results:
Meta Train Error: 8.493643344209545e-09.
Meta Train Accuracy: 1.0.
Meta Test Results:
Meta Test Error: 0.04836509466171265.
Meta Test Accuracy: 0.9997999995946885.

Iteration 104:
Meta Train Results:
Meta Train Error: 0.008906619623303413.
Meta Train Accuracy: 0.9987499974668026.
Meta Test Results:
Meta Test Error: 0.0.
Meta Test Accuracy: 1.0.

Iteration 105:
Meta Train Results:
Meta Train Error: 3.23167887472664e-06.
Meta Train Accuracy: 1.0.
Meta Test Results:
Meta Test Error: 0.11185001313686371.
Meta Test Accuracy: 0.9992999988794327.

Iteration 106:
Meta Train Results:
Meta Train Error: 0.0.
Meta Train Accuracy: 1.0.
Meta Test Results:
Meta Test Error: 0.18221702241301466.
Meta Test Accuracy: 0.9993999990820884.

Iteration 107:
Meta Train Results:
Meta Train Error: 0.0.
Meta Train Accuracy: 1.0.
Meta Test Results:
Meta Test Error: 0.017768821288645178.
Meta Test Accuracy: 0.999499998986721.

Iteration 108:
Meta Train Results:
Meta Train Error: 0.0.
Meta Train Accuracy: 1.0.
Meta Test Results:
Meta Test Error: 0.04475066113009234.
Meta Test Accuracy: 0.9995999991893768.

Iteration 109:
Meta Train Results:
Meta Train Error: 0.0.
Meta Train Accuracy: 1.0.
Meta Test Results:
Meta Test Error: 0.012758825197815895.
Meta Test Accuracy: 0.9995999994874001.

Iteration 110:
Meta Train Results:
Meta Train Error: 0.0.
Meta Train Accuracy: 1.0.
Meta Test Results:
Meta Test Error: 0.15189429149031639.
Meta Test Accuracy: 0.9990999984741211.

Iteration 111:
Meta Train Results:
Meta Train Error: 0.0.
Meta Train Accuracy: 1.0.
Meta Test Results:
Meta Test Error: 0.040202373452484605.
Meta Test Accuracy: 0.9995999991893768.

Iteration 112:
Meta Train Results:
Meta Train Error: 0.0.
Meta Train Accuracy: 1.0.
Meta Test Results:
Meta Test Error: 0.2750579485297203.
Meta Test Accuracy: 0.9984999975562096.

Iteration 113:
Meta Train Results:
Meta Train Error: 5.215395670887801e-09.
Meta Train Accuracy: 1.0.
Meta Test Results:
Meta Test Error: 0.12319673964972537.
Meta Test Accuracy: 0.9991999986767769.

Iteration 114:
Meta Train Results:
Meta Train Error: 0.0.
Meta Train Accuracy: 1.0.
Meta Test Results:
Meta Test Error: 0.08876665149703473.
Meta Test Accuracy: 0.9989999982714654.

Iteration 115:
Meta Train Results:
Meta Train Error: 1.7136217778102036e-08.
Meta Train Accuracy: 1.0.
Meta Test Results:
Meta Test Error: 0.028011707961559294.
Meta Test Accuracy: 0.9993999990820884.

Iteration 116:
Meta Train Results:
Meta Train Error: 1.4156022132283397e-08.
Meta Train Accuracy: 1.0.
Meta Test Results:
Meta Test Error: 0.05617570698261261.
Meta Test Accuracy: 0.9995999991893768.

Iteration 117:
Meta Train Results:
Meta Train Error: 0.00030821627582344746.
Meta Train Accuracy: 1.0.
Meta Test Results:
Meta Test Error: 0.2296155933499287.
Meta Test Accuracy: 0.9993999990820884.

Iteration 118:
Meta Train Results:
Meta Train Error: 9.089675678808362e-09.
Meta Train Accuracy: 1.0.
Meta Test Results:
Meta Test Error: 0.06364840741482826.
Meta Test Accuracy: 0.9993999990820884.

Iteration 119:
Meta Train Results:
Meta Train Error: 4.6976956582511775e-06.
Meta Train Accuracy: 1.0.
Meta Test Results:
Meta Test Error: 0.03234883860684931.
Meta Test Accuracy: 0.999499998986721.

Iteration 120:
Meta Train Results:
Meta Train Error: 0.00011986089521087706.
Meta Train Accuracy: 1.0.
Meta Test Results:
Meta Test Error: 0.05178000010550022.
Meta Test Accuracy: 0.9995999991893768.

Iteration 121:
Meta Train Results:
Meta Train Error: 0.0.
Meta Train Accuracy: 1.0.
Meta Test Results:
Meta Test Error: 0.07338381875306368.
Meta Test Accuracy: 0.9992999985814095.

Iteration 122:
Meta Train Results:
Meta Train Error: 0.0.
Meta Train Accuracy: 1.0.
Meta Test Results:
Meta Test Error: 0.09537016786634922.
Meta Test Accuracy: 0.9992999988794327.

Iteration 123:
Meta Train Results:
Meta Train Error: 0.0.
Meta Train Accuracy: 1.0.
Meta Test Results:
Meta Test Error: 0.2036253473162651.
Meta Test Accuracy: 0.9989999988675118.

Iteration 124:
Meta Train Results:
Meta Train Error: 0.0.
Meta Train Accuracy: 1.0.
Meta Test Results:
Meta Test Error: 0.14338348809629678.
Meta Test Accuracy: 0.9989999982714654.

Iteration 125:
Meta Train Results:
Meta Train Error: 0.0011266148649156094.
Meta Train Accuracy: 0.9987499974668026.
Meta Test Results:
Meta Test Error: 0.13343905807589182.
Meta Test Accuracy: 0.9988999980688095.

Iteration 126:
Meta Train Results:
Meta Train Error: 4.083690782863414e-06.
Meta Train Accuracy: 1.0.
Meta Test Results:
Meta Test Error: 0.17630005032261098.
Meta Test Accuracy: 0.9985999974608422.

Iteration 127:
Meta Train Results:
Meta Train Error: 0.027409439906477928.
Meta Train Accuracy: 0.9987499974668026.
Meta Test Results:
Meta Test Error: 0.09899650871753693.
Meta Test Accuracy: 0.9989999982714654.

Iteration 128:
Meta Train Results:
Meta Train Error: 4.4703477031227123e-10.
Meta Train Accuracy: 1.0.
Meta Test Results:
Meta Test Error: 0.13082106735259258.
Meta Test Accuracy: 0.9993999987840653.

Iteration 129:
Meta Train Results:
Meta Train Error: 7.360956999491464e-08.
Meta Train Accuracy: 1.0.
Meta Test Results:
Meta Test Error: 0.08747946172952652.
Meta Test Accuracy: 0.9991999986767769.

Iteration 130:
Meta Train Results:
Meta Train Error: 2.5227207061107038e-06.
Meta Train Accuracy: 1.0.
Meta Test Results:
Meta Test Error: 0.1330619651079178.
Meta Test Accuracy: 0.9991999986767769.

Iteration 131:
Meta Train Results:
Meta Train Error: 1.1920923137509476e-09.
Meta Train Accuracy: 1.0.
Meta Test Results:
Meta Test Error: 0.07705997064709663.
Meta Test Accuracy: 0.9993999987840653.

Iteration 132:
Meta Train Results:
Meta Train Error: 0.0.
Meta Train Accuracy: 1.0.
Meta Test Results:
Meta Test Error: 0.11903197556734085.
Meta Test Accuracy: 0.9988999980688095.

Iteration 133:
Meta Train Results:
Meta Train Error: 0.0.
Meta Train Accuracy: 1.0.
Meta Test Results:
Meta Test Error: 0.019828802049160002.
Meta Test Accuracy: 0.9995999991893768.

Iteration 134:
Meta Train Results:
Meta Train Error: 0.0028595692988346855.
Meta Train Accuracy: 0.9987499974668026.
Meta Test Results:
Meta Test Error: 0.06666246846318245.
Meta Test Accuracy: 0.9993999990820884.

Iteration 135:
Meta Train Results:
Meta Train Error: 0.0.
Meta Train Accuracy: 1.0.
Meta Test Results:
Meta Test Error: 0.06540955305099487.
Meta Test Accuracy: 0.9994999992847443.

Iteration 136:
Meta Train Results:
Meta Train Error: 0.0.
Meta Train Accuracy: 1.0.
Meta Test Results:
Meta Test Error: 0.10130524905920028.
Meta Test Accuracy: 0.9990999990701676.

Iteration 137:
Meta Train Results:
Meta Train Error: 0.0.
Meta Train Accuracy: 1.0.
Meta Test Results:
Meta Test Error: 0.06470569837250796.
Meta Test Accuracy: 0.9991999986767769.

Iteration 138:
Meta Train Results:
Meta Train Error: 0.0.
Meta Train Accuracy: 1.0.
Meta Test Results:
Meta Test Error: 0.08033163599076942.
Meta Test Accuracy: 0.9993999987840653.

Iteration 139:
Meta Train Results:
Meta Train Error: 8.94066612411315e-09.
Meta Train Accuracy: 1.0.
Meta Test Results:
Meta Test Error: 0.07233933314681053.
Meta Test Accuracy: 0.9990999984741211.

Iteration 140:
Meta Train Results:
Meta Train Error: 0.0.
Meta Train Accuracy: 1.0.
Meta Test Results:
Meta Test Error: 0.09759393113995884.
Meta Test Accuracy: 0.9995999991893768.

Iteration 141:
Meta Train Results:
Meta Train Error: 0.0.
Meta Train Accuracy: 1.0.
Meta Test Results:
Meta Test Error: 0.07679555786077003.
Meta Test Accuracy: 0.9995999994874001.

Iteration 142:
Meta Train Results:
Meta Train Error: 3.5197379020246444e-06.
Meta Train Accuracy: 1.0.
Meta Test Results:
Meta Test Error: 0.10011180072024523.
Meta Test Accuracy: 0.9991999986767769.

Iteration 143:
Meta Train Results:
Meta Train Error: 0.0.
Meta Train Accuracy: 1.0.
Meta Test Results:
Meta Test Error: 0.14384973691455344.
Meta Test Accuracy: 0.9993999987840653.

Iteration 144:
Meta Train Results:
Meta Train Error: 0.0.
Meta Train Accuracy: 1.0.
Meta Test Results:
Meta Test Error: 0.07269978919029164.
Meta Test Accuracy: 0.9989999982714654.

Iteration 145:
Meta Train Results:
Meta Train Error: 0.0.
Meta Train Accuracy: 1.0.
Meta Test Results:
Meta Test Error: 0.0521079402056057.
Meta Test Accuracy: 0.999499998986721.

Iteration 146:
Meta Train Results:
Meta Train Error: 4.810659925136296e-07.
Meta Train Accuracy: 1.0.
Meta Test Results:
Meta Test Error: 0.12980136998929084.
Meta Test Accuracy: 0.9991999983787536.

Iteration 147:
Meta Train Results:
Meta Train Error: 0.0.
Meta Train Accuracy: 1.0.
Meta Test Results:
Meta Test Error: 0.06642819910744438.
Meta Test Accuracy: 0.9992999985814095.

Iteration 148:
Meta Train Results:
Meta Train Error: 0.0.
Meta Train Accuracy: 1.0.
Meta Test Results:
Meta Test Error: 0.07987424403429032.
Meta Test Accuracy: 0.9996999996900559.

Iteration 149:
Meta Train Results:
Meta Train Error: 4.596801972844844e-06.
Meta Train Accuracy: 1.0.
Meta Test Results:
Meta Test Error: 0.10118130047223531.
Meta Test Accuracy: 0.9990999987721443.

Iteration 150:
Meta Train Results:
Meta Train Error: 0.0.
Meta Train Accuracy: 1.0.
Meta Test Results:
Meta Test Error: 0.14371217713705847.
Meta Test Accuracy: 0.9991999989748002.

Iteration 151:
Meta Train Results:
Meta Train Error: 0.0.
Meta Train Accuracy: 1.0.
Meta Test Results:
Meta Test Error: 0.21884143533536413.
Meta Test Accuracy: 0.9990999981760978.

Iteration 152:
Meta Train Results:
Meta Train Error: 0.0.
Meta Train Accuracy: 1.0.
Meta Test Results:
Meta Test Error: 0.07139352321624756.
Meta Test Accuracy: 0.9992999985814095.

Iteration 153:
Meta Train Results:
Meta Train Error: 0.0.
Meta Train Accuracy: 1.0.
Meta Test Results:
Meta Test Error: 0.1394908065468073.
Meta Test Accuracy: 0.9989999979734421.

Iteration 154:
Meta Train Results:
Meta Train Error: 0.0.
Meta Train Accuracy: 1.0.
Meta Test Results:
Meta Test Error: 0.03687684329748153.
Meta Test Accuracy: 0.9996999993920326.

Iteration 155:
Meta Train Results:
Meta Train Error: 0.0.
Meta Train Accuracy: 1.0.
Meta Test Results:
Meta Test Error: 0.13104568883776666.
Meta Test Accuracy: 0.9986999976634979.

Iteration 156:
Meta Train Results:
Meta Train Error: 4.4703477031227123e-10.
Meta Train Accuracy: 1.0.
Meta Test Results:
Meta Test Error: 0.0944434364140016.
Meta Test Accuracy: 0.9996999993920326.

Iteration 157:
Meta Train Results:
Meta Train Error: 0.0.
Meta Train Accuracy: 1.0.
Meta Test Results:
Meta Test Error: 0.03718236654996872.
Meta Test Accuracy: 0.9995999994874001.

Iteration 158:
Meta Train Results:
Meta Train Error: 0.0.
Meta Train Accuracy: 1.0.
Meta Test Results:
Meta Test Error: 0.04193834087284976.
Meta Test Accuracy: 0.9993999987840653.

Iteration 159:
Meta Train Results:
Meta Train Error: 0.0.
Meta Train Accuracy: 1.0.
Meta Test Results:
Meta Test Error: 0.01889507670238345.
Meta Test Accuracy: 0.9996999993920326.

Iteration 160:
Meta Train Results:
Meta Train Error: 8.940693740910888e-10.
Meta Train Accuracy: 1.0.
Meta Test Results:
Meta Test Error: 0.06119770561456679.
Meta Test Accuracy: 0.999499998986721.

Iteration 161:
Meta Train Results:
Meta Train Error: 0.0.
Meta Train Accuracy: 1.0.
Meta Test Results:
Meta Test Error: 0.09937213526368142.
Meta Test Accuracy: 0.9993999987840653.

Iteration 162:
Meta Train Results:
Meta Train Error: 0.0.
Meta Train Accuracy: 1.0.
Meta Test Results:
Meta Test Error: 0.037025537708400724.
Meta Test Accuracy: 0.999499998986721.

Iteration 163:
Meta Train Results:
Meta Train Error: 1.0430808439210182e-09.
Meta Train Accuracy: 1.0.
Meta Test Results:
Meta Test Error: 0.06306907884776593.
Meta Test Accuracy: 0.9996999993920326.

Iteration 164:
Meta Train Results:
Meta Train Error: 7.450578487500081e-10.
Meta Train Accuracy: 1.0.
Meta Test Results:
Meta Test Error: 0.10437146067619324.
Meta Test Accuracy: 0.9995999991893768.

Iteration 165:
Meta Train Results:
Meta Train Error: 0.0.
Meta Train Accuracy: 1.0.
Meta Test Results:
Meta Test Error: 0.008042370688915253.
Meta Test Accuracy: 0.9998999997973442.

Iteration 166:
Meta Train Results:
Meta Train Error: 0.0.
Meta Train Accuracy: 1.0.
Meta Test Results:
Meta Test Error: 0.07407984156754481.
Meta Test Accuracy: 0.9991999983787536.

Iteration 167:
Meta Train Results:
Meta Train Error: 0.0.
Meta Train Accuracy: 1.0.
Meta Test Results:
Meta Test Error: 0.03662567263585515.
Meta Test Accuracy: 0.9996999993920326.

Iteration 168:
Meta Train Results:
Meta Train Error: 3.874296439221325e-09.
Meta Train Accuracy: 1.0.
Meta Test Results:
Meta Test Error: 0.04673587501049042.
Meta Test Accuracy: 0.9995999991893768.

Iteration 169:
Meta Train Results:
Meta Train Error: 1.1920923137509476e-09.
Meta Train Accuracy: 1.0.
Meta Test Results:
Meta Test Error: 0.12168342471122742.
Meta Test Accuracy: 0.9990999990701676.

Iteration 170:
Meta Train Results:
Meta Train Error: 3.8011633023415925e-06.
Meta Train Accuracy: 1.0.
Meta Test Results:
Meta Test Error: 0.016581068840622812.
Meta Test Accuracy: 0.9995999991893768.

Iteration 171:
Meta Train Results:
Meta Train Error: 4.172318490702764e-09.
Meta Train Accuracy: 1.0.
Meta Test Results:
Meta Test Error: 0.1412030054681003.
Meta Test Accuracy: 0.9990999981760978.

Iteration 172:
Meta Train Results:
Meta Train Error: 4.470341569140501e-09.
Meta Train Accuracy: 1.0.
Meta Test Results:
Meta Test Error: 0.0874099561572075.
Meta Test Accuracy: 0.9993999987840653.

Iteration 173:
Meta Train Results:
Meta Train Error: 0.0.
Meta Train Accuracy: 1.0.
Meta Test Results:
Meta Test Error: 0.15294718613028524.
Meta Test Accuracy: 0.9990999984741211.

Iteration 174:
Meta Train Results:
Meta Train Error: 0.0.
Meta Train Accuracy: 1.0.
Meta Test Results:
Meta Test Error: 0.034787336354220315.
Meta Test Accuracy: 0.9995999991893768.

Iteration 175:
Meta Train Results:
Meta Train Error: 0.0.
Meta Train Accuracy: 1.0.
Meta Test Results:
Meta Test Error: 0.164194670682773.
Meta Test Accuracy: 0.9987999984622001.

Iteration 176:
Meta Train Results:
Meta Train Error: 4.619352012014133e-09.
Meta Train Accuracy: 1.0.
Meta Test Results:
Meta Test Error: 0.05146465450525284.
Meta Test Accuracy: 0.9993999987840653.

Iteration 177:
Meta Train Results:
Meta Train Error: 0.0.
Meta Train Accuracy: 1.0.
Meta Test Results:
Meta Test Error: 0.11024090942096336.
Meta Test Accuracy: 0.9994999992847443.

Iteration 178:
Meta Train Results:
Meta Train Error: 0.0.
Meta Train Accuracy: 1.0.
Meta Test Results:
Meta Test Error: 0.12332503873156384.
Meta Test Accuracy: 0.9987999978661537.

Iteration 179:
Meta Train Results:
Meta Train Error: 0.0.
Meta Train Accuracy: 1.0.
Meta Test Results:
Meta Test Error: 0.18137797027826308.
Meta Test Accuracy: 0.9990999990701676.

Iteration 180:
Meta Train Results:
Meta Train Error: 0.0.
Meta Train Accuracy: 1.0.
Meta Test Results:
Meta Test Error: 0.10821642833761694.
Meta Test Accuracy: 0.9990999984741211.

Iteration 181:
Meta Train Results:
Meta Train Error: 4.064233962708386e-06.
Meta Train Accuracy: 1.0.
Meta Test Results:
Meta Test Error: 0.15461548146005127.
Meta Test Accuracy: 0.9993999990820884.

Iteration 182:
Meta Train Results:
Meta Train Error: 0.0.
Meta Train Accuracy: 1.0.
Meta Test Results:
Meta Test Error: 0.07533748399018997.
Meta Test Accuracy: 0.9993999987840653.

Iteration 183:
Meta Train Results:
Meta Train Error: 0.0.
Meta Train Accuracy: 1.0.
Meta Test Results:
Meta Test Error: 0.24830836849083426.
Meta Test Accuracy: 0.9990999987721443.

Iteration 184:
Meta Train Results:
Meta Train Error: 0.0.
Meta Train Accuracy: 1.0.
Meta Test Results:
Meta Test Error: 0.17654112382036913.
Meta Test Accuracy: 0.998999999165535.

Iteration 185:
Meta Train Results:
Meta Train Error: 0.0.
Meta Train Accuracy: 1.0.
Meta Test Results:
Meta Test Error: 0.09261841982603074.
Meta Test Accuracy: 0.9991999986767769.

Iteration 186:
Meta Train Results:
Meta Train Error: 4.638814061763696e-06.
Meta Train Accuracy: 1.0.
Meta Test Results:
Meta Test Error: 0.0014863285258412007.
Meta Test Accuracy: 0.9997999995946885.

Iteration 187:
Meta Train Results:
Meta Train Error: 0.0.
Meta Train Accuracy: 1.0.
Meta Test Results:
Meta Test Error: 0.09526274017908122.
Meta Test Accuracy: 0.9993999987840653.

Iteration 188:
Meta Train Results:
Meta Train Error: 0.0.
Meta Train Accuracy: 1.0.
Meta Test Results:
Meta Test Error: 0.015055621200799906.
Meta Test Accuracy: 0.9995999991893768.

Iteration 189:
Meta Train Results:
Meta Train Error: 4.229367277730489e-06.
Meta Train Accuracy: 1.0.
Meta Test Results:
Meta Test Error: 0.06996266798377036.
Meta Test Accuracy: 0.9993999987840653.

Iteration 190:
Meta Train Results:
Meta Train Error: 1.162288543188339e-08.
Meta Train Accuracy: 1.0.
Meta Test Results:
Meta Test Error: 0.01673758729425572.
Meta Test Accuracy: 0.9996999996900559.

Iteration 191:
Meta Train Results:
Meta Train Error: 0.0.
Meta Train Accuracy: 1.0.
Meta Test Results:
Meta Test Error: 0.04202933947023666.
Meta Test Accuracy: 0.9995999991893768.

Iteration 192:
Meta Train Results:
Meta Train Error: 0.0.
Meta Train Accuracy: 1.0.
Meta Test Results:
Meta Test Error: 0.12561424285173417.
Meta Test Accuracy: 0.9992999991774559.

Iteration 193:
Meta Train Results:
Meta Train Error: 0.0.
Meta Train Accuracy: 1.0.
Meta Test Results:
Meta Test Error: 0.2191228422624556.
Meta Test Accuracy: 0.9985999980568886.

Iteration 194:
Meta Train Results:
Meta Train Error: 0.0.
Meta Train Accuracy: 1.0.
Meta Test Results:
Meta Test Error: 0.13295394361019133.
Meta Test Accuracy: 0.9992999991774559.

Iteration 195:
Meta Train Results:
Meta Train Error: 0.0.
Meta Train Accuracy: 1.0.
Meta Test Results:
Meta Test Error: 0.10542496482753196.
Meta Test Accuracy: 0.9991999989748002.

Iteration 196:
Meta Train Results:
Meta Train Error: 3.217694256818504e-06.
Meta Train Accuracy: 1.0.
Meta Test Results:
Meta Test Error: 0.07211639197543264.
Meta Test Accuracy: 0.9993999987840653.

Iteration 197:
Meta Train Results:
Meta Train Error: 0.0.
Meta Train Accuracy: 1.0.
Meta Test Results:
Meta Test Error: 0.21404077153711115.
Meta Test Accuracy: 0.9986999982595444.

Iteration 198:
Meta Train Results:
Meta Train Error: 3.5264497816323015e-06.
Meta Train Accuracy: 1.0.
Meta Test Results:
Meta Test Error: 0.07278451292663665.
Meta Test Accuracy: 0.9993999987840653.

Iteration 199:
Meta Train Results:
Meta Train Error: 1.490116086078075e-10.
Meta Train Accuracy: 1.0.
Meta Test Results:
Meta Test Error: 0.09855368556275353.
Meta Test Accuracy: 0.9993999987840653.

Iteration 200:
Meta Train Results:
Meta Train Error: 0.0.
Meta Train Accuracy: 1.0.
Meta Test Results:
Meta Test Error: 0.11210477482527495.
Meta Test Accuracy: 0.9990999987721443.

Iteration 201:
Meta Train Results:
Meta Train Error: 0.0.
Meta Train Accuracy: 1.0.
Meta Test Results:
Meta Test Error: 0.12108576126396656.
Meta Test Accuracy: 0.9988999980688095.

Iteration 202:
Meta Train Results:
Meta Train Error: 0.0.
Meta Train Accuracy: 1.0.
Meta Test Results:
Meta Test Error: 0.01277729943394661.
Meta Test Accuracy: 0.9995999991893768.

Iteration 203:
Meta Train Results:
Meta Train Error: 0.0.
Meta Train Accuracy: 1.0.
Meta Test Results:
Meta Test Error: 0.3274088379740715.
Meta Test Accuracy: 0.9988999980688095.

Iteration 204:
Meta Train Results:
Meta Train Error: 0.0.
Meta Train Accuracy: 1.0.
Meta Test Results:
Meta Test Error: 0.033152969670235566.
Meta Test Accuracy: 0.999499998986721.

Iteration 205:
Meta Train Results:
Meta Train Error: 0.0.
Meta Train Accuracy: 1.0.
Meta Test Results:
Meta Test Error: 0.1553713431651704.
Meta Test Accuracy: 0.9992999985814095.

Iteration 206:
Meta Train Results:
Meta Train Error: 0.0.
Meta Train Accuracy: 1.0.
Meta Test Results:
Meta Test Error: 0.08957027211785316.
Meta Test Accuracy: 0.9991999986767769.

Iteration 207:
Meta Train Results:
Meta Train Error: 0.0.
Meta Train Accuracy: 1.0.
Meta Test Results:
Meta Test Error: 0.12724182814359664.
Meta Test Accuracy: 0.9990999987721443.

Iteration 208:
Meta Train Results:
Meta Train Error: 0.0.
Meta Train Accuracy: 1.0.
Meta Test Results:
Meta Test Error: 0.11907632816582918.
Meta Test Accuracy: 0.9992999988794327.

Iteration 209:
Meta Train Results:
Meta Train Error: 2.2235478809307097e-06.
Meta Train Accuracy: 1.0.
Meta Test Results:
Meta Test Error: 0.12202899755239485.
Meta Test Accuracy: 0.9992999988794327.

Iteration 210:
Meta Train Results:
Meta Train Error: 0.0.
Meta Train Accuracy: 1.0.
Meta Test Results:
Meta Test Error: 0.20002803087234497.
Meta Test Accuracy: 0.9989999979734421.

Iteration 211:
Meta Train Results:
Meta Train Error: 0.0.
Meta Train Accuracy: 1.0.
Meta Test Results:
Meta Test Error: 0.04919643913912296.
Meta Test Accuracy: 0.9991999983787536.

Iteration 212:
Meta Train Results:
Meta Train Error: 0.0.
Meta Train Accuracy: 1.0.
Meta Test Results:
Meta Test Error: 0.028387755769491055.
Meta Test Accuracy: 0.9995999991893768.

Iteration 213:
Meta Train Results:
Meta Train Error: 0.0.
Meta Train Accuracy: 1.0.
Meta Test Results:
Meta Test Error: 0.1108769643070218.
Meta Test Accuracy: 0.9989999979734421.

Iteration 214:
Meta Train Results:
Meta Train Error: 0.0.
Meta Train Accuracy: 1.0.
Meta Test Results:
Meta Test Error: 0.20281807093505794.
Meta Test Accuracy: 0.9990999984741211.

Iteration 215:
Meta Train Results:
Meta Train Error: 0.0.
Meta Train Accuracy: 1.0.
Meta Test Results:
Meta Test Error: 0.040513916051386725.
Meta Test Accuracy: 0.9996999993920326.

Iteration 216:
Meta Train Results:
Meta Train Error: 0.0.
Meta Train Accuracy: 1.0.
Meta Test Results:
Meta Test Error: 0.1030371803069427.
Meta Test Accuracy: 0.9992999988794327.

Iteration 217:
Meta Train Results:
Meta Train Error: 0.0.
Meta Train Accuracy: 1.0.
Meta Test Results:
Meta Test Error: 0.09891339898109436.
Meta Test Accuracy: 0.9990999984741211.

Iteration 218:
Meta Train Results:
Meta Train Error: 1.736694684950635e-05.
Meta Train Accuracy: 1.0.
Meta Test Results:
Meta Test Error: 0.06817694281595266.
Meta Test Accuracy: 0.9993999987840653.

Iteration 219:
Meta Train Results:
Meta Train Error: 0.0.
Meta Train Accuracy: 1.0.
Meta Test Results:
Meta Test Error: 0.23180678842961785.
Meta Test Accuracy: 0.9985999980568886.

Iteration 220:
Meta Train Results:
Meta Train Error: 0.0.
Meta Train Accuracy: 1.0.
Meta Test Results:
Meta Test Error: 0.15163405867815016.
Meta Test Accuracy: 0.9992999985814095.

Iteration 221:
Meta Train Results:
Meta Train Error: 0.0.
Meta Train Accuracy: 1.0.
Meta Test Results:
Meta Test Error: 0.06798615378724093.
Meta Test Accuracy: 0.9995999991893768.

Iteration 222:
Meta Train Results:
Meta Train Error: 0.0.
Meta Train Accuracy: 1.0.
Meta Test Results:
Meta Test Error: 0.001311187893152237.
Meta Test Accuracy: 0.9998999997973442.

Iteration 223:
Meta Train Results:
Meta Train Error: 0.0.
Meta Train Accuracy: 1.0.
Meta Test Results:
Meta Test Error: 0.13996265935630617.
Meta Test Accuracy: 0.9988999983668327.

Iteration 224:
Meta Train Results:
Meta Train Error: 0.0.
Meta Train Accuracy: 1.0.
Meta Test Results:
Meta Test Error: 0.07319066205024648.
Meta Test Accuracy: 0.9994999992847443.

Iteration 225:
Meta Train Results:
Meta Train Error: 0.0.
Meta Train Accuracy: 1.0.
Meta Test Results:
Meta Test Error: 0.04600060373544693.
Meta Test Accuracy: 0.9992999991774559.

Iteration 226:
Meta Train Results:
Meta Train Error: 0.0.
Meta Train Accuracy: 1.0.
Meta Test Results:
Meta Test Error: 0.10501386312233311.
Meta Test Accuracy: 0.9994999992847443.

Iteration 227:
Meta Train Results:
Meta Train Error: 0.0.
Meta Train Accuracy: 1.0.
Meta Test Results:
Meta Test Error: 0.19664019268527624.
Meta Test Accuracy: 0.9988999983668327.

Iteration 228:
Meta Train Results:
Meta Train Error: 9.57581778493477e-06.
Meta Train Accuracy: 1.0.
Meta Test Results:
Meta Test Error: 0.015642276829747778.
Meta Test Accuracy: 0.9995999991893768.

Iteration 229:
Meta Train Results:
Meta Train Error: 0.0.
Meta Train Accuracy: 1.0.
Meta Test Results:
Meta Test Error: 0.0872183221578598.
Meta Test Accuracy: 0.999499998986721.

Iteration 230:
Meta Train Results:
Meta Train Error: 0.0.
Meta Train Accuracy: 1.0.
Meta Test Results:
Meta Test Error: 0.11957738057196365.
Meta Test Accuracy: 0.9989999982714654.

Iteration 231:
Meta Train Results:
Meta Train Error: 0.0.
Meta Train Accuracy: 1.0.
Meta Test Results:
Meta Test Error: 0.17295091146031893.
Meta Test Accuracy: 0.9989999979734421.

Iteration 232:
Meta Train Results:
Meta Train Error: 0.0.
Meta Train Accuracy: 1.0.
Meta Test Results:
Meta Test Error: 0.18088710779937459.
Meta Test Accuracy: 0.9989999982714654.

Iteration 233:
Meta Train Results:
Meta Train Error: 0.0.
Meta Train Accuracy: 1.0.
Meta Test Results:
Meta Test Error: 0.0765879819932229.
Meta Test Accuracy: 0.9993999987840653.

Iteration 234:
Meta Train Results:
Meta Train Error: 6.516251232824288e-06.
Meta Train Accuracy: 1.0.
Meta Test Results:
Meta Test Error: 0.15797037961483001.
Meta Test Accuracy: 0.9986999976634979.

Iteration 235:
Meta Train Results:
Meta Train Error: 2.145712642231956e-06.
Meta Train Accuracy: 1.0.
Meta Test Results:
Meta Test Error: 0.17636411167681218.
Meta Test Accuracy: 0.9989999985694885.

Iteration 236:
Meta Train Results:
Meta Train Error: 5.960463234089275e-10.
Meta Train Accuracy: 1.0.
Meta Test Results:
Meta Test Error: 0.12976942108273504.
Meta Test Accuracy: 0.9990999981760978.

Iteration 237:
Meta Train Results:
Meta Train Error: 5.244028216111474e-06.
Meta Train Accuracy: 1.0.
Meta Test Results:
Meta Test Error: 0.08310006380813945.
Meta Test Accuracy: 0.9992999985814095.

Iteration 238:
Meta Train Results:
Meta Train Error: 0.0.
Meta Train Accuracy: 1.0.
Meta Test Results:
Meta Test Error: 0.022314918899532472.
Meta Test Accuracy: 0.9998999997973442.

Iteration 239:
Meta Train Results:
Meta Train Error: 0.0.
Meta Train Accuracy: 1.0.
Meta Test Results:
Meta Test Error: 0.02838932514190674.
Meta Test Accuracy: 0.9995999991893768.

Iteration 240:
Meta Train Results:
Meta Train Error: 9.675970886746654e-07.
Meta Train Accuracy: 1.0.
Meta Test Results:
Meta Test Error: 0.0.
Meta Test Accuracy: 1.0.

Iteration 241:
Meta Train Results:
Meta Train Error: 3.871726676152321e-06.
Meta Train Accuracy: 1.0.
Meta Test Results:
Meta Test Error: 0.1251315795123577.
Meta Test Accuracy: 0.9991999983787536.

Iteration 242:
Meta Train Results:
Meta Train Error: 0.0.
Meta Train Accuracy: 1.0.
Meta Test Results:
Meta Test Error: 0.05718265329294327.
Meta Test Accuracy: 0.9990999984741211.

Iteration 243:
Meta Train Results:
Meta Train Error: 0.0.
Meta Train Accuracy: 1.0.
Meta Test Results:
Meta Test Error: 0.08269438000691735.
Meta Test Accuracy: 0.9992999985814095.

Iteration 244:
Meta Train Results:
Meta Train Error: 0.0.
Meta Train Accuracy: 1.0.
Meta Test Results:
Meta Test Error: 0.05791654707193374.
Meta Test Accuracy: 0.9996999993920326.

Iteration 245:
Meta Train Results:
Meta Train Error: 0.0.
Meta Train Accuracy: 1.0.
Meta Test Results:
Meta Test Error: 0.022981290061678726.
Meta Test Accuracy: 0.9997999995946885.

Iteration 246:
Meta Train Results:
Meta Train Error: 1.6517466013832305e-06.
Meta Train Accuracy: 1.0.
Meta Test Results:
Meta Test Error: 0.08194089350346476.
Meta Test Accuracy: 0.9994999992847443.

Iteration 247:
Meta Train Results:
Meta Train Error: 0.0.
Meta Train Accuracy: 1.0.
Meta Test Results:
Meta Test Error: 0.11433785511115957.
Meta Test Accuracy: 0.9991999989748002.

Iteration 248:
Meta Train Results:
Meta Train Error: 0.0.
Meta Train Accuracy: 1.0.
Meta Test Results:
Meta Test Error: 0.015735657227039335.
Meta Test Accuracy: 0.9998999997973442.

Iteration 249:
Meta Train Results:
Meta Train Error: 0.0.
Meta Train Accuracy: 1.0.
Meta Test Results:
Meta Test Error: 0.05002333149611925.
Meta Test Accuracy: 0.9992999988794327.

Iteration 250:
Meta Train Results:
Meta Train Error: 2.384184627501895e-09.
Meta Train Accuracy: 1.0.
Meta Test Results:
Meta Test Error: 0.10401477572950218.
Meta Test Accuracy: 0.9990999987721443.

Iteration 251:
Meta Train Results:
Meta Train Error: 1.5167641725932768e-06.
Meta Train Accuracy: 1.0.
Meta Test Results:
Meta Test Error: 0.19488409034907817.
Meta Test Accuracy: 0.9986999979615212.

Iteration 252:
Meta Train Results:
Meta Train Error: 0.0.
Meta Train Accuracy: 1.0.
Meta Test Results:
Meta Test Error: 0.023809102103114127.
Meta Test Accuracy: 0.9996999993920326.

Iteration 253:
Meta Train Results:
Meta Train Error: 6.975539008635678e-07.
Meta Train Accuracy: 1.0.
Meta Test Results:
Meta Test Error: 0.018286303281784058.
Meta Test Accuracy: 0.9998999997973442.

Iteration 254:
Meta Train Results:
Meta Train Error: 6.850413569736702e-07.
Meta Train Accuracy: 1.0.
Meta Test Results:
Meta Test Error: 0.03074072301387787.
Meta Test Accuracy: 0.9993999987840653.

Iteration 255:
Meta Train Results:
Meta Train Error: 0.0.
Meta Train Accuracy: 1.0.
Meta Test Results:
Meta Test Error: 0.033858850970864295.
Meta Test Accuracy: 0.999499998986721.

Iteration 256:
Meta Train Results:
Meta Train Error: 0.0.
Meta Train Accuracy: 1.0.
Meta Test Results:
Meta Test Error: 0.1111155309595324.
Meta Test Accuracy: 0.9991999983787536.

Iteration 257:
Meta Train Results:
Meta Train Error: 0.0.
Meta Train Accuracy: 1.0.
Meta Test Results:
Meta Test Error: 0.22426408551200439.
Meta Test Accuracy: 0.9989999985694885.

Iteration 258:
Meta Train Results:
Meta Train Error: 1.0430808439210182e-09.
Meta Train Accuracy: 1.0.
Meta Test Results:
Meta Test Error: 0.07873820843138674.
Meta Test Accuracy: 0.9991999986767769.

Iteration 259:
Meta Train Results:
Meta Train Error: 0.0.
Meta Train Accuracy: 1.0.
Meta Test Results:
Meta Test Error: 0.022293689250946044.
Meta Test Accuracy: 0.9997999995946885.

Iteration 260:
Meta Train Results:
Meta Train Error: 0.0.
Meta Train Accuracy: 1.0.
Meta Test Results:
Meta Test Error: 0.06267143607139587.
Meta Test Accuracy: 0.9995999991893768.

Iteration 261:
Meta Train Results:
Meta Train Error: 0.0.
Meta Train Accuracy: 1.0.
Meta Test Results:
Meta Test Error: 0.05019969273767732.
Meta Test Accuracy: 0.9994999992847443.

Iteration 262:
Meta Train Results:
Meta Train Error: 0.0.
Meta Train Accuracy: 1.0.
Meta Test Results:
Meta Test Error: 0.020014443832988036.
Meta Test Accuracy: 0.9998999997973442.

Iteration 263:
Meta Train Results:
Meta Train Error: 0.0.
Meta Train Accuracy: 1.0.
Meta Test Results:
Meta Test Error: 0.01987354800105095.
Meta Test Accuracy: 0.9996999993920326.

Iteration 264:
Meta Train Results:
Meta Train Error: 0.0.
Meta Train Accuracy: 1.0.
Meta Test Results:
Meta Test Error: 0.4169459339231253.
Meta Test Accuracy: 0.9985999980568886.

Iteration 265:
Meta Train Results:
Meta Train Error: 0.0.
Meta Train Accuracy: 1.0.
Meta Test Results:
Meta Test Error: 0.1886619158110625.
Meta Test Accuracy: 0.9988999986648559.

Iteration 266:
Meta Train Results:
Meta Train Error: 5.908968887524679e-07.
Meta Train Accuracy: 1.0.
Meta Test Results:
Meta Test Error: 0.13846063839175293.
Meta Test Accuracy: 0.9991999989748002.

Iteration 267:
Meta Train Results:
Meta Train Error: 1.0430808439210182e-09.
Meta Train Accuracy: 1.0.
Meta Test Results:
Meta Test Error: 0.05153095734422095.
Meta Test Accuracy: 0.9995999991893768.

Iteration 268:
Meta Train Results:
Meta Train Error: 1.6773409470260958e-06.
Meta Train Accuracy: 1.0.
Meta Test Results:
Meta Test Error: 0.1338373279571533.
Meta Test Accuracy: 0.9993999993801117.

Iteration 269:
Meta Train Results:
Meta Train Error: 0.0.
Meta Train Accuracy: 1.0.
Meta Test Results:
Meta Test Error: 0.045542470451737246.
Meta Test Accuracy: 0.9996999996900559.

Iteration 270:
Meta Train Results:
Meta Train Error: 0.0.
Meta Train Accuracy: 1.0.
Meta Test Results:
Meta Test Error: 0.06984889550059925.
Meta Test Accuracy: 0.9990999984741211.

Iteration 271:
Meta Train Results:
Meta Train Error: 0.0.
Meta Train Accuracy: 1.0.
Meta Test Results:
Meta Test Error: 0.057760271953279145.
Meta Test Accuracy: 0.9995999991893768.

Iteration 272:
Meta Train Results:
Meta Train Error: 0.0.
Meta Train Accuracy: 1.0.
Meta Test Results:
Meta Test Error: 0.16803627133369445.
Meta Test Accuracy: 0.9985999974608422.

Iteration 273:
Meta Train Results:
Meta Train Error: 0.0.
Meta Train Accuracy: 1.0.
Meta Test Results:
Meta Test Error: 0.1923771012544553.
Meta Test Accuracy: 0.9988999980688095.

Iteration 274:
Meta Train Results:
Meta Train Error: 4.4703477031227123e-10.
Meta Train Accuracy: 1.0.
Meta Test Results:
Meta Test Error: 0.09034182026982307.
Meta Test Accuracy: 0.9991999986767769.

Iteration 275:
Meta Train Results:
Meta Train Error: 0.0.
Meta Train Accuracy: 1.0.
Meta Test Results:
Meta Test Error: 0.12829135336250375.
Meta Test Accuracy: 0.9991999989748002.

Iteration 276:
Meta Train Results:
Meta Train Error: 2.0692185284387765e-06.
Meta Train Accuracy: 1.0.
Meta Test Results:
Meta Test Error: 0.12217997514186302.
Meta Test Accuracy: 0.9990999984741211.

Iteration 277:
Meta Train Results:
Meta Train Error: 0.0.
Meta Train Accuracy: 1.0.
Meta Test Results:
Meta Test Error: 0.05218908329308027.
Meta Test Accuracy: 0.9992999985814095.

Iteration 278:
Meta Train Results:
Meta Train Error: 0.0.
Meta Train Accuracy: 1.0.
Meta Test Results:
Meta Test Error: 0.020140806127965333.
Meta Test Accuracy: 0.9996999993920326.

Iteration 279:
Meta Train Results:
Meta Train Error: 0.0.
Meta Train Accuracy: 1.0.
Meta Test Results:
Meta Test Error: 0.08414472277150967.
Meta Test Accuracy: 0.9992999991774559.

Iteration 280:
Meta Train Results:
Meta Train Error: 0.0.
Meta Train Accuracy: 1.0.
Meta Test Results:
Meta Test Error: 0.03713635923340917.
Meta Test Accuracy: 0.9993999987840653.

Iteration 281:
Meta Train Results:
Meta Train Error: 0.0.
Meta Train Accuracy: 1.0.
Meta Test Results:
Meta Test Error: 0.02038671110868453.
Meta Test Accuracy: 0.9996999993920326.

Iteration 282:
Meta Train Results:
Meta Train Error: 0.0.
Meta Train Accuracy: 1.0.
Meta Test Results:
Meta Test Error: 0.11951205469667911.
Meta Test Accuracy: 0.9990999984741211.

Iteration 283:
Meta Train Results:
Meta Train Error: 1.0430808439210182e-09.
Meta Train Accuracy: 1.0.
Meta Test Results:
Meta Test Error: 0.13289226181507108.
Meta Test Accuracy: 0.9991999983787536.

Iteration 284:
Meta Train Results:
Meta Train Error: 0.0.
Meta Train Accuracy: 1.0.
Meta Test Results:
Meta Test Error: 0.009686083793640136.
Meta Test Accuracy: 0.9998999997973442.

Iteration 285:
Meta Train Results:
Meta Train Error: 0.0.
Meta Train Accuracy: 1.0.
Meta Test Results:
Meta Test Error: 0.07235806768390296.
Meta Test Accuracy: 0.9992999988794327.

Iteration 286:
Meta Train Results:
Meta Train Error: 0.0.
Meta Train Accuracy: 1.0.
Meta Test Results:
Meta Test Error: 0.03667860209941864.
Meta Test Accuracy: 0.9995999991893768.

Iteration 287:
Meta Train Results:
Meta Train Error: 0.0.
Meta Train Accuracy: 1.0.
Meta Test Results:
Meta Test Error: 0.31914917145691263.
Meta Test Accuracy: 0.998799998164177.

Iteration 288:
Meta Train Results:
Meta Train Error: 0.0.
Meta Train Accuracy: 1.0.
Meta Test Results:
Meta Test Error: 0.041621642372519155.
Meta Test Accuracy: 0.9995999991893768.

Iteration 289:
Meta Train Results:
Meta Train Error: 3.874296439221325e-09.
Meta Train Accuracy: 1.0.
Meta Test Results:
Meta Test Error: 0.03819585561752319.
Meta Test Accuracy: 0.9993999987840653.

Iteration 290:
Meta Train Results:
Meta Train Error: 3.874296439221325e-09.
Meta Train Accuracy: 1.0.
Meta Test Results:
Meta Test Error: 0.2436692437648773.
Meta Test Accuracy: 0.9986999979615212.

Iteration 291:
Meta Train Results:
Meta Train Error: 0.0.
Meta Train Accuracy: 1.0.
Meta Test Results:
Meta Test Error: 0.017503719312694285.
Meta Test Accuracy: 0.9996999993920326.

Iteration 292:
Meta Train Results:
Meta Train Error: 0.0.
Meta Train Accuracy: 1.0.
Meta Test Results:
Meta Test Error: 0.4536323140526886.
Meta Test Accuracy: 0.9982999980449676.

Iteration 293:
Meta Train Results:
Meta Train Error: 4.940658300256473e-07.
Meta Train Accuracy: 1.0.
Meta Test Results:
Meta Test Error: 0.023993768325763085.
Meta Test Accuracy: 0.9997999995946885.

Iteration 294:
Meta Train Results:
Meta Train Error: 0.0.
Meta Train Accuracy: 1.0.
Meta Test Results:
Meta Test Error: 0.10644654212042585.
Meta Test Accuracy: 0.9992999994754791.

Iteration 295:
Meta Train Results:
Meta Train Error: 0.0.
Meta Train Accuracy: 1.0.
Meta Test Results:
Meta Test Error: 0.1506284844994545.
Meta Test Accuracy: 0.9993999987840653.

Iteration 296:
Meta Train Results:
Meta Train Error: 0.0.
Meta Train Accuracy: 1.0.
Meta Test Results:
Meta Test Error: 0.11301453155465424.
Meta Test Accuracy: 0.9990999981760978.

Iteration 297:
Meta Train Results:
Meta Train Error: 0.0.
Meta Train Accuracy: 1.0.
Meta Test Results:
Meta Test Error: 0.12211400552687877.
Meta Test Accuracy: 0.9990999981760978.

Iteration 298:
Meta Train Results:
Meta Train Error: 0.0.
Meta Train Accuracy: 1.0.
Meta Test Results:
Meta Test Error: 0.07086264120442792.
Meta Test Accuracy: 0.9995999991893768.

Iteration 299:
Meta Train Results:
Meta Train Error: 0.0.
Meta Train Accuracy: 1.0.
Meta Test Results:
Meta Test Error: 0.14262191355228424.
Meta Test Accuracy: 0.9995999994874001.

Iteration 300:
Meta Train Results:
Meta Train Error: 1.1683009688567836e-06.
Meta Train Accuracy: 1.0.
Meta Test Results:
Meta Test Error: 0.028008817742081648.
Meta Test Accuracy: 0.999499998986721.

Iteration 301:
Meta Train Results:
Meta Train Error: 0.0.
Meta Train Accuracy: 1.0.
Meta Test Results:
Meta Test Error: 0.07290170967578888.
Meta Test Accuracy: 0.9993999987840653.

Iteration 302:
Meta Train Results:
Meta Train Error: 3.874296439221325e-09.
Meta Train Accuracy: 1.0.
Meta Test Results:
Meta Test Error: 0.2991149041056633.
Meta Test Accuracy: 0.998799998164177.

Iteration 303:
Meta Train Results:
Meta Train Error: 1.0430808439210182e-09.
Meta Train Accuracy: 1.0.
Meta Test Results:
Meta Test Error: 0.054354088957970816.
Meta Test Accuracy: 0.9993999987840653.

Iteration 304:
Meta Train Results:
Meta Train Error: 0.0.
Meta Train Accuracy: 1.0.
Meta Test Results:
Meta Test Error: 0.020840855320259238.
Meta Test Accuracy: 0.9995999991893768.

Iteration 305:
Meta Train Results:
Meta Train Error: 0.0.
Meta Train Accuracy: 1.0.
Meta Test Results:
Meta Test Error: 0.12550778528675438.
Meta Test Accuracy: 0.9989999988675118.

Iteration 306:
Meta Train Results:
Meta Train Error: 1.2686369927905616e-06.
Meta Train Accuracy: 1.0.
Meta Test Results:
Meta Test Error: 0.08693749353438456.
Meta Test Accuracy: 0.9991999986767769.

Iteration 307:
Meta Train Results:
Meta Train Error: 0.0.
Meta Train Accuracy: 1.0.
Meta Test Results:
Meta Test Error: 0.07885468229651452.
Meta Test Accuracy: 0.9992999985814095.

Iteration 308:
Meta Train Results:
Meta Train Error: 0.0.
Meta Train Accuracy: 1.0.
Meta Test Results:
Meta Test Error: 0.05539537653326988.
Meta Test Accuracy: 0.9993999990820884.

Iteration 309:
Meta Train Results:
Meta Train Error: 0.0.
Meta Train Accuracy: 1.0.
Meta Test Results:
Meta Test Error: 0.22503627300262452.
Meta Test Accuracy: 0.9988999983668327.

Iteration 310:
Meta Train Results:
Meta Train Error: 0.0.
Meta Train Accuracy: 1.0.
Meta Test Results:
Meta Test Error: 0.03765922936201048.
Meta Test Accuracy: 0.9997999995946885.

Iteration 311:
Meta Train Results:
Meta Train Error: 0.0.
Meta Train Accuracy: 1.0.
Meta Test Results:
Meta Test Error: 0.08950205427142237.
Meta Test Accuracy: 0.9993999987840653.

Iteration 312:
Meta Train Results:
Meta Train Error: 0.0.
Meta Train Accuracy: 1.0.
Meta Test Results:
Meta Test Error: 0.08096428900957107.
Meta Test Accuracy: 0.9992999988794327.

Iteration 313:
Meta Train Results:
Meta Train Error: 0.0.
Meta Train Accuracy: 1.0.
Meta Test Results:
Meta Test Error: 0.2923220998048782.
Meta Test Accuracy: 0.9990999981760978.

Iteration 314:
Meta Train Results:
Meta Train Error: 1.200308133775252e-06.
Meta Train Accuracy: 1.0.
Meta Test Results:
Meta Test Error: 0.17885324428812088.
Meta Test Accuracy: 0.9992999991774559.

Iteration 315:
Meta Train Results:
Meta Train Error: 0.0.
Meta Train Accuracy: 1.0.
Meta Test Results:
Meta Test Error: 0.16616261053085213.
Meta Test Accuracy: 0.9992999988794327.

Iteration 316:
Meta Train Results:
Meta Train Error: 0.0.
Meta Train Accuracy: 1.0.
Meta Test Results:
Meta Test Error: 0.12433845558464528.
Meta Test Accuracy: 0.9988999980688095.

Iteration 317:
Meta Train Results:
Meta Train Error: 0.0.
Meta Train Accuracy: 1.0.
Meta Test Results:
Meta Test Error: 0.011042318940162658.
Meta Test Accuracy: 0.9996999993920326.

Iteration 318:
Meta Train Results:
Meta Train Error: 0.0.
Meta Train Accuracy: 1.0.
Meta Test Results:
Meta Test Error: 0.07499944173894449.
Meta Test Accuracy: 0.9989999982714654.

Iteration 319:
Meta Train Results:
Meta Train Error: 0.0.
Meta Train Accuracy: 1.0.
Meta Test Results:
Meta Test Error: 0.14772663796320556.
Meta Test Accuracy: 0.9993999987840653.

Iteration 320:
Meta Train Results:
Meta Train Error: 1.0430808439210182e-09.
Meta Train Accuracy: 1.0.
Meta Test Results:
Meta Test Error: 0.11881440084092901.
Meta Test Accuracy: 0.9989999982714654.

Iteration 321:
Meta Train Results:
Meta Train Error: 3.874296439221325e-09.
Meta Train Accuracy: 1.0.
Meta Test Results:
Meta Test Error: 0.2733872663974762.
Meta Test Accuracy: 0.9983999979496002.

Iteration 322:
Meta Train Results:
Meta Train Error: 0.0.
Meta Train Accuracy: 1.0.
Meta Test Results:
Meta Test Error: 0.012679712027311324.
Meta Test Accuracy: 0.9996999993920326.

Iteration 323:
Meta Train Results:
Meta Train Error: 0.0.
Meta Train Accuracy: 1.0.
Meta Test Results:
Meta Test Error: 0.08298163655770623.
Meta Test Accuracy: 0.999499998986721.

Iteration 324:
Meta Train Results:
Meta Train Error: 1.082398625840142e-06.
Meta Train Accuracy: 1.0.
Meta Test Results:
Meta Test Error: 0.040194603935208094.
Meta Test Accuracy: 0.9995999991893768.

Iteration 325:
Meta Train Results:
Meta Train Error: 0.0.
Meta Train Accuracy: 1.0.
Meta Test Results:
Meta Test Error: 0.042204662561416625.
Meta Test Accuracy: 0.9996999993920326.

Iteration 326:
Meta Train Results:
Meta Train Error: 2.9802318946003936e-10.
Meta Train Accuracy: 1.0.
Meta Test Results:
Meta Test Error: 0.05799997174814341.
Meta Test Accuracy: 0.9994999995827675.

Iteration 327:
Meta Train Results:
Meta Train Error: 0.0.
Meta Train Accuracy: 1.0.
Meta Test Results:
Meta Test Error: 0.1436850517988205.
Meta Test Accuracy: 0.9992999985814095.

Iteration 328:
Meta Train Results:
Meta Train Error: 0.0.
Meta Train Accuracy: 1.0.
Meta Test Results:
Meta Test Error: 0.09405722034862266.
Meta Test Accuracy: 0.9990999990701676.

Iteration 329:
Meta Train Results:
Meta Train Error: 0.0.
Meta Train Accuracy: 1.0.
Meta Test Results:
Meta Test Error: 0.0923092679157719.
Meta Test Accuracy: 0.9992999994754791.

Iteration 330:
Meta Train Results:
Meta Train Error: 0.0.
Meta Train Accuracy: 1.0.
Meta Test Results:
Meta Test Error: 0.26644343584775926.
Meta Test Accuracy: 0.9986999976634979.

Iteration 331:
Meta Train Results:
Meta Train Error: 4.343255852745642e-07.
Meta Train Accuracy: 1.0.
Meta Test Results:
Meta Test Error: 0.1294235652370844.
Meta Test Accuracy: 0.9989999988675118.

Iteration 332:
Meta Train Results:
Meta Train Error: 0.0.
Meta Train Accuracy: 1.0.
Meta Test Results:
Meta Test Error: 0.019964049458503722.
Meta Test Accuracy: 0.9997999995946885.

Iteration 333:
Meta Train Results:
Meta Train Error: 1.4775650925002992e-06.
Meta Train Accuracy: 1.0.
Meta Test Results:
Meta Test Error: 0.13595978021621705.
Meta Test Accuracy: 0.9994999992847443.

Iteration 334:
Meta Train Results:
Meta Train Error: 2.9802318946003936e-10.
Meta Train Accuracy: 1.0.
Meta Test Results:
Meta Test Error: 0.11870998447295278.
Meta Test Accuracy: 0.9994999992847443.

Iteration 335:
Meta Train Results:
Meta Train Error: 0.0.
Meta Train Accuracy: 1.0.
Meta Test Results:
Meta Test Error: 0.09356449261307716.
Meta Test Accuracy: 0.9990999987721443.

Iteration 336:
Meta Train Results:
Meta Train Error: 0.0.
Meta Train Accuracy: 1.0.
Meta Test Results:
Meta Test Error: 0.20417409509420395.
Meta Test Accuracy: 0.9988999980688095.

Iteration 337:
Meta Train Results:
Meta Train Error: 4.183846726846241e-07.
Meta Train Accuracy: 1.0.
Meta Test Results:
Meta Test Error: 0.050567321075359356.
Meta Test Accuracy: 0.9993999987840653.

Iteration 338:
Meta Train Results:
Meta Train Error: 0.0.
Meta Train Accuracy: 1.0.
Meta Test Results:
Meta Test Error: 0.10182549834251403.
Meta Test Accuracy: 0.9993999990820884.

Iteration 339:
Meta Train Results:
Meta Train Error: 0.0.
Meta Train Accuracy: 1.0.
Meta Test Results:
Meta Test Error: 0.1133030267059803.
Meta Test Accuracy: 0.9988999983668327.

Iteration 340:
Meta Train Results:
Meta Train Error: 0.0.
Meta Train Accuracy: 1.0.
Meta Test Results:
Meta Test Error: 0.10059413982629767.
Meta Test Accuracy: 0.9991999986767769.

Iteration 341:
Meta Train Results:
Meta Train Error: 1.0285019698130782e-06.
Meta Train Accuracy: 1.0.
Meta Test Results:
Meta Test Error: 0.050320921002712564.
Meta Test Accuracy: 0.9996999993920326.

Iteration 342:
Meta Train Results:
Meta Train Error: 0.0.
Meta Train Accuracy: 1.0.
Meta Test Results:
Meta Test Error: 0.01226602055132389.
Meta Test Accuracy: 0.9994999992847443.

Iteration 343:
Meta Train Results:
Meta Train Error: 0.0.
Meta Train Accuracy: 1.0.
Meta Test Results:
Meta Test Error: 0.09560070794820778.
Meta Test Accuracy: 0.9992999985814095.

Iteration 344:
Meta Train Results:
Meta Train Error: 0.0.
Meta Train Accuracy: 1.0.
Meta Test Results:
Meta Test Error: 0.11746666215360164.
Meta Test Accuracy: 0.9989999982714654.

Iteration 345:
Meta Train Results:
Meta Train Error: 0.0.
Meta Train Accuracy: 1.0.
Meta Test Results:
Meta Test Error: 0.054779932908713816.
Meta Test Accuracy: 0.9991999986767769.

Iteration 346:
Meta Train Results:
Meta Train Error: 0.0.
Meta Train Accuracy: 1.0.
Meta Test Results:
Meta Test Error: 0.10052012667059898.
Meta Test Accuracy: 0.9993999987840653.

Iteration 347:
Meta Train Results:
Meta Train Error: 0.0.
Meta Train Accuracy: 1.0.
Meta Test Results:
Meta Test Error: 0.09909561678996542.
Meta Test Accuracy: 0.9990999981760978.

Iteration 348:
Meta Train Results:
Meta Train Error: 0.0.
Meta Train Accuracy: 1.0.
Meta Test Results:
Meta Test Error: 0.0632466190348612.
Meta Test Accuracy: 0.9993999987840653.

Iteration 349:
Meta Train Results:
Meta Train Error: 2.9802318946003936e-10.
Meta Train Accuracy: 1.0.
Meta Test Results:
Meta Test Error: 0.11228802978992462.
Meta Test Accuracy: 0.9992999988794327.

Iteration 350:
Meta Train Results:
Meta Train Error: 0.0.
Meta Train Accuracy: 1.0.
Meta Test Results:
Meta Test Error: 0.13067212630063296.
Meta Test Accuracy: 0.9992999985814095.

Iteration 351:
Meta Train Results:
Meta Train Error: 9.652233116108633e-07.
Meta Train Accuracy: 1.0.
Meta Test Results:
Meta Test Error: 0.03046730594038963.
Meta Test Accuracy: 0.9995999991893768.

Iteration 352:
Meta Train Results:
Meta Train Error: 0.0.
Meta Train Accuracy: 1.0.
Meta Test Results:
Meta Test Error: 0.020552227795124053.
Meta Test Accuracy: 0.9996999993920326.

Iteration 353:
Meta Train Results:
Meta Train Error: 1.0430808439210182e-09.
Meta Train Accuracy: 1.0.
Meta Test Results:
Meta Test Error: 0.27568570390343666.
Meta Test Accuracy: 0.9988999980688095.

Iteration 354:
Meta Train Results:
Meta Train Error: 0.0.
Meta Train Accuracy: 1.0.
Meta Test Results:
Meta Test Error: 0.05476676679798771.
Meta Test Accuracy: 0.9991999986767769.

Iteration 355:
Meta Train Results:
Meta Train Error: 0.0.
Meta Train Accuracy: 1.0.
Meta Test Results:
Meta Test Error: 0.14335177478782868.
Meta Test Accuracy: 0.9990999984741211.

Iteration 356:
Meta Train Results:
Meta Train Error: 0.0.
Meta Train Accuracy: 1.0.
Meta Test Results:
Meta Test Error: 0.26365199515518273.
Meta Test Accuracy: 0.9985999980568886.

Iteration 357:
Meta Train Results:
Meta Train Error: 0.0.
Meta Train Accuracy: 1.0.
Meta Test Results:
Meta Test Error: 0.11565120778803248.
Meta Test Accuracy: 0.9994999992847443.

Iteration 358:
Meta Train Results:
Meta Train Error: 0.0.
Meta Train Accuracy: 1.0.
Meta Test Results:
Meta Test Error: 0.14493443161249162.
Meta Test Accuracy: 0.9990999987721443.

Iteration 359:
Meta Train Results:
Meta Train Error: 0.0.
Meta Train Accuracy: 1.0.
Meta Test Results:
Meta Test Error: 0.3828337304770946.
Meta Test Accuracy: 0.9982999977469444.

Iteration 360:
Meta Train Results:
Meta Train Error: 0.0.
Meta Train Accuracy: 1.0.
Meta Test Results:
Meta Test Error: 0.0935876739545813.
Meta Test Accuracy: 0.9992999991774559.

Iteration 361:
Meta Train Results:
Meta Train Error: 9.040244890456961e-07.
Meta Train Accuracy: 1.0.
Meta Test Results:
Meta Test Error: 0.13188387671111904.
Meta Test Accuracy: 0.9990999984741211.

Iteration 362:
Meta Train Results:
Meta Train Error: 0.0.
Meta Train Accuracy: 1.0.
Meta Test Results:
Meta Test Error: 0.1826433402888182.
Meta Test Accuracy: 0.9989999982714654.

Iteration 363:
Meta Train Results:
Meta Train Error: 2.9802318946003936e-10.
Meta Train Accuracy: 1.0.
Meta Test Results:
Meta Test Error: 0.09296772660205534.
Meta Test Accuracy: 0.9992999988794327.

Iteration 364:
Meta Train Results:
Meta Train Error: 0.0.
Meta Train Accuracy: 1.0.
Meta Test Results:
Meta Test Error: 0.16379238370656968.
Meta Test Accuracy: 0.9991999989748002.

Iteration 365:
Meta Train Results:
Meta Train Error: 0.0.
Meta Train Accuracy: 1.0.
Meta Test Results:
Meta Test Error: 0.018579992949962616.
Meta Test Accuracy: 0.9996999993920326.

Iteration 366:
Meta Train Results:
Meta Train Error: 0.0.
Meta Train Accuracy: 1.0.
Meta Test Results:
Meta Test Error: 0.22835738342167416.
Meta Test Accuracy: 0.9990999984741211.

Iteration 367:
Meta Train Results:
Meta Train Error: 0.0.
Meta Train Accuracy: 1.0.
Meta Test Results:
Meta Test Error: 0.01265830289020589.
Meta Test Accuracy: 0.9997999995946885.

Iteration 368:
Meta Train Results:
Meta Train Error: 0.0.
Meta Train Accuracy: 1.0.
Meta Test Results:
Meta Test Error: 0.18318213198972808.
Meta Test Accuracy: 0.9989999979734421.

Iteration 369:
Meta Train Results:
Meta Train Error: 0.0.
Meta Train Accuracy: 1.0.
Meta Test Results:
Meta Test Error: 0.10365755803883075.
Meta Test Accuracy: 0.9989999982714654.

Iteration 370:
Meta Train Results:
Meta Train Error: 0.0.
Meta Train Accuracy: 1.0.
Meta Test Results:
Meta Test Error: 0.05357282427250894.
Meta Test Accuracy: 0.9993999990820884.

Iteration 371:
Meta Train Results:
Meta Train Error: 0.0.
Meta Train Accuracy: 1.0.
Meta Test Results:
Meta Test Error: 0.11397829562425614.
Meta Test Accuracy: 0.9993999987840653.

Iteration 372:
Meta Train Results:
Meta Train Error: 1.0430808439210182e-09.
Meta Train Accuracy: 1.0.
Meta Test Results:
Meta Test Error: 0.05137371294017246.
Meta Test Accuracy: 0.9992999985814095.

Iteration 373:
Meta Train Results:
Meta Train Error: 0.0.
Meta Train Accuracy: 1.0.
Meta Test Results:
Meta Test Error: 0.16507678333520887.
Meta Test Accuracy: 0.9990999987721443.

Iteration 374:
Meta Train Results:
Meta Train Error: 3.616218577917607e-07.
Meta Train Accuracy: 1.0.
Meta Test Results:
Meta Test Error: 0.07584358632564545.
Meta Test Accuracy: 0.9993999990820884.

Iteration 375:
Meta Train Results:
Meta Train Error: 8.3895179159299e-07.
Meta Train Accuracy: 1.0.
Meta Test Results:
Meta Test Error: 0.05183797219058306.
Meta Test Accuracy: 0.999499998986721.

Iteration 376:
Meta Train Results:
Meta Train Error: 0.0.
Meta Train Accuracy: 1.0.
Meta Test Results:
Meta Test Error: 0.2688350594162868.
Meta Test Accuracy: 0.998499998152256.

Iteration 377:
Meta Train Results:
Meta Train Error: 0.0.
Meta Train Accuracy: 1.0.
Meta Test Results:
Meta Test Error: 0.17331706534143676.
Meta Test Accuracy: 0.9990999987721443.

Iteration 378:
Meta Train Results:
Meta Train Error: 3.550664473550569e-07.
Meta Train Accuracy: 1.0.
Meta Test Results:
Meta Test Error: 0.011539348620116421.
Meta Test Accuracy: 0.9996999993920326.

Iteration 379:
Meta Train Results:
Meta Train Error: 9.129587397183059e-07.
Meta Train Accuracy: 1.0.
Meta Test Results:
Meta Test Error: 0.14633050309419524.
Meta Test Accuracy: 0.9990999984741211.

Iteration 380:
Meta Train Results:
Meta Train Error: 0.0.
Meta Train Accuracy: 1.0.
Meta Test Results:
Meta Test Error: 0.042125650476664306.
Meta Test Accuracy: 0.9989999979734421.

Iteration 381:
Meta Train Results:
Meta Train Error: 0.0.
Meta Train Accuracy: 1.0.
Meta Test Results:
Meta Test Error: 0.09086734618749465.
Meta Test Accuracy: 0.9992999988794327.

Iteration 382:
Meta Train Results:
Meta Train Error: 0.0.
Meta Train Accuracy: 1.0.
Meta Test Results:
Meta Test Error: 0.053241918683052065.
Meta Test Accuracy: 0.9994999995827675.

Iteration 383:
Meta Train Results:
Meta Train Error: 7.902567631390411e-07.
Meta Train Accuracy: 1.0.
Meta Test Results:
Meta Test Error: 0.04725843548774719.
Meta Test Accuracy: 0.9994999992847443.

Iteration 384:
Meta Train Results:
Meta Train Error: 0.0.
Meta Train Accuracy: 1.0.
Meta Test Results:
Meta Test Error: 0.10517125367536209.
Meta Test Accuracy: 0.9991999989748002.

Iteration 385:
Meta Train Results:
Meta Train Error: 3.7252851914360008e-09.
Meta Train Accuracy: 1.0.
Meta Test Results:
Meta Test Error: 0.05906533245078721.
Meta Test Accuracy: 0.9994999992847443.

Iteration 386:
Meta Train Results:
Meta Train Error: 2.9802318946003936e-10.
Meta Train Accuracy: 1.0.
Meta Test Results:
Meta Test Error: 0.046899523019772474.
Meta Test Accuracy: 0.9994999992847443.

Iteration 387:
Meta Train Results:
Meta Train Error: 0.0.
Meta Train Accuracy: 1.0.
Meta Test Results:
Meta Test Error: 0.10627023524041335.
Meta Test Accuracy: 0.9991999989748002.

Iteration 388:
Meta Train Results:
Meta Train Error: 0.0.
Meta Train Accuracy: 1.0.
Meta Test Results:
Meta Test Error: 0.03478688955307007.
Meta Test Accuracy: 0.9995999991893768.

Iteration 389:
Meta Train Results:
Meta Train Error: 3.7252851914360008e-09.
Meta Train Accuracy: 1.0.
Meta Test Results:
Meta Test Error: 0.07506312705278394.
Meta Test Accuracy: 0.999499998986721.

Iteration 390:
Meta Train Results:
Meta Train Error: 4.02330838089604e-09.
Meta Train Accuracy: 1.0.
Meta Test Results:
Meta Test Error: 0.09508198400711536.
Meta Test Accuracy: 0.9988999983668327.

Iteration 391:
Meta Train Results:
Meta Train Error: 3.304835161088704e-07.
Meta Train Accuracy: 1.0.
Meta Test Results:
Meta Test Error: 0.04290125296314727.
Meta Test Accuracy: 0.999499998986721.

Iteration 392:
Meta Train Results:
Meta Train Error: 0.0.
Meta Train Accuracy: 1.0.
Meta Test Results:
Meta Test Error: 0.06279264569282532.
Meta Test Accuracy: 0.9994999992847443.

Iteration 393:
Meta Train Results:
Meta Train Error: 0.0.
Meta Train Accuracy: 1.0.
Meta Test Results:
Meta Test Error: 0.14410749495029448.
Meta Test Accuracy: 0.9990999987721443.

Iteration 394:
Meta Train Results:
Meta Train Error: 0.0.
Meta Train Accuracy: 1.0.
Meta Test Results:
Meta Test Error: 0.1632147755127491.
Meta Test Accuracy: 0.9991999986767769.

Iteration 395:
Meta Train Results:
Meta Train Error: 7.278587759174115e-07.
Meta Train Accuracy: 1.0.
Meta Test Results:
Meta Test Error: 0.12318157041445374.
Meta Test Accuracy: 0.9988999980688095.

Iteration 396:
Meta Train Results:
Meta Train Error: 3.225871409995307e-07.
Meta Train Accuracy: 1.0.
Meta Test Results:
Meta Test Error: 0.028544263243675233.
Meta Test Accuracy: 0.9995999991893768.

Iteration 397:
Meta Train Results:
Meta Train Error: 0.0.
Meta Train Accuracy: 1.0.
Meta Test Results:
Meta Test Error: 0.07553088665008545.
Meta Test Accuracy: 0.9995999991893768.

Iteration 398:
Meta Train Results:
Meta Train Error: 0.0.
Meta Train Accuracy: 1.0.
Meta Test Results:
Meta Test Error: 0.11212797466516494.
Meta Test Accuracy: 0.9993999993801117.

Iteration 399:
Meta Train Results:
Meta Train Error: 0.0.
Meta Train Accuracy: 1.0.
Meta Test Results:
Meta Test Error: 0.15363027943670354.
Meta Test Accuracy: 0.9988999977707863.

Iteration 400:
Meta Train Results:
Meta Train Error: 0.0.
Meta Train Accuracy: 1.0.
Meta Test Results:
Meta Test Error: 0.1824695709190155.
Meta Test Accuracy: 0.9990999984741211.

Please consider to run pre-processing before quantization. Refer to example: https://github.com/microsoft/onnxruntime-inference-examples/blob/main/quantization/image_classification/cpu/ReadMe.md 
Please consider pre-processing before quantization. See https://github.com/microsoft/onnxruntime-inference-examples/blob/main/quantization/image_classification/cpu/ReadMe.md 
Please consider to run pre-processing before quantization. Refer to example: https://github.com/microsoft/onnxruntime-inference-examples/blob/main/quantization/image_classification/cpu/ReadMe.md 
Please consider pre-processing before quantization. See https://github.com/microsoft/onnxruntime-inference-examples/blob/main/quantization/image_classification/cpu/ReadMe.md 
Compression summary saved to /root/workspace/MAML-Edge/deploy_artifacts/paper_balanced/seed/seed43/ProtoNet_CWRU_FFT_5w10s10q_source012_target3_labels0123456789/compression_summary.json.

[return_code] 0
