
=== 2026-04-12T12:44:17+08:00 ===
$ /root/miniconda3/envs/fault_env/bin/python train.py --mode train --algorithm cnn --dataset CWRU --preprocess STFT --ways 5 --shots 5 --query_shots 5 --train_domains 0\,1\,3 --test_domain 2 --fault_labels 0\,1\,2\,3\,4\,5\,6\,7\,8\,9 --runtime_backend onnxruntime --enable_compression true --prune_ratio 0.4 --plot false --log true --cuda true --calibration_size 64 --enable_qat_recovery false --onnx_opset 17 --epochs 30 --batch_size 64 --finetune_epochs 15 --finetune_lr 0.0003 --test_task_num 200 --compression_finetune_iters 80 --log_path /root/workspace/MAML-Edge/logs/paper_runs/balanced/domain/source013_target2/latest/logs/stft/cnn --seed 42 --checkpoint_path /root/workspace/MAML-Edge/checkpoints/paper_balanced/domain/source013_target2 --compression_output_path /root/workspace/MAML-Edge/deploy_artifacts/paper_balanced/domain/source013_target2 --deployment_label_sampling random_per_episode 
/root/miniconda3/envs/fault_env/lib/python3.9/site-packages/sklearn/utils/fixes.py:28: UserWarning: pkg_resources is deprecated as an API. See https://setuptools.pypa.io/en/latest/pkg_resources.html. The pkg_resources package is slated for removal as early as 2025-11-30. Refrain from using this package or pin to Setuptools<81.
  from pkg_resources import parse_version  # type: ignore
Experiment: CNN_CWRU_STFT_5w5s5q_source013_target2_labels0123456789
Training CNN baseline with 1 GPU(s).
Epoch 1:
Source Train Loss: 0.435195
Source Train Accuracy: 0.944406
Target Fine-tune Loss: 0.773943
Target Fine-tune Accuracy: 0.793400

Epoch 2:
Source Train Loss: 0.030819
Source Train Accuracy: 0.998858
Target Fine-tune Loss: 0.745807
Target Fine-tune Accuracy: 0.762800

Epoch 3:
Source Train Loss: 0.011370
Source Train Accuracy: 0.999886
Target Fine-tune Loss: 0.721863
Target Fine-tune Accuracy: 0.773000

Epoch 4:
Source Train Loss: 0.005996
Source Train Accuracy: 1.000000
Target Fine-tune Loss: 0.694811
Target Fine-tune Accuracy: 0.775600

Epoch 5:
Source Train Loss: 0.003148
Source Train Accuracy: 1.000000
Target Fine-tune Loss: 0.779031
Target Fine-tune Accuracy: 0.736200

Epoch 6:
Source Train Loss: 0.002287
Source Train Accuracy: 1.000000
Target Fine-tune Loss: 0.710903
Target Fine-tune Accuracy: 0.778400

Epoch 7:
Source Train Loss: 0.001916
Source Train Accuracy: 1.000000
Target Fine-tune Loss: 0.778660
Target Fine-tune Accuracy: 0.752000

Epoch 8:
Source Train Loss: 0.001313
Source Train Accuracy: 1.000000
Target Fine-tune Loss: 0.731943
Target Fine-tune Accuracy: 0.760600

Epoch 9:
Source Train Loss: 0.000944
Source Train Accuracy: 1.000000
Target Fine-tune Loss: 0.703499
Target Fine-tune Accuracy: 0.773000

Epoch 10:
Source Train Loss: 0.000794
Source Train Accuracy: 1.000000
Target Fine-tune Loss: 0.729375
Target Fine-tune Accuracy: 0.767400

Epoch 11:
Source Train Loss: 0.000658
Source Train Accuracy: 1.000000
Target Fine-tune Loss: 0.796902
Target Fine-tune Accuracy: 0.734200

Epoch 12:
Source Train Loss: 0.000576
Source Train Accuracy: 1.000000
Target Fine-tune Loss: 0.720500
Target Fine-tune Accuracy: 0.759600

Epoch 13:
Source Train Loss: 0.000455
Source Train Accuracy: 1.000000
Target Fine-tune Loss: 0.738668
Target Fine-tune Accuracy: 0.759800

Epoch 14:
Source Train Loss: 0.000402
Source Train Accuracy: 1.000000
Target Fine-tune Loss: 0.825402
Target Fine-tune Accuracy: 0.742000

Epoch 15:
Source Train Loss: 0.000322
Source Train Accuracy: 1.000000
Target Fine-tune Loss: 0.750018
Target Fine-tune Accuracy: 0.743200

Epoch 16:
Source Train Loss: 0.000283
Source Train Accuracy: 1.000000
Target Fine-tune Loss: 0.777005
Target Fine-tune Accuracy: 0.755400

Epoch 17:
Source Train Loss: 0.000341
Source Train Accuracy: 1.000000
Target Fine-tune Loss: 0.743332
Target Fine-tune Accuracy: 0.758600

Epoch 18:
Source Train Loss: 0.000224
Source Train Accuracy: 1.000000
Target Fine-tune Loss: 0.766719
Target Fine-tune Accuracy: 0.754800

Epoch 19:
Source Train Loss: 0.000195
Source Train Accuracy: 1.000000
Target Fine-tune Loss: 0.760057
Target Fine-tune Accuracy: 0.746600

Epoch 20:
Source Train Loss: 0.000174
Source Train Accuracy: 1.000000
Target Fine-tune Loss: 0.803559
Target Fine-tune Accuracy: 0.741200

Epoch 21:
Source Train Loss: 0.000148
Source Train Accuracy: 1.000000
Target Fine-tune Loss: 0.806017
Target Fine-tune Accuracy: 0.742000

Epoch 22:
Source Train Loss: 0.000145
Source Train Accuracy: 1.000000
Target Fine-tune Loss: 0.801723
Target Fine-tune Accuracy: 0.744800

Epoch 23:
Source Train Loss: 0.000129
Source Train Accuracy: 1.000000
Target Fine-tune Loss: 0.802542
Target Fine-tune Accuracy: 0.729400

Epoch 24:
Source Train Loss: 0.000113
Source Train Accuracy: 1.000000
Target Fine-tune Loss: 0.783652
Target Fine-tune Accuracy: 0.750200

Epoch 25:
Source Train Loss: 0.000093
Source Train Accuracy: 1.000000
Target Fine-tune Loss: 0.841390
Target Fine-tune Accuracy: 0.731600

Epoch 26:
Source Train Loss: 0.000091
Source Train Accuracy: 1.000000
Target Fine-tune Loss: 0.868424
Target Fine-tune Accuracy: 0.722000

Epoch 27:
Source Train Loss: 0.000105
Source Train Accuracy: 1.000000
Target Fine-tune Loss: 0.837876
Target Fine-tune Accuracy: 0.725600

Epoch 28:
Source Train Loss: 0.000084
Source Train Accuracy: 1.000000
Target Fine-tune Loss: 0.754667
Target Fine-tune Accuracy: 0.748800

Epoch 29:
Source Train Loss: 0.000074
Source Train Accuracy: 1.000000
Target Fine-tune Loss: 0.871216
Target Fine-tune Accuracy: 0.725800

Epoch 30:
Source Train Loss: 0.000064
Source Train Accuracy: 1.000000
Target Fine-tune Loss: 0.842440
Target Fine-tune Accuracy: 0.740200

Please consider to run pre-processing before quantization. Refer to example: https://github.com/microsoft/onnxruntime-inference-examples/blob/main/quantization/image_classification/cpu/ReadMe.md 
Please consider pre-processing before quantization. See https://github.com/microsoft/onnxruntime-inference-examples/blob/main/quantization/image_classification/cpu/ReadMe.md 
Please consider to run pre-processing before quantization. Refer to example: https://github.com/microsoft/onnxruntime-inference-examples/blob/main/quantization/image_classification/cpu/ReadMe.md 
Please consider pre-processing before quantization. See https://github.com/microsoft/onnxruntime-inference-examples/blob/main/quantization/image_classification/cpu/ReadMe.md 
Compression summary saved to /root/workspace/MAML-Edge/deploy_artifacts/paper_balanced/domain/source013_target2/CNN_CWRU_STFT_5w5s5q_source013_target2_labels0123456789/compression_summary.json.

[return_code] 0
