
=== 2026-04-12T20:33:57+08:00 ===
$ /root/miniconda3/envs/fault_env/bin/python train.py --mode train --algorithm cnn --dataset CWRU --preprocess WT --ways 5 --shots 15 --query_shots 15 --train_domains 0\,1\,3 --test_domain 2 --fault_labels 0\,1\,2\,3\,4\,5\,6\,7\,8\,9 --runtime_backend onnxruntime --enable_compression true --prune_ratio 0.4 --plot false --log true --cuda true --calibration_size 64 --enable_qat_recovery false --onnx_opset 17 --epochs 30 --batch_size 64 --finetune_epochs 15 --finetune_lr 0.0003 --test_task_num 200 --compression_finetune_iters 80 --log_path /root/workspace/MAML-Edge/logs/paper_runs/balanced/domain/source013_target2/latest/logs/wt/cnn --seed 42 --checkpoint_path /root/workspace/MAML-Edge/checkpoints/paper_balanced/domain/source013_target2 --compression_output_path /root/workspace/MAML-Edge/deploy_artifacts/paper_balanced/domain/source013_target2 --deployment_label_sampling random_per_episode 
/root/miniconda3/envs/fault_env/lib/python3.9/site-packages/sklearn/utils/fixes.py:28: UserWarning: pkg_resources is deprecated as an API. See https://setuptools.pypa.io/en/latest/pkg_resources.html. The pkg_resources package is slated for removal as early as 2025-11-30. Refrain from using this package or pin to Setuptools<81.
  from pkg_resources import parse_version  # type: ignore
Experiment: CNN_CWRU_WT_5w15s15q_source013_target2_labels0123456789
Training CNN baseline with 1 GPU(s).
Epoch 1:
Source Train Loss: 0.465162
Source Train Accuracy: 0.937671
Target Fine-tune Loss: 0.756328
Target Fine-tune Accuracy: 0.796067

Epoch 2:
Source Train Loss: 0.043830
Source Train Accuracy: 0.997945
Target Fine-tune Loss: 0.854062
Target Fine-tune Accuracy: 0.721333

Epoch 3:
Source Train Loss: 0.018243
Source Train Accuracy: 0.998973
Target Fine-tune Loss: 0.719013
Target Fine-tune Accuracy: 0.754200

Epoch 4:
Source Train Loss: 0.008803
Source Train Accuracy: 1.000000
Target Fine-tune Loss: 0.735352
Target Fine-tune Accuracy: 0.745933

Epoch 5:
Source Train Loss: 0.005328
Source Train Accuracy: 1.000000
Target Fine-tune Loss: 0.712995
Target Fine-tune Accuracy: 0.765600

Epoch 6:
Source Train Loss: 0.003983
Source Train Accuracy: 0.999886
Target Fine-tune Loss: 0.740698
Target Fine-tune Accuracy: 0.749533

Epoch 7:
Source Train Loss: 0.002775
Source Train Accuracy: 1.000000
Target Fine-tune Loss: 0.954124
Target Fine-tune Accuracy: 0.670400

Epoch 8:
Source Train Loss: 0.001644
Source Train Accuracy: 1.000000
Target Fine-tune Loss: 0.935012
Target Fine-tune Accuracy: 0.678267

Epoch 9:
Source Train Loss: 0.001281
Source Train Accuracy: 1.000000
Target Fine-tune Loss: 0.789891
Target Fine-tune Accuracy: 0.724067

Epoch 10:
Source Train Loss: 0.000971
Source Train Accuracy: 1.000000
Target Fine-tune Loss: 0.939382
Target Fine-tune Accuracy: 0.674800

Epoch 11:
Source Train Loss: 0.000795
Source Train Accuracy: 1.000000
Target Fine-tune Loss: 0.913100
Target Fine-tune Accuracy: 0.684533

Epoch 12:
Source Train Loss: 0.000685
Source Train Accuracy: 1.000000
Target Fine-tune Loss: 0.850829
Target Fine-tune Accuracy: 0.705533

Epoch 13:
Source Train Loss: 0.000577
Source Train Accuracy: 1.000000
Target Fine-tune Loss: 0.862907
Target Fine-tune Accuracy: 0.700667

Epoch 14:
Source Train Loss: 0.000461
Source Train Accuracy: 1.000000
Target Fine-tune Loss: 0.914277
Target Fine-tune Accuracy: 0.683933

Epoch 15:
Source Train Loss: 0.000416
Source Train Accuracy: 1.000000
Target Fine-tune Loss: 0.838795
Target Fine-tune Accuracy: 0.718467

Epoch 16:
Source Train Loss: 0.000362
Source Train Accuracy: 1.000000
Target Fine-tune Loss: 0.880085
Target Fine-tune Accuracy: 0.690133

Epoch 17:
Source Train Loss: 0.000312
Source Train Accuracy: 1.000000
Target Fine-tune Loss: 0.755093
Target Fine-tune Accuracy: 0.737267

Epoch 18:
Source Train Loss: 0.000282
Source Train Accuracy: 1.000000
Target Fine-tune Loss: 0.848657
Target Fine-tune Accuracy: 0.703000

Epoch 19:
Source Train Loss: 0.000255
Source Train Accuracy: 1.000000
Target Fine-tune Loss: 0.929803
Target Fine-tune Accuracy: 0.674733

Epoch 20:
Source Train Loss: 0.000218
Source Train Accuracy: 1.000000
Target Fine-tune Loss: 0.886593
Target Fine-tune Accuracy: 0.692933

Epoch 21:
Source Train Loss: 0.000182
Source Train Accuracy: 1.000000
Target Fine-tune Loss: 0.954539
Target Fine-tune Accuracy: 0.680000

Epoch 22:
Source Train Loss: 0.000166
Source Train Accuracy: 1.000000
Target Fine-tune Loss: 1.035776
Target Fine-tune Accuracy: 0.652000

Epoch 23:
Source Train Loss: 0.000152
Source Train Accuracy: 1.000000
Target Fine-tune Loss: 0.872592
Target Fine-tune Accuracy: 0.696000

Epoch 24:
Source Train Loss: 0.000134
Source Train Accuracy: 1.000000
Target Fine-tune Loss: 0.912534
Target Fine-tune Accuracy: 0.691000

Epoch 25:
Source Train Loss: 0.000131
Source Train Accuracy: 1.000000
Target Fine-tune Loss: 0.871463
Target Fine-tune Accuracy: 0.695000

Epoch 26:
Source Train Loss: 0.000108
Source Train Accuracy: 1.000000
Target Fine-tune Loss: 1.003202
Target Fine-tune Accuracy: 0.662533

Epoch 27:
Source Train Loss: 0.000097
Source Train Accuracy: 1.000000
Target Fine-tune Loss: 0.922428
Target Fine-tune Accuracy: 0.686933

Epoch 28:
Source Train Loss: 0.000085
Source Train Accuracy: 1.000000
Target Fine-tune Loss: 0.897176
Target Fine-tune Accuracy: 0.694200

Epoch 29:
Source Train Loss: 0.000080
Source Train Accuracy: 1.000000
Target Fine-tune Loss: 0.989492
Target Fine-tune Accuracy: 0.662333

Epoch 30:
Source Train Loss: 0.000074
Source Train Accuracy: 1.000000
Target Fine-tune Loss: 0.995107
Target Fine-tune Accuracy: 0.668067

Please consider to run pre-processing before quantization. Refer to example: https://github.com/microsoft/onnxruntime-inference-examples/blob/main/quantization/image_classification/cpu/ReadMe.md 
Please consider pre-processing before quantization. See https://github.com/microsoft/onnxruntime-inference-examples/blob/main/quantization/image_classification/cpu/ReadMe.md 
Please consider to run pre-processing before quantization. Refer to example: https://github.com/microsoft/onnxruntime-inference-examples/blob/main/quantization/image_classification/cpu/ReadMe.md 
Please consider pre-processing before quantization. See https://github.com/microsoft/onnxruntime-inference-examples/blob/main/quantization/image_classification/cpu/ReadMe.md 
Compression summary saved to /root/workspace/MAML-Edge/deploy_artifacts/paper_balanced/domain/source013_target2/CNN_CWRU_WT_5w15s15q_source013_target2_labels0123456789/compression_summary.json.

[return_code] 0
