
=== 2026-04-12T13:57:03+08:00 ===
$ /root/miniconda3/envs/fault_env/bin/python train.py --mode train --algorithm cnn --dataset CWRU --preprocess STFT --ways 5 --shots 15 --query_shots 15 --train_domains 0\,1\,3 --test_domain 2 --fault_labels 0\,1\,2\,3\,4\,5\,6\,7\,8\,9 --runtime_backend onnxruntime --enable_compression true --prune_ratio 0.4 --plot false --log true --cuda true --calibration_size 64 --enable_qat_recovery false --onnx_opset 17 --epochs 30 --batch_size 64 --finetune_epochs 15 --finetune_lr 0.0003 --test_task_num 200 --compression_finetune_iters 80 --log_path /root/workspace/MAML-Edge/logs/paper_runs/balanced/domain/source013_target2/latest/logs/stft/cnn --seed 42 --checkpoint_path /root/workspace/MAML-Edge/checkpoints/paper_balanced/domain/source013_target2 --compression_output_path /root/workspace/MAML-Edge/deploy_artifacts/paper_balanced/domain/source013_target2 --deployment_label_sampling random_per_episode 
/root/miniconda3/envs/fault_env/lib/python3.9/site-packages/sklearn/utils/fixes.py:28: UserWarning: pkg_resources is deprecated as an API. See https://setuptools.pypa.io/en/latest/pkg_resources.html. The pkg_resources package is slated for removal as early as 2025-11-30. Refrain from using this package or pin to Setuptools<81.
  from pkg_resources import parse_version  # type: ignore
Experiment: CNN_CWRU_STFT_5w15s15q_source013_target2_labels0123456789
Training CNN baseline with 1 GPU(s).
Epoch 1:
Source Train Loss: 0.435405
Source Train Accuracy: 0.944635
Target Fine-tune Loss: 0.741879
Target Fine-tune Accuracy: 0.811000

Epoch 2:
Source Train Loss: 0.030780
Source Train Accuracy: 0.998858
Target Fine-tune Loss: 0.698054
Target Fine-tune Accuracy: 0.782533

Epoch 3:
Source Train Loss: 0.011468
Source Train Accuracy: 0.999886
Target Fine-tune Loss: 0.695761
Target Fine-tune Accuracy: 0.790733

Epoch 4:
Source Train Loss: 0.005973
Source Train Accuracy: 1.000000
Target Fine-tune Loss: 0.663990
Target Fine-tune Accuracy: 0.778600

