
=== 2026-04-11T09:44:14+08:00 ===
$ /root/miniconda3/envs/fault_env/bin/python train.py --mode train --algorithm maml --dataset CWRU --preprocess STFT --ways 5 --shots 10 --query_shots 10 --train_domains 0\,1\,2 --test_domain 3 --fault_labels 0\,1\,2\,3\,4\,5\,6\,7\,8\,9 --runtime_backend onnxruntime --enable_compression true --prune_ratio 0.4 --plot false --log true --cuda true --calibration_size 64 --enable_qat_recovery false --onnx_opset 17 --iters 80 --meta_batch_size 16 --train_task_num 100 --test_task_num 200 --compression_finetune_iters 80 --compression_meta_batch_size 8 --log_path /root/workspace/MAML-Edge/logs/paper_runs/balanced/seed/seed43/latest/logs/stft/maml --seed 43 --checkpoint_path /root/workspace/MAML-Edge/checkpoints/paper_balanced/seed/seed43 --compression_output_path /root/workspace/MAML-Edge/deploy_artifacts/paper_balanced/seed/seed43 --deployment_label_sampling random_per_episode 
/root/miniconda3/envs/fault_env/lib/python3.9/site-packages/sklearn/utils/fixes.py:28: UserWarning: pkg_resources is deprecated as an API. See https://setuptools.pypa.io/en/latest/pkg_resources.html. The pkg_resources package is slated for removal as early as 2025-11-30. Refrain from using this package or pin to Setuptools<81.
  from pkg_resources import parse_version  # type: ignore
Gym has been unmaintained since 2022 and does not support NumPy 2.0 amongst other critical functionality.
Please upgrade to Gymnasium, the maintained drop-in replacement of Gym, or contact the authors of your software and request that they upgrade.
Users of this version of Gym should be able to simply replace 'import gym' with 'import gymnasium as gym' in the vast majority of cases.
See the migration guide at https://gymnasium.farama.org/introduction/migration_guide/ for additional information.
Experiment: MAML_CWRU_STFT_5w10s_source012_target3_labels0123456789
Training MAML with 1 GPU(s).
Training domains: [0, 1, 2].
Testing domain: 3.
Iteration 1:
Meta Train Results:
Meta Train Error: 0.8298566192388535.
Meta Train Accuracy: 0.9537499770522118.
Meta Test Results:
Meta Test Error: 0.8433939132094384.
Meta Test Accuracy: 0.9360999804735184.

Iteration 2:
Meta Train Results:
Meta Train Error: 0.7299832254648209.
Meta Train Accuracy: 0.9587499834597111.
Meta Test Results:
Meta Test Error: 0.7663966828584671.
Meta Test Accuracy: 0.946699980199337.

Iteration 3:
Meta Train Results:
Meta Train Error: 0.721318032592535.
Meta Train Accuracy: 0.9599999859929085.
Meta Test Results:
Meta Test Error: 0.723224661052227.
Meta Test Accuracy: 0.9403999808430672.

Iteration 4:
Meta Train Results:
Meta Train Error: 0.6382972579449415.
Meta Train Accuracy: 0.9562499821186066.
Meta Test Results:
Meta Test Error: 0.6692343957722187.
Meta Test Accuracy: 0.9455999818444252.

Iteration 5:
Meta Train Results:
Meta Train Error: 0.5790724214166403.
Meta Train Accuracy: 0.9749999865889549.
Meta Test Results:
Meta Test Error: 0.605622393488884.
Meta Test Accuracy: 0.9529999831318855.

Iteration 6:
Meta Train Results:
Meta Train Error: 0.5056681968271732.
Meta Train Accuracy: 0.9799999929964542.
Meta Test Results:
Meta Test Error: 0.5638473002612591.
Meta Test Accuracy: 0.9563999816775322.

Iteration 7:
Meta Train Results:
Meta Train Error: 0.45615028217434883.
Meta Train Accuracy: 0.9837499856948853.
Meta Test Results:
Meta Test Error: 0.5109309612214565.
Meta Test Accuracy: 0.9656999808549881.

Iteration 8:
Meta Train Results:
Meta Train Error: 0.4884551055729389.
Meta Train Accuracy: 0.9799999892711639.
Meta Test Results:
Meta Test Error: 0.4964751010388136.
Meta Test Accuracy: 0.964299983382225.

Iteration 9:
Meta Train Results:
Meta Train Error: 0.37475011497735977.
Meta Train Accuracy: 0.9837499856948853.
Meta Test Results:
Meta Test Error: 0.4840459159016609.
Meta Test Accuracy: 0.9624999821186065.

Iteration 10:
Meta Train Results:
Meta Train Error: 0.41451811138540506.
Meta Train Accuracy: 0.9837499894201756.
Meta Test Results:
Meta Test Error: 0.4534230846911669.
Meta Test Accuracy: 0.9637999805808067.

Iteration 11:
Meta Train Results:
Meta Train Error: 0.3728596055880189.
Meta Train Accuracy: 0.9787499867379665.
Meta Test Results:
Meta Test Error: 0.42205765448510646.
Meta Test Accuracy: 0.9671999818086624.

Iteration 12:
Meta Train Results:
Meta Train Error: 0.3259286731481552.
Meta Train Accuracy: 0.9887499921023846.
Meta Test Results:
Meta Test Error: 0.4011482048034668.
Meta Test Accuracy: 0.9658999836444855.

Iteration 13:
Meta Train Results:
Meta Train Error: 0.3153637759387493.
Meta Train Accuracy: 0.9962499924004078.
Meta Test Results:
Meta Test Error: 0.38652191184461115.
Meta Test Accuracy: 0.9665999847650528.

Iteration 14:
Meta Train Results:
Meta Train Error: 0.3164875041693449.
Meta Train Accuracy: 0.9899999909102917.
Meta Test Results:
Meta Test Error: 0.38007371708750726.
Meta Test Accuracy: 0.9679999834299088.

Iteration 15:
Meta Train Results:
Meta Train Error: 0.29527589585632086.
Meta Train Accuracy: 0.9937499910593033.
Meta Test Results:
Meta Test Error: 0.3710797716677189.
Meta Test Accuracy: 0.9693999829888343.

Iteration 16:
Meta Train Results:
Meta Train Error: 0.3175822291523218.
Meta Train Accuracy: 0.9862499870359898.
Meta Test Results:
Meta Test Error: 0.3426833801716566.
Meta Test Accuracy: 0.976099987924099.

Iteration 17:
Meta Train Results:
Meta Train Error: 0.2906673029065132.
Meta Train Accuracy: 0.9937499985098839.
Meta Test Results:
Meta Test Error: 0.33933879345655443.
Meta Test Accuracy: 0.9738999846577644.

Iteration 18:
Meta Train Results:
Meta Train Error: 0.27869829814881086.
Meta Train Accuracy: 0.9949999935925007.
Meta Test Results:
Meta Test Error: 0.32968212097883226.
Meta Test Accuracy: 0.976999987065792.

Iteration 19:
Meta Train Results:
Meta Train Error: 0.2867278680205345.
Meta Train Accuracy: 0.9912499934434891.
Meta Test Results:
Meta Test Error: 0.3078082199394703.
Meta Test Accuracy: 0.9819999864697456.

Iteration 20:
Meta Train Results:
Meta Train Error: 0.25833600014448166.
Meta Train Accuracy: 0.988749984651804.
Meta Test Results:
Meta Test Error: 0.29252694495022297.
Meta Test Accuracy: 0.9802999860048294.

Iteration 21:
Meta Train Results:
Meta Train Error: 0.21478938590735197.
Meta Train Accuracy: 0.9949999898672104.
Meta Test Results:
Meta Test Error: 0.2920340647548437.
Meta Test Accuracy: 0.9792999863624573.

Iteration 22:
Meta Train Results:
Meta Train Error: 0.218768616206944.
Meta Train Accuracy: 0.9899999871850014.
Meta Test Results:
Meta Test Error: 0.2815532735735178.
Meta Test Accuracy: 0.9830999884009362.

Iteration 23:
Meta Train Results:
Meta Train Error: 0.21825382392853498.
Meta Train Accuracy: 0.9949999898672104.
Meta Test Results:
Meta Test Error: 0.2650650230422616.
Meta Test Accuracy: 0.9825999888777733.

Iteration 24:
Meta Train Results:
Meta Train Error: 0.19750527665019035.
Meta Train Accuracy: 0.9987499974668026.
Meta Test Results:
Meta Test Error: 0.26469360865652564.
Meta Test Accuracy: 0.9819999867677689.

Iteration 25:
Meta Train Results:
Meta Train Error: 0.18666934361681342.
Meta Train Accuracy: 0.9962499924004078.
Meta Test Results:
Meta Test Error: 0.24622541062533856.
Meta Test Accuracy: 0.9850999879837036.

Iteration 26:
Meta Train Results:
Meta Train Error: 0.1908257668837905.
Meta Train Accuracy: 0.9974999949336052.
Meta Test Results:
Meta Test Error: 0.23077865939587355.
Meta Test Accuracy: 0.9867999893426895.

Iteration 27:
Meta Train Results:
Meta Train Error: 0.17627748707309365.
Meta Train Accuracy: 0.9962499924004078.
Meta Test Results:
Meta Test Error: 0.23977014496922494.
Meta Test Accuracy: 0.9826999869942665.

Iteration 28:
Meta Train Results:
Meta Train Error: 0.20622327644377947.
Meta Train Accuracy: 0.9899999871850014.
Meta Test Results:
Meta Test Error: 0.23816570945084095.
Meta Test Accuracy: 0.9846999877691269.

Iteration 29:
Meta Train Results:
Meta Train Error: 0.22617796435952187.
Meta Train Accuracy: 0.9912499897181988.
Meta Test Results:
Meta Test Error: 0.22290172453969717.
Meta Test Accuracy: 0.985699990093708.

Iteration 30:
Meta Train Results:
Meta Train Error: 0.22522710636258125.
Meta Train Accuracy: 0.9912499897181988.
Meta Test Results:
Meta Test Error: 0.2184135749563575.
Meta Test Accuracy: 0.9854999893903732.

Iteration 31:
Meta Train Results:
Meta Train Error: 0.17586133815348148.
Meta Train Accuracy: 0.9937499910593033.
Meta Test Results:
Meta Test Error: 0.2209913258254528.
Meta Test Accuracy: 0.9875999897718429.

Iteration 32:
Meta Train Results:
Meta Train Error: 0.17573104798793793.
Meta Train Accuracy: 0.9974999949336052.
Meta Test Results:
Meta Test Error: 0.24587313428521157.
Meta Test Accuracy: 0.9813999876379966.

Iteration 33:
Meta Train Results:
Meta Train Error: 0.20249938545748591.
Meta Train Accuracy: 0.9912499822676182.
Meta Test Results:
Meta Test Error: 0.21997328367084265.
Meta Test Accuracy: 0.9857999873161316.

Iteration 34:
Meta Train Results:
Meta Train Error: 0.18493718234822154.
Meta Train Accuracy: 1.0.
Meta Test Results:
Meta Test Error: 0.22912694178521634.
Meta Test Accuracy: 0.9844999873638153.

Iteration 35:
Meta Train Results:
Meta Train Error: 0.18702126201242208.
Meta Train Accuracy: 0.9924999922513962.
Meta Test Results:
Meta Test Error: 0.21271694868803023.
Meta Test Accuracy: 0.9858999887108802.

Iteration 36:
Meta Train Results:
Meta Train Error: 0.19287005346268415.
Meta Train Accuracy: 0.9962499924004078.
Meta Test Results:
Meta Test Error: 0.20946073837578297.
Meta Test Accuracy: 0.9891999900341034.

Iteration 37:
Meta Train Results:
Meta Train Error: 0.15510248625651002.
Meta Train Accuracy: 0.9962499924004078.
Meta Test Results:
Meta Test Error: 0.2096111098304391.
Meta Test Accuracy: 0.9846999877691269.

Iteration 38:
Meta Train Results:
Meta Train Error: 0.18566331500187516.
Meta Train Accuracy: 0.9924999848008156.
Meta Test Results:
Meta Test Error: 0.19017898052930832.
Meta Test Accuracy: 0.9874999895691872.

Iteration 39:
Meta Train Results:
Meta Train Error: 0.15696555003523827.
Meta Train Accuracy: 0.9924999922513962.
Meta Test Results:
Meta Test Error: 0.1987202266603708.
Meta Test Accuracy: 0.9891999912261963.

Iteration 40:
Meta Train Results:
Meta Train Error: 0.14628053456544876.
Meta Train Accuracy: 0.9962499961256981.
Meta Test Results:
Meta Test Error: 0.18918105911463498.
Meta Test Accuracy: 0.9890999901294708.

Iteration 41:
Meta Train Results:
Meta Train Error: 0.14690072648227215.
Meta Train Accuracy: 0.9924999885261059.
Meta Test Results:
Meta Test Error: 0.18368361240252853.
Meta Test Accuracy: 0.9884999904036522.

Iteration 42:
Meta Train Results:
Meta Train Error: 0.17159557389095426.
Meta Train Accuracy: 0.9874999858438969.
Meta Test Results:
Meta Test Error: 0.18366067297756672.
Meta Test Accuracy: 0.9890999901294708.

Iteration 43:
Meta Train Results:
Meta Train Error: 0.14889872213825583.
Meta Train Accuracy: 0.993749987334013.
Meta Test Results:
Meta Test Error: 0.18112897135317327.
Meta Test Accuracy: 0.9881999909877777.

Iteration 44:
Meta Train Results:
Meta Train Error: 0.1422955202870071.
Meta Train Accuracy: 0.9949999935925007.
Meta Test Results:
Meta Test Error: 0.16592805966734886.
Meta Test Accuracy: 0.9912999904155732.

Iteration 45:
Meta Train Results:
Meta Train Error: 0.12563551124185324.
Meta Train Accuracy: 0.9987499974668026.
Meta Test Results:
Meta Test Error: 0.18467032616958023.
Meta Test Accuracy: 0.9864999896287918.

Iteration 46:
Meta Train Results:
Meta Train Error: 0.1274242289364338.
Meta Train Accuracy: 0.9974999949336052.
Meta Test Results:
Meta Test Error: 0.18206421960145236.
Meta Test Accuracy: 0.9865999886393547.

Iteration 47:
Meta Train Results:
Meta Train Error: 0.13871792750433087.
Meta Train Accuracy: 0.9949999898672104.
Meta Test Results:
Meta Test Error: 0.17669220428913832.
Meta Test Accuracy: 0.988699989914894.

Iteration 48:
Meta Train Results:
Meta Train Error: 0.18167831702157855.
Meta Train Accuracy: 0.9837499856948853.
Meta Test Results:
Meta Test Error: 0.1575698022916913.
Meta Test Accuracy: 0.9903999900817871.

Iteration 49:
Meta Train Results:
Meta Train Error: 0.15172273153439164.
Meta Train Accuracy: 0.9974999949336052.
Meta Test Results:
Meta Test Error: 0.17190263757482172.
Meta Test Accuracy: 0.9867999893426895.

Iteration 50:
Meta Train Results:
Meta Train Error: 0.14731889497488737.
Meta Train Accuracy: 0.9924999885261059.
Meta Test Results:
Meta Test Error: 0.16614601241424679.
Meta Test Accuracy: 0.9891999903321266.

Iteration 51:
Meta Train Results:
Meta Train Error: 0.1265925362240523.
Meta Train Accuracy: 0.9937499910593033.
Meta Test Results:
Meta Test Error: 0.16279626440256834.
Meta Test Accuracy: 0.9884999895095825.

Iteration 52:
Meta Train Results:
Meta Train Error: 0.1556647615507245.
Meta Train Accuracy: 0.9912499897181988.
Meta Test Results:
Meta Test Error: 0.15837000688537956.
Meta Test Accuracy: 0.9891999906301499.

Iteration 53:
Meta Train Results:
Meta Train Error: 0.11714365100488067.
Meta Train Accuracy: 0.9962499924004078.
Meta Test Results:
Meta Test Error: 0.1472890422306955.
Meta Test Accuracy: 0.9900999906659126.

Iteration 54:
Meta Train Results:
Meta Train Error: 0.12949334946461022.
Meta Train Accuracy: 0.9974999949336052.
Meta Test Results:
Meta Test Error: 0.14159413788467645.
Meta Test Accuracy: 0.991599990427494.

Iteration 55:
Meta Train Results:
Meta Train Error: 0.1175104680005461.
Meta Train Accuracy: 0.993749987334013.
Meta Test Results:
Meta Test Error: 0.14299649270251394.
Meta Test Accuracy: 0.9887999895215035.

Iteration 56:
Meta Train Results:
Meta Train Error: 0.10575532424263656.
Meta Train Accuracy: 0.9962499924004078.
Meta Test Results:
Meta Test Error: 0.13765466026961803.
Meta Test Accuracy: 0.989199990928173.

Iteration 57:
Meta Train Results:
Meta Train Error: 0.10702066123485565.
Meta Train Accuracy: 0.9937499910593033.
Meta Test Results:
Meta Test Error: 0.13987513257190584.
Meta Test Accuracy: 0.992099991440773.

Iteration 58:
Meta Train Results:
Meta Train Error: 0.12384027196094394.
Meta Train Accuracy: 0.988749984651804.
Meta Test Results:
Meta Test Error: 0.1499327808059752.
Meta Test Accuracy: 0.9851999884843826.

Iteration 59:
Meta Train Results:
Meta Train Error: 0.12580361077561975.
Meta Train Accuracy: 0.9937499947845936.
Meta Test Results:
Meta Test Error: 0.1467027635872364.
Meta Test Accuracy: 0.9888999882340431.

Iteration 60:
Meta Train Results:
Meta Train Error: 0.14656040957197547.
Meta Train Accuracy: 0.9912499934434891.
Meta Test Results:
Meta Test Error: 0.13938415955752134.
Meta Test Accuracy: 0.9900999891757966.

Iteration 61:
Meta Train Results:
Meta Train Error: 0.10332734347321093.
Meta Train Accuracy: 0.9987499974668026.
Meta Test Results:
Meta Test Error: 0.14172433158382775.
Meta Test Accuracy: 0.9878999900817871.

Iteration 62:
Meta Train Results:
Meta Train Error: 0.10826418967917562.
Meta Train Accuracy: 0.9899999871850014.
Meta Test Results:
Meta Test Error: 0.14567506784573198.
Meta Test Accuracy: 0.9875999888777733.

Iteration 63:
Meta Train Results:
Meta Train Error: 0.09185590129345655.
Meta Train Accuracy: 0.9987499974668026.
Meta Test Results:
Meta Test Error: 0.13902473771944643.
Meta Test Accuracy: 0.987399990260601.

Iteration 64:
Meta Train Results:
Meta Train Error: 0.10028538480401039.
Meta Train Accuracy: 0.9974999949336052.
Meta Test Results:
Meta Test Error: 0.12947276743128897.
Meta Test Accuracy: 0.9896999889612198.

Iteration 65:
Meta Train Results:
Meta Train Error: 0.11156441899947822.
Meta Train Accuracy: 0.9962499924004078.
Meta Test Results:
Meta Test Error: 0.13582582937553525.
Meta Test Accuracy: 0.9873999884724617.

Iteration 66:
Meta Train Results:
Meta Train Error: 0.09195910138078034.
Meta Train Accuracy: 1.0.
Meta Test Results:
Meta Test Error: 0.12257376113906503.
Meta Test Accuracy: 0.99049998909235.

Iteration 67:
Meta Train Results:
Meta Train Error: 0.09396498370915651.
Meta Train Accuracy: 0.9987499974668026.
Meta Test Results:
Meta Test Error: 0.13540991857647897.
Meta Test Accuracy: 0.9877999883890152.

Iteration 68:
Meta Train Results:
Meta Train Error: 0.09791450807824731.
Meta Train Accuracy: 0.9974999949336052.
Meta Test Results:
Meta Test Error: 0.1398223919980228.
Meta Test Accuracy: 0.9822999879717826.

Iteration 69:
Meta Train Results:
Meta Train Error: 0.093580920714885.
Meta Train Accuracy: 0.9974999949336052.
Meta Test Results:
Meta Test Error: 0.12858437582850457.
Meta Test Accuracy: 0.9870999902486801.

Iteration 70:
Meta Train Results:
Meta Train Error: 0.09979462274350226.
Meta Train Accuracy: 0.9949999935925007.
Meta Test Results:
Meta Test Error: 0.13175727622583508.
Meta Test Accuracy: 0.9881999903917312.

Iteration 71:
Meta Train Results:
Meta Train Error: 0.06837386218830943.
Meta Train Accuracy: 1.0.
Meta Test Results:
Meta Test Error: 0.12247718212194741.
Meta Test Accuracy: 0.9902999904751778.

Iteration 72:
Meta Train Results:
Meta Train Error: 0.07220678310841322.
Meta Train Accuracy: 1.0.
Meta Test Results:
Meta Test Error: 0.1264672816172242.
Meta Test Accuracy: 0.988299990594387.

Iteration 73:
Meta Train Results:
Meta Train Error: 0.0949250697158277.
Meta Train Accuracy: 0.9949999935925007.
Meta Test Results:
Meta Test Error: 0.14013251481577754.
Meta Test Accuracy: 0.9854999881982803.

Iteration 74:
Meta Train Results:
Meta Train Error: 0.10972831049002707.
Meta Train Accuracy: 0.9899999909102917.
Meta Test Results:
Meta Test Error: 0.13930165310390294.
Meta Test Accuracy: 0.9835999873280525.

Iteration 75:
Meta Train Results:
Meta Train Error: 0.11720630316995084.
Meta Train Accuracy: 0.9874999932944775.
Meta Test Results:
Meta Test Error: 0.1373826938867569.
Meta Test Accuracy: 0.9857999894022942.

Iteration 76:
Meta Train Results:
Meta Train Error: 0.09888455551117659.
Meta Train Accuracy: 0.9962499961256981.
Meta Test Results:
Meta Test Error: 0.1455791648477316.
Meta Test Accuracy: 0.9834999889135361.

Iteration 77:
Meta Train Results:
Meta Train Error: 0.09968140767887235.
Meta Train Accuracy: 0.9937499910593033.
Meta Test Results:
Meta Test Error: 0.14839733438566327.
Meta Test Accuracy: 0.9799999874830246.

Iteration 78:
Meta Train Results:
Meta Train Error: 0.12494766060262918.
Meta Train Accuracy: 0.9874999895691872.
Meta Test Results:
Meta Test Error: 0.14575572907924653.
Meta Test Accuracy: 0.9807999873161316.

Iteration 79:
Meta Train Results:
Meta Train Error: 0.09337005624547601.
Meta Train Accuracy: 0.9987499974668026.
Meta Test Results:
Meta Test Error: 0.13307854555547238.
Meta Test Accuracy: 0.9839999878406525.

Iteration 80:
Meta Train Results:
Meta Train Error: 0.10636552260257304.
Meta Train Accuracy: 0.9962499924004078.
Meta Test Results:
Meta Test Error: 0.14112619295716286.
Meta Test Accuracy: 0.9824999874830246.

Please consider to run pre-processing before quantization. Refer to example: https://github.com/microsoft/onnxruntime-inference-examples/blob/main/quantization/image_classification/cpu/ReadMe.md 
Please consider pre-processing before quantization. See https://github.com/microsoft/onnxruntime-inference-examples/blob/main/quantization/image_classification/cpu/ReadMe.md 
Please consider to run pre-processing before quantization. Refer to example: https://github.com/microsoft/onnxruntime-inference-examples/blob/main/quantization/image_classification/cpu/ReadMe.md 
Please consider pre-processing before quantization. See https://github.com/microsoft/onnxruntime-inference-examples/blob/main/quantization/image_classification/cpu/ReadMe.md 
Compression summary saved to /root/workspace/MAML-Edge/deploy_artifacts/paper_balanced/seed/seed43/MAML_CWRU_STFT_5w10s_source012_target3_labels0123456789/compression_summary.json.

[return_code] 0
