
=== 2026-04-10T23:44:52+08:00 ===
$ /root/miniconda3/envs/fault_env/bin/python train.py --mode train --algorithm cnn --dataset CWRU --preprocess FFT --ways 5 --shots 15 --query_shots 15 --train_domains 0\,1\,2 --test_domain 3 --fault_labels 0\,1\,2\,3\,4\,5\,6\,7\,8\,9 --runtime_backend onnxruntime --enable_compression true --prune_ratio 0.4 --plot false --log true --cuda true --calibration_size 64 --enable_qat_recovery false --onnx_opset 17 --epochs 40 --batch_size 64 --finetune_epochs 15 --finetune_lr 0.0003 --test_task_num 50 --compression_finetune_iters 80 --log_path /root/workspace/MAML-Edge/logs/overnight_runs/controlled/latest/logs/fft/cnn --seed 42 --checkpoint_path /root/workspace/MAML-Edge/checkpoints --compression_output_path /root/workspace/MAML-Edge/deploy_artifacts --deployment_label_sampling random_per_episode 
/root/miniconda3/envs/fault_env/lib/python3.9/site-packages/sklearn/utils/fixes.py:28: UserWarning: pkg_resources is deprecated as an API. See https://setuptools.pypa.io/en/latest/pkg_resources.html. The pkg_resources package is slated for removal as early as 2025-11-30. Refrain from using this package or pin to Setuptools<81.
  from pkg_resources import parse_version  # type: ignore
Experiment: CNN_CWRU_FFT_5w15s15q_source012_target3_labels0123456789
Training CNN baseline with 1 GPU(s).
Domain: 0, normalization: False, time_steps: 1024, overlap_ratio: 0.5.
Loading Data: fault type: 0, total num: 243938, sample num: 475
Data is shuffled using random seed: 42

Loading Data: fault type: 1, total num: 121265, sample num: 235
Data is shuffled using random seed: 42

Loading Data: fault type: 2, total num: 122571, sample num: 238
Data is shuffled using random seed: 42

Loading Data: fault type: 3, total num: 121991, sample num: 237
Data is shuffled using random seed: 42

Loading Data: fault type: 4, total num: 121846, sample num: 236
Data is shuffled using random seed: 42

Loading Data: fault type: 5, total num: 121846, sample num: 236
Data is shuffled using random seed: 42

Loading Data: fault type: 6, total num: 121846, sample num: 236
Data is shuffled using random seed: 42

Loading Data: fault type: 7, total num: 122136, sample num: 237
Data is shuffled using random seed: 42

Loading Data: fault type: 8, total num: 121991, sample num: 237
Data is shuffled using random seed: 42

Loading Data: fault type: 9, total num: 122426, sample num: 238
Data is shuffled using random seed: 42

Domain: 1, normalization: False, time_steps: 1024, overlap_ratio: 0.5.
Loading Data: fault type: 0, total num: 483903, sample num: 944
Data is shuffled using random seed: 42

Loading Data: fault type: 1, total num: 121991, sample num: 237
Data is shuffled using random seed: 42

Loading Data: fault type: 2, total num: 121410, sample num: 236
Data is shuffled using random seed: 42

Loading Data: fault type: 3, total num: 122426, sample num: 238
Data is shuffled using random seed: 42

Loading Data: fault type: 4, total num: 121846, sample num: 236
Data is shuffled using random seed: 42

Loading Data: fault type: 5, total num: 122136, sample num: 237
Data is shuffled using random seed: 42

Loading Data: fault type: 6, total num: 122136, sample num: 237
Data is shuffled using random seed: 42

Loading Data: fault type: 7, total num: 121556, sample num: 236
Data is shuffled using random seed: 42

Loading Data: fault type: 8, total num: 121701, sample num: 236
Data is shuffled using random seed: 42

Loading Data: fault type: 9, total num: 121991, sample num: 237
Data is shuffled using random seed: 42

Domain: 2, normalization: False, time_steps: 1024, overlap_ratio: 0.5.
Loading Data: fault type: 0, total num: 485063, sample num: 946
Data is shuffled using random seed: 42

Loading Data: fault type: 1, total num: 122136, sample num: 237
Data is shuffled using random seed: 42

Loading Data: fault type: 2, total num: 121556, sample num: 236
Data is shuffled using random seed: 42

Loading Data: fault type: 3, total num: 121410, sample num: 236
Data is shuffled using random seed: 42

Loading Data: fault type: 4, total num: 121846, sample num: 236
Data is shuffled using random seed: 42

Loading Data: fault type: 5, total num: 121991, sample num: 237
Data is shuffled using random seed: 42

Loading Data: fault type: 6, total num: 121846, sample num: 236
Data is shuffled using random seed: 42

Loading Data: fault type: 7, total num: 121846, sample num: 236
Data is shuffled using random seed: 42

Loading Data: fault type: 8, total num: 122136, sample num: 237
Data is shuffled using random seed: 42

Loading Data: fault type: 9, total num: 122281, sample num: 237
Data is shuffled using random seed: 42

Domain: 3, normalization: False, time_steps: 1024, overlap_ratio: 0.5.
Loading Data: fault type: 0, total num: 485643, sample num: 947
Data is shuffled using random seed: 42

Loading Data: fault type: 1, total num: 122917, sample num: 239
Data is shuffled using random seed: 42

Loading Data: fault type: 2, total num: 121556, sample num: 236
Data is shuffled using random seed: 42

Loading Data: fault type: 3, total num: 122571, sample num: 238
Data is shuffled using random seed: 42

Loading Data: fault type: 4, total num: 121701, sample num: 236
Data is shuffled using random seed: 42

Loading Data: fault type: 5, total num: 122136, sample num: 237
Data is shuffled using random seed: 42

Loading Data: fault type: 6, total num: 121991, sample num: 237
Data is shuffled using random seed: 42

Loading Data: fault type: 7, total num: 121991, sample num: 237
Data is shuffled using random seed: 42

Loading Data: fault type: 8, total num: 122136, sample num: 237
Data is shuffled using random seed: 42

Loading Data: fault type: 9, total num: 121991, sample num: 237
Data is shuffled using random seed: 42

Epoch 1:
Source Train Loss: 0.113256
Source Train Accuracy: 0.969953
Target Fine-tune Loss: 1.088698
Target Fine-tune Accuracy: 0.643200

Epoch 2:
Source Train Loss: 0.000874
Source Train Accuracy: 1.000000
Target Fine-tune Loss: 1.112427
Target Fine-tune Accuracy: 0.638400

Epoch 3:
Source Train Loss: 0.000360
Source Train Accuracy: 1.000000
Target Fine-tune Loss: 1.061077
Target Fine-tune Accuracy: 0.659467

Epoch 4:
Source Train Loss: 0.000219
Source Train Accuracy: 1.000000
Target Fine-tune Loss: 1.108498
Target Fine-tune Accuracy: 0.638400

Epoch 5:
Source Train Loss: 0.000138
Source Train Accuracy: 1.000000
Target Fine-tune Loss: 1.101333
Target Fine-tune Accuracy: 0.641867

Epoch 6:
Source Train Loss: 0.000085
Source Train Accuracy: 1.000000
Target Fine-tune Loss: 1.147539
Target Fine-tune Accuracy: 0.638933

Epoch 7:
Source Train Loss: 0.000070
Source Train Accuracy: 1.000000
Target Fine-tune Loss: 1.304825
Target Fine-tune Accuracy: 0.595733

Epoch 8:
Source Train Loss: 0.000051
Source Train Accuracy: 1.000000
Target Fine-tune Loss: 1.257746
Target Fine-tune Accuracy: 0.605067

Epoch 9:
Source Train Loss: 0.000037
Source Train Accuracy: 1.000000
Target Fine-tune Loss: 1.281198
Target Fine-tune Accuracy: 0.608267

Epoch 10:
Source Train Loss: 0.000033
Source Train Accuracy: 1.000000
Target Fine-tune Loss: 1.262437
Target Fine-tune Accuracy: 0.610667

Epoch 11:
Source Train Loss: 0.000029
Source Train Accuracy: 1.000000
Target Fine-tune Loss: 1.275019
Target Fine-tune Accuracy: 0.617867

Epoch 12:
Source Train Loss: 0.000023
Source Train Accuracy: 1.000000
Target Fine-tune Loss: 1.342335
Target Fine-tune Accuracy: 0.606133

Epoch 13:
Source Train Loss: 0.000019
Source Train Accuracy: 1.000000
Target Fine-tune Loss: 1.339002
Target Fine-tune Accuracy: 0.616533

Epoch 14:
Source Train Loss: 0.000016
Source Train Accuracy: 1.000000
Target Fine-tune Loss: 1.437637
Target Fine-tune Accuracy: 0.602667

Epoch 15:
Source Train Loss: 0.000015
Source Train Accuracy: 1.000000
Target Fine-tune Loss: 1.341821
Target Fine-tune Accuracy: 0.610133

Epoch 16:
Source Train Loss: 0.000014
Source Train Accuracy: 1.000000
Target Fine-tune Loss: 1.377927
Target Fine-tune Accuracy: 0.603200

Epoch 17:
Source Train Loss: 0.000012
Source Train Accuracy: 1.000000
Target Fine-tune Loss: 1.454201
Target Fine-tune Accuracy: 0.582133

Epoch 18:
Source Train Loss: 0.000012
Source Train Accuracy: 1.000000
Target Fine-tune Loss: 1.482005
Target Fine-tune Accuracy: 0.586933

Epoch 19:
Source Train Loss: 0.000010
Source Train Accuracy: 1.000000
Target Fine-tune Loss: 1.469556
Target Fine-tune Accuracy: 0.593600

Epoch 20:
Source Train Loss: 0.000008
Source Train Accuracy: 1.000000
Target Fine-tune Loss: 1.417579
Target Fine-tune Accuracy: 0.608267

Epoch 21:
Source Train Loss: 0.000007
Source Train Accuracy: 1.000000
Target Fine-tune Loss: 1.517979
Target Fine-tune Accuracy: 0.604800

Epoch 22:
Source Train Loss: 0.000006
Source Train Accuracy: 1.000000
Target Fine-tune Loss: 1.521141
Target Fine-tune Accuracy: 0.581333

Epoch 23:
Source Train Loss: 0.000005
Source Train Accuracy: 1.000000
Target Fine-tune Loss: 1.586254
Target Fine-tune Accuracy: 0.585600

Epoch 24:
Source Train Loss: 0.000005
Source Train Accuracy: 1.000000
Target Fine-tune Loss: 1.485425
Target Fine-tune Accuracy: 0.569867

Epoch 25:
Source Train Loss: 0.000005
Source Train Accuracy: 1.000000
Target Fine-tune Loss: 1.504097
Target Fine-tune Accuracy: 0.586933

Epoch 26:
Source Train Loss: 0.000004
Source Train Accuracy: 1.000000
Target Fine-tune Loss: 1.519886
Target Fine-tune Accuracy: 0.581600

Epoch 27:
Source Train Loss: 0.000003
Source Train Accuracy: 1.000000
Target Fine-tune Loss: 1.573874
Target Fine-tune Accuracy: 0.586933

Epoch 28:
Source Train Loss: 0.000003
Source Train Accuracy: 1.000000
Target Fine-tune Loss: 1.636220
Target Fine-tune Accuracy: 0.563467

Epoch 29:
Source Train Loss: 0.000003
Source Train Accuracy: 1.000000
Target Fine-tune Loss: 1.525491
Target Fine-tune Accuracy: 0.576000

Epoch 30:
Source Train Loss: 0.000003
Source Train Accuracy: 1.000000
Target Fine-tune Loss: 1.546853
Target Fine-tune Accuracy: 0.592000

Epoch 31:
Source Train Loss: 0.000003
Source Train Accuracy: 1.000000
Target Fine-tune Loss: 1.474259
Target Fine-tune Accuracy: 0.588000

Epoch 32:
Source Train Loss: 0.000002
Source Train Accuracy: 1.000000
Target Fine-tune Loss: 1.522192
Target Fine-tune Accuracy: 0.593867

Epoch 33:
Source Train Loss: 0.000002
Source Train Accuracy: 1.000000
Target Fine-tune Loss: 1.423912
Target Fine-tune Accuracy: 0.599733

Epoch 34:
Source Train Loss: 0.000002
Source Train Accuracy: 1.000000
Target Fine-tune Loss: 1.625767
Target Fine-tune Accuracy: 0.564800

Epoch 35:
Source Train Loss: 0.000002
Source Train Accuracy: 1.000000
Target Fine-tune Loss: 1.450248
Target Fine-tune Accuracy: 0.586667

Epoch 36:
Source Train Loss: 0.000002
Source Train Accuracy: 1.000000
Target Fine-tune Loss: 1.593928
Target Fine-tune Accuracy: 0.576533

Epoch 37:
Source Train Loss: 0.000002
Source Train Accuracy: 1.000000
Target Fine-tune Loss: 1.575129
Target Fine-tune Accuracy: 0.565067

Epoch 38:
Source Train Loss: 0.000001
Source Train Accuracy: 1.000000
Target Fine-tune Loss: 1.503668
Target Fine-tune Accuracy: 0.589333

Epoch 39:
Source Train Loss: 0.000001
Source Train Accuracy: 1.000000
Target Fine-tune Loss: 1.609714
Target Fine-tune Accuracy: 0.564267

Epoch 40:
Source Train Loss: 0.000001
Source Train Accuracy: 1.000000
Target Fine-tune Loss: 1.475592
Target Fine-tune Accuracy: 0.587467

Please consider to run pre-processing before quantization. Refer to example: https://github.com/microsoft/onnxruntime-inference-examples/blob/main/quantization/image_classification/cpu/ReadMe.md 
Please consider pre-processing before quantization. See https://github.com/microsoft/onnxruntime-inference-examples/blob/main/quantization/image_classification/cpu/ReadMe.md 
Please consider to run pre-processing before quantization. Refer to example: https://github.com/microsoft/onnxruntime-inference-examples/blob/main/quantization/image_classification/cpu/ReadMe.md 
Please consider pre-processing before quantization. See https://github.com/microsoft/onnxruntime-inference-examples/blob/main/quantization/image_classification/cpu/ReadMe.md 
Compression summary saved to /root/workspace/MAML-Edge/deploy_artifacts/CNN_CWRU_FFT_5w15s15q_source012_target3_labels0123456789/compression_summary.json.

[return_code] 0
