
=== 2026-04-10T23:42:37+08:00 ===
$ /root/miniconda3/envs/fault_env/bin/python train.py --mode train --algorithm cnn --dataset CWRU --preprocess FFT --ways 5 --shots 10 --query_shots 10 --train_domains 0\,1\,2 --test_domain 3 --fault_labels 0\,1\,2\,3\,4\,5\,6\,7\,8\,9 --runtime_backend onnxruntime --enable_compression true --prune_ratio 0.4 --plot false --log true --cuda true --calibration_size 64 --enable_qat_recovery false --onnx_opset 17 --epochs 40 --batch_size 64 --finetune_epochs 15 --finetune_lr 0.0003 --test_task_num 50 --compression_finetune_iters 80 --log_path /root/workspace/MAML-Edge/logs/overnight_runs/controlled/latest/logs/fft/cnn --seed 42 --checkpoint_path /root/workspace/MAML-Edge/checkpoints --compression_output_path /root/workspace/MAML-Edge/deploy_artifacts --deployment_label_sampling random_per_episode 
/root/miniconda3/envs/fault_env/lib/python3.9/site-packages/sklearn/utils/fixes.py:28: UserWarning: pkg_resources is deprecated as an API. See https://setuptools.pypa.io/en/latest/pkg_resources.html. The pkg_resources package is slated for removal as early as 2025-11-30. Refrain from using this package or pin to Setuptools<81.
  from pkg_resources import parse_version  # type: ignore
Experiment: CNN_CWRU_FFT_5w10s10q_source012_target3_labels0123456789
Training CNN baseline with 1 GPU(s).
Domain: 0, normalization: False, time_steps: 1024, overlap_ratio: 0.5.
Loading Data: fault type: 0, total num: 243938, sample num: 475
Data is shuffled using random seed: 42

Loading Data: fault type: 1, total num: 121265, sample num: 235
Data is shuffled using random seed: 42

Loading Data: fault type: 2, total num: 122571, sample num: 238
Data is shuffled using random seed: 42

Loading Data: fault type: 3, total num: 121991, sample num: 237
Data is shuffled using random seed: 42

Loading Data: fault type: 4, total num: 121846, sample num: 236
Data is shuffled using random seed: 42

Loading Data: fault type: 5, total num: 121846, sample num: 236
Data is shuffled using random seed: 42

Loading Data: fault type: 6, total num: 121846, sample num: 236
Data is shuffled using random seed: 42

Loading Data: fault type: 7, total num: 122136, sample num: 237
Data is shuffled using random seed: 42

Loading Data: fault type: 8, total num: 121991, sample num: 237
Data is shuffled using random seed: 42

Loading Data: fault type: 9, total num: 122426, sample num: 238
Data is shuffled using random seed: 42

Domain: 1, normalization: False, time_steps: 1024, overlap_ratio: 0.5.
Loading Data: fault type: 0, total num: 483903, sample num: 944
Data is shuffled using random seed: 42

Loading Data: fault type: 1, total num: 121991, sample num: 237
Data is shuffled using random seed: 42

Loading Data: fault type: 2, total num: 121410, sample num: 236
Data is shuffled using random seed: 42

Loading Data: fault type: 3, total num: 122426, sample num: 238
Data is shuffled using random seed: 42

Loading Data: fault type: 4, total num: 121846, sample num: 236
Data is shuffled using random seed: 42

Loading Data: fault type: 5, total num: 122136, sample num: 237
Data is shuffled using random seed: 42

Loading Data: fault type: 6, total num: 122136, sample num: 237
Data is shuffled using random seed: 42

Loading Data: fault type: 7, total num: 121556, sample num: 236
Data is shuffled using random seed: 42

Loading Data: fault type: 8, total num: 121701, sample num: 236
Data is shuffled using random seed: 42

Loading Data: fault type: 9, total num: 121991, sample num: 237
Data is shuffled using random seed: 42

Domain: 2, normalization: False, time_steps: 1024, overlap_ratio: 0.5.
Loading Data: fault type: 0, total num: 485063, sample num: 946
Data is shuffled using random seed: 42

Loading Data: fault type: 1, total num: 122136, sample num: 237
Data is shuffled using random seed: 42

Loading Data: fault type: 2, total num: 121556, sample num: 236
Data is shuffled using random seed: 42

Loading Data: fault type: 3, total num: 121410, sample num: 236
Data is shuffled using random seed: 42

Loading Data: fault type: 4, total num: 121846, sample num: 236
Data is shuffled using random seed: 42

Loading Data: fault type: 5, total num: 121991, sample num: 237
Data is shuffled using random seed: 42

Loading Data: fault type: 6, total num: 121846, sample num: 236
Data is shuffled using random seed: 42

Loading Data: fault type: 7, total num: 121846, sample num: 236
Data is shuffled using random seed: 42

Loading Data: fault type: 8, total num: 122136, sample num: 237
Data is shuffled using random seed: 42

Loading Data: fault type: 9, total num: 122281, sample num: 237
Data is shuffled using random seed: 42

Domain: 3, normalization: False, time_steps: 1024, overlap_ratio: 0.5.
Loading Data: fault type: 0, total num: 485643, sample num: 947
Data is shuffled using random seed: 42

Loading Data: fault type: 1, total num: 122917, sample num: 239
Data is shuffled using random seed: 42

Loading Data: fault type: 2, total num: 121556, sample num: 236
Data is shuffled using random seed: 42

Loading Data: fault type: 3, total num: 122571, sample num: 238
Data is shuffled using random seed: 42

Loading Data: fault type: 4, total num: 121701, sample num: 236
Data is shuffled using random seed: 42

Loading Data: fault type: 5, total num: 122136, sample num: 237
Data is shuffled using random seed: 42

Loading Data: fault type: 6, total num: 121991, sample num: 237
Data is shuffled using random seed: 42

Loading Data: fault type: 7, total num: 121991, sample num: 237
Data is shuffled using random seed: 42

Loading Data: fault type: 8, total num: 122136, sample num: 237
Data is shuffled using random seed: 42

Loading Data: fault type: 9, total num: 121991, sample num: 237
Data is shuffled using random seed: 42

Epoch 1:
Source Train Loss: 0.113255
Source Train Accuracy: 0.969953
Target Fine-tune Loss: 1.368483
Target Fine-tune Accuracy: 0.568800

Epoch 2:
Source Train Loss: 0.000873
Source Train Accuracy: 1.000000
Target Fine-tune Loss: 1.454413
Target Fine-tune Accuracy: 0.573200

Epoch 3:
Source Train Loss: 0.000360
Source Train Accuracy: 1.000000
Target Fine-tune Loss: 1.200830
Target Fine-tune Accuracy: 0.616400

Epoch 4:
Source Train Loss: 0.000219
Source Train Accuracy: 1.000000
Target Fine-tune Loss: 1.317760
Target Fine-tune Accuracy: 0.613200

Epoch 5:
Source Train Loss: 0.000138
Source Train Accuracy: 1.000000
Target Fine-tune Loss: 1.359351
Target Fine-tune Accuracy: 0.617200

Epoch 6:
Source Train Loss: 0.000085
Source Train Accuracy: 1.000000
Target Fine-tune Loss: 1.390875
Target Fine-tune Accuracy: 0.599600

Epoch 7:
Source Train Loss: 0.000070
Source Train Accuracy: 1.000000
Target Fine-tune Loss: 1.352115
Target Fine-tune Accuracy: 0.610400

Epoch 8:
Source Train Loss: 0.000051
Source Train Accuracy: 1.000000
Target Fine-tune Loss: 1.603270
Target Fine-tune Accuracy: 0.591200

Epoch 9:
Source Train Loss: 0.000037
Source Train Accuracy: 1.000000
Target Fine-tune Loss: 1.572292
Target Fine-tune Accuracy: 0.599600

Epoch 10:
Source Train Loss: 0.000033
Source Train Accuracy: 1.000000
Target Fine-tune Loss: 1.388472
Target Fine-tune Accuracy: 0.603600

Epoch 11:
Source Train Loss: 0.000029
Source Train Accuracy: 1.000000
Target Fine-tune Loss: 1.500100
Target Fine-tune Accuracy: 0.598400

Epoch 12:
Source Train Loss: 0.000023
Source Train Accuracy: 1.000000
Target Fine-tune Loss: 1.586027
Target Fine-tune Accuracy: 0.595600

Epoch 13:
Source Train Loss: 0.000019
Source Train Accuracy: 1.000000
Target Fine-tune Loss: 1.462501
Target Fine-tune Accuracy: 0.619600

Epoch 14:
Source Train Loss: 0.000016
Source Train Accuracy: 1.000000
Target Fine-tune Loss: 1.590121
Target Fine-tune Accuracy: 0.569200

Epoch 15:
Source Train Loss: 0.000015
Source Train Accuracy: 1.000000
Target Fine-tune Loss: 1.601613
Target Fine-tune Accuracy: 0.600800

Epoch 16:
Source Train Loss: 0.000014
Source Train Accuracy: 1.000000
Target Fine-tune Loss: 1.615716
Target Fine-tune Accuracy: 0.580000

Epoch 17:
Source Train Loss: 0.000012
Source Train Accuracy: 1.000000
Target Fine-tune Loss: 1.516875
Target Fine-tune Accuracy: 0.588400

Epoch 18:
Source Train Loss: 0.000012
Source Train Accuracy: 1.000000
Target Fine-tune Loss: 1.625622
Target Fine-tune Accuracy: 0.594400

Epoch 19:
Source Train Loss: 0.000010
Source Train Accuracy: 1.000000
Target Fine-tune Loss: 1.765743
Target Fine-tune Accuracy: 0.588400

Epoch 20:
Source Train Loss: 0.000008
Source Train Accuracy: 1.000000
Target Fine-tune Loss: 1.695652
Target Fine-tune Accuracy: 0.584400

Epoch 21:
Source Train Loss: 0.000007
Source Train Accuracy: 1.000000
Target Fine-tune Loss: 1.681554
Target Fine-tune Accuracy: 0.577200

Epoch 22:
Source Train Loss: 0.000006
Source Train Accuracy: 1.000000
Target Fine-tune Loss: 1.729961
Target Fine-tune Accuracy: 0.579200

Epoch 23:
Source Train Loss: 0.000005
Source Train Accuracy: 1.000000
Target Fine-tune Loss: 1.852291
Target Fine-tune Accuracy: 0.564000

Epoch 24:
Source Train Loss: 0.000005
Source Train Accuracy: 1.000000
Target Fine-tune Loss: 1.609786
Target Fine-tune Accuracy: 0.585200

Epoch 25:
Source Train Loss: 0.000005
Source Train Accuracy: 1.000000
Target Fine-tune Loss: 1.731598
Target Fine-tune Accuracy: 0.572000

Epoch 26:
Source Train Loss: 0.000004
Source Train Accuracy: 1.000000
Target Fine-tune Loss: 1.720877
Target Fine-tune Accuracy: 0.579200

Epoch 27:
Source Train Loss: 0.000004
Source Train Accuracy: 1.000000
Target Fine-tune Loss: 1.715424
Target Fine-tune Accuracy: 0.551600

Epoch 28:
Source Train Loss: 0.000003
Source Train Accuracy: 1.000000
Target Fine-tune Loss: 1.785711
Target Fine-tune Accuracy: 0.557600

Epoch 29:
Source Train Loss: 0.000003
Source Train Accuracy: 1.000000
Target Fine-tune Loss: 1.830328
Target Fine-tune Accuracy: 0.554800

Epoch 30:
Source Train Loss: 0.000003
Source Train Accuracy: 1.000000
Target Fine-tune Loss: 1.892429
Target Fine-tune Accuracy: 0.544800

Epoch 31:
Source Train Loss: 0.000003
Source Train Accuracy: 1.000000
Target Fine-tune Loss: 1.724178
Target Fine-tune Accuracy: 0.567600

Epoch 32:
Source Train Loss: 0.000002
Source Train Accuracy: 1.000000
Target Fine-tune Loss: 1.865473
Target Fine-tune Accuracy: 0.572800

Epoch 33:
Source Train Loss: 0.000002
Source Train Accuracy: 1.000000
Target Fine-tune Loss: 1.728435
Target Fine-tune Accuracy: 0.568800

Epoch 34:
Source Train Loss: 0.000002
Source Train Accuracy: 1.000000
Target Fine-tune Loss: 1.767003
Target Fine-tune Accuracy: 0.566400

Epoch 35:
Source Train Loss: 0.000002
Source Train Accuracy: 1.000000
Target Fine-tune Loss: 2.071927
Target Fine-tune Accuracy: 0.552400

Epoch 36:
Source Train Loss: 0.000002
Source Train Accuracy: 1.000000
Target Fine-tune Loss: 1.726545
Target Fine-tune Accuracy: 0.574800

Epoch 37:
Source Train Loss: 0.000002
Source Train Accuracy: 1.000000
Target Fine-tune Loss: 1.842489
Target Fine-tune Accuracy: 0.555600

Epoch 38:
Source Train Loss: 0.000001
Source Train Accuracy: 1.000000
Target Fine-tune Loss: 1.916810
Target Fine-tune Accuracy: 0.553600

Epoch 39:
Source Train Loss: 0.000001
Source Train Accuracy: 1.000000
Target Fine-tune Loss: 1.777899
Target Fine-tune Accuracy: 0.585200

Epoch 40:
Source Train Loss: 0.000001
Source Train Accuracy: 1.000000
Target Fine-tune Loss: 1.957360
Target Fine-tune Accuracy: 0.550800

Please consider to run pre-processing before quantization. Refer to example: https://github.com/microsoft/onnxruntime-inference-examples/blob/main/quantization/image_classification/cpu/ReadMe.md 
Please consider pre-processing before quantization. See https://github.com/microsoft/onnxruntime-inference-examples/blob/main/quantization/image_classification/cpu/ReadMe.md 
Please consider to run pre-processing before quantization. Refer to example: https://github.com/microsoft/onnxruntime-inference-examples/blob/main/quantization/image_classification/cpu/ReadMe.md 
Please consider pre-processing before quantization. See https://github.com/microsoft/onnxruntime-inference-examples/blob/main/quantization/image_classification/cpu/ReadMe.md 
Compression summary saved to /root/workspace/MAML-Edge/deploy_artifacts/CNN_CWRU_FFT_5w10s10q_source012_target3_labels0123456789/compression_summary.json.

[return_code] 0
