
=== 2026-04-11T23:03:07+08:00 ===
$ /root/miniconda3/envs/fault_env/bin/python train.py --mode train --algorithm cnn --dataset CWRU --preprocess STFT --ways 5 --shots 15 --query_shots 15 --train_domains 0\,1\,2 --test_domain 3 --fault_labels 0\,1\,2\,3\,4\,5\,6\,7\,8\,9 --runtime_backend onnxruntime --enable_compression true --prune_ratio 0.4 --plot false --log true --cuda true --calibration_size 64 --enable_qat_recovery false --onnx_opset 17 --epochs 30 --batch_size 64 --finetune_epochs 15 --finetune_lr 0.0003 --test_task_num 200 --compression_finetune_iters 80 --log_path /root/workspace/MAML-Edge/logs/paper_runs/balanced/seed/seed44/latest/logs/stft/cnn --seed 44 --checkpoint_path /root/workspace/MAML-Edge/checkpoints/paper_balanced/seed/seed44 --compression_output_path /root/workspace/MAML-Edge/deploy_artifacts/paper_balanced/seed/seed44 --deployment_label_sampling random_per_episode 
/root/miniconda3/envs/fault_env/lib/python3.9/site-packages/sklearn/utils/fixes.py:28: UserWarning: pkg_resources is deprecated as an API. See https://setuptools.pypa.io/en/latest/pkg_resources.html. The pkg_resources package is slated for removal as early as 2025-11-30. Refrain from using this package or pin to Setuptools<81.
  from pkg_resources import parse_version  # type: ignore
Experiment: CNN_CWRU_STFT_5w15s15q_source012_target3_labels0123456789
Training CNN baseline with 1 GPU(s).
Epoch 1:
Source Train Loss: 0.403091
Source Train Accuracy: 0.953730
Target Fine-tune Loss: 0.689079
Target Fine-tune Accuracy: 0.825933

Epoch 2:
Source Train Loss: 0.025855
Source Train Accuracy: 0.999543
Target Fine-tune Loss: 0.660925
Target Fine-tune Accuracy: 0.825800

Epoch 3:
Source Train Loss: 0.009579
Source Train Accuracy: 0.999886
Target Fine-tune Loss: 0.588830
Target Fine-tune Accuracy: 0.841067

Epoch 4:
Source Train Loss: 0.004564
Source Train Accuracy: 1.000000
Target Fine-tune Loss: 0.622407
Target Fine-tune Accuracy: 0.827933

Epoch 5:
Source Train Loss: 0.003036
Source Train Accuracy: 1.000000
Target Fine-tune Loss: 0.646674
Target Fine-tune Accuracy: 0.810467

Epoch 6:
Source Train Loss: 0.001985
Source Train Accuracy: 1.000000
Target Fine-tune Loss: 0.655103
Target Fine-tune Accuracy: 0.806733

Epoch 7:
Source Train Loss: 0.001388
Source Train Accuracy: 1.000000
Target Fine-tune Loss: 0.601115
Target Fine-tune Accuracy: 0.814933

Epoch 8:
Source Train Loss: 0.001111
Source Train Accuracy: 1.000000
Target Fine-tune Loss: 0.614171
Target Fine-tune Accuracy: 0.816000

Epoch 9:
Source Train Loss: 0.000894
Source Train Accuracy: 1.000000
Target Fine-tune Loss: 0.639646
Target Fine-tune Accuracy: 0.806667

Epoch 10:
Source Train Loss: 0.000729
Source Train Accuracy: 1.000000
Target Fine-tune Loss: 0.653839
Target Fine-tune Accuracy: 0.806267

Epoch 11:
Source Train Loss: 0.000531
Source Train Accuracy: 1.000000
Target Fine-tune Loss: 0.630850
Target Fine-tune Accuracy: 0.808933

Epoch 12:
Source Train Loss: 0.000442
Source Train Accuracy: 1.000000
Target Fine-tune Loss: 0.686880
Target Fine-tune Accuracy: 0.794267

Epoch 13:
Source Train Loss: 0.000388
Source Train Accuracy: 1.000000
Target Fine-tune Loss: 0.697780
Target Fine-tune Accuracy: 0.789467

Epoch 14:
Source Train Loss: 0.000329
Source Train Accuracy: 1.000000
Target Fine-tune Loss: 0.671512
Target Fine-tune Accuracy: 0.797867

Epoch 15:
Source Train Loss: 0.000347
Source Train Accuracy: 1.000000
Target Fine-tune Loss: 0.685387
Target Fine-tune Accuracy: 0.784467

Epoch 16:
Source Train Loss: 0.000282
Source Train Accuracy: 1.000000
Target Fine-tune Loss: 0.662531
Target Fine-tune Accuracy: 0.792533

Epoch 17:
Source Train Loss: 0.000221
Source Train Accuracy: 1.000000
Target Fine-tune Loss: 0.676328
Target Fine-tune Accuracy: 0.788867

Epoch 18:
Source Train Loss: 0.000190
Source Train Accuracy: 1.000000
Target Fine-tune Loss: 0.633842
Target Fine-tune Accuracy: 0.806533

Epoch 19:
Source Train Loss: 0.000165
Source Train Accuracy: 1.000000
Target Fine-tune Loss: 0.630552
Target Fine-tune Accuracy: 0.800333

Epoch 20:
Source Train Loss: 0.000156
Source Train Accuracy: 1.000000
Target Fine-tune Loss: 0.611367
Target Fine-tune Accuracy: 0.805267

Epoch 21:
Source Train Loss: 0.000141
Source Train Accuracy: 1.000000
Target Fine-tune Loss: 0.609355
Target Fine-tune Accuracy: 0.808600

Epoch 22:
Source Train Loss: 0.000116
Source Train Accuracy: 1.000000
Target Fine-tune Loss: 0.676449
Target Fine-tune Accuracy: 0.787333

Epoch 23:
Source Train Loss: 0.000107
Source Train Accuracy: 1.000000
Target Fine-tune Loss: 0.633415
Target Fine-tune Accuracy: 0.800067

Epoch 24:
Source Train Loss: 0.000113
Source Train Accuracy: 1.000000
Target Fine-tune Loss: 0.783574
Target Fine-tune Accuracy: 0.757800

Epoch 25:
Source Train Loss: 0.000094
Source Train Accuracy: 1.000000
Target Fine-tune Loss: 0.657263
Target Fine-tune Accuracy: 0.787333

Epoch 26:
Source Train Loss: 0.000077
Source Train Accuracy: 1.000000
Target Fine-tune Loss: 0.695421
Target Fine-tune Accuracy: 0.774733

Epoch 27:
Source Train Loss: 0.000069
Source Train Accuracy: 1.000000
Target Fine-tune Loss: 0.722674
Target Fine-tune Accuracy: 0.765600

Epoch 28:
Source Train Loss: 0.000066
Source Train Accuracy: 1.000000
Target Fine-tune Loss: 0.707079
Target Fine-tune Accuracy: 0.782600

Epoch 29:
Source Train Loss: 0.000056
Source Train Accuracy: 1.000000
Target Fine-tune Loss: 0.648382
Target Fine-tune Accuracy: 0.790000

Epoch 30:
Source Train Loss: 0.000056
Source Train Accuracy: 1.000000
Target Fine-tune Loss: 0.679876
Target Fine-tune Accuracy: 0.787533

Please consider to run pre-processing before quantization. Refer to example: https://github.com/microsoft/onnxruntime-inference-examples/blob/main/quantization/image_classification/cpu/ReadMe.md 
Please consider pre-processing before quantization. See https://github.com/microsoft/onnxruntime-inference-examples/blob/main/quantization/image_classification/cpu/ReadMe.md 
Please consider to run pre-processing before quantization. Refer to example: https://github.com/microsoft/onnxruntime-inference-examples/blob/main/quantization/image_classification/cpu/ReadMe.md 
Please consider pre-processing before quantization. See https://github.com/microsoft/onnxruntime-inference-examples/blob/main/quantization/image_classification/cpu/ReadMe.md 
Compression summary saved to /root/workspace/MAML-Edge/deploy_artifacts/paper_balanced/seed/seed44/CNN_CWRU_STFT_5w15s15q_source012_target3_labels0123456789/compression_summary.json.

[return_code] 0
