
=== 2026-04-12T10:33:12+08:00 ===
$ /root/miniconda3/envs/fault_env/bin/python train.py --mode train --algorithm cnn --dataset CWRU --preprocess FFT --ways 5 --shots 5 --query_shots 5 --train_domains 0\,1\,3 --test_domain 2 --fault_labels 0\,1\,2\,3\,4\,5\,6\,7\,8\,9 --runtime_backend onnxruntime --enable_compression true --prune_ratio 0.4 --plot false --log true --cuda true --calibration_size 64 --enable_qat_recovery false --onnx_opset 17 --epochs 40 --batch_size 64 --finetune_epochs 15 --finetune_lr 0.0003 --test_task_num 200 --compression_finetune_iters 80 --log_path /root/workspace/MAML-Edge/logs/paper_runs/balanced/domain/source013_target2/latest/logs/fft/cnn --seed 42 --checkpoint_path /root/workspace/MAML-Edge/checkpoints/paper_balanced/domain/source013_target2 --compression_output_path /root/workspace/MAML-Edge/deploy_artifacts/paper_balanced/domain/source013_target2 --deployment_label_sampling random_per_episode 
/root/miniconda3/envs/fault_env/lib/python3.9/site-packages/sklearn/utils/fixes.py:28: UserWarning: pkg_resources is deprecated as an API. See https://setuptools.pypa.io/en/latest/pkg_resources.html. The pkg_resources package is slated for removal as early as 2025-11-30. Refrain from using this package or pin to Setuptools<81.
  from pkg_resources import parse_version  # type: ignore
Experiment: CNN_CWRU_FFT_5w5s5q_source013_target2_labels0123456789
Training CNN baseline with 1 GPU(s).
Domain: 0, normalization: False, time_steps: 1024, overlap_ratio: 0.5.
Loading Data: fault type: 0, total num: 243938, sample num: 475
Data is shuffled using random seed: 42

Loading Data: fault type: 1, total num: 121265, sample num: 235
Data is shuffled using random seed: 42

Loading Data: fault type: 2, total num: 122571, sample num: 238
Data is shuffled using random seed: 42

Loading Data: fault type: 3, total num: 121991, sample num: 237
Data is shuffled using random seed: 42

Loading Data: fault type: 4, total num: 121846, sample num: 236
Data is shuffled using random seed: 42

Loading Data: fault type: 5, total num: 121846, sample num: 236
Data is shuffled using random seed: 42

Loading Data: fault type: 6, total num: 121846, sample num: 236
Data is shuffled using random seed: 42

Loading Data: fault type: 7, total num: 122136, sample num: 237
Data is shuffled using random seed: 42

Loading Data: fault type: 8, total num: 121991, sample num: 237
Data is shuffled using random seed: 42

Loading Data: fault type: 9, total num: 122426, sample num: 238
Data is shuffled using random seed: 42

Domain: 1, normalization: False, time_steps: 1024, overlap_ratio: 0.5.
Loading Data: fault type: 0, total num: 483903, sample num: 944
Data is shuffled using random seed: 42

Loading Data: fault type: 1, total num: 121991, sample num: 237
Data is shuffled using random seed: 42

Loading Data: fault type: 2, total num: 121410, sample num: 236
Data is shuffled using random seed: 42

Loading Data: fault type: 3, total num: 122426, sample num: 238
Data is shuffled using random seed: 42

Loading Data: fault type: 4, total num: 121846, sample num: 236
Data is shuffled using random seed: 42

Loading Data: fault type: 5, total num: 122136, sample num: 237
Data is shuffled using random seed: 42

Loading Data: fault type: 6, total num: 122136, sample num: 237
Data is shuffled using random seed: 42

Loading Data: fault type: 7, total num: 121556, sample num: 236
Data is shuffled using random seed: 42

Loading Data: fault type: 8, total num: 121701, sample num: 236
Data is shuffled using random seed: 42

Loading Data: fault type: 9, total num: 121991, sample num: 237
Data is shuffled using random seed: 42

Domain: 3, normalization: False, time_steps: 1024, overlap_ratio: 0.5.
Loading Data: fault type: 0, total num: 485643, sample num: 947
Data is shuffled using random seed: 42

Loading Data: fault type: 1, total num: 122917, sample num: 239
Data is shuffled using random seed: 42

Loading Data: fault type: 2, total num: 121556, sample num: 236
Data is shuffled using random seed: 42

Loading Data: fault type: 3, total num: 122571, sample num: 238
Data is shuffled using random seed: 42

Loading Data: fault type: 4, total num: 121701, sample num: 236
Data is shuffled using random seed: 42

Loading Data: fault type: 5, total num: 122136, sample num: 237
Data is shuffled using random seed: 42

Loading Data: fault type: 6, total num: 121991, sample num: 237
Data is shuffled using random seed: 42

Loading Data: fault type: 7, total num: 121991, sample num: 237
Data is shuffled using random seed: 42

Loading Data: fault type: 8, total num: 122136, sample num: 237
Data is shuffled using random seed: 42

Loading Data: fault type: 9, total num: 121991, sample num: 237
Data is shuffled using random seed: 42

Domain: 2, normalization: False, time_steps: 1024, overlap_ratio: 0.5.
Loading Data: fault type: 0, total num: 485063, sample num: 946
Data is shuffled using random seed: 42

Loading Data: fault type: 1, total num: 122136, sample num: 237
Data is shuffled using random seed: 42

Loading Data: fault type: 2, total num: 121556, sample num: 236
Data is shuffled using random seed: 42

Loading Data: fault type: 3, total num: 121410, sample num: 236
Data is shuffled using random seed: 42

Loading Data: fault type: 4, total num: 121846, sample num: 236
Data is shuffled using random seed: 42

Loading Data: fault type: 5, total num: 121991, sample num: 237
Data is shuffled using random seed: 42

Loading Data: fault type: 6, total num: 121846, sample num: 236
Data is shuffled using random seed: 42

Loading Data: fault type: 7, total num: 121846, sample num: 236
Data is shuffled using random seed: 42

Loading Data: fault type: 8, total num: 122136, sample num: 237
Data is shuffled using random seed: 42

Loading Data: fault type: 9, total num: 122281, sample num: 237
Data is shuffled using random seed: 42

Epoch 1:
Source Train Loss: 0.107200
Source Train Accuracy: 0.970320
Target Fine-tune Loss: 1.212804
Target Fine-tune Accuracy: 0.600400

Epoch 2:
Source Train Loss: 0.000819
Source Train Accuracy: 1.000000
Target Fine-tune Loss: 1.218645
Target Fine-tune Accuracy: 0.601400

Epoch 3:
Source Train Loss: 0.000336
Source Train Accuracy: 1.000000
Target Fine-tune Loss: 1.212529
Target Fine-tune Accuracy: 0.609600

Epoch 4:
Source Train Loss: 0.000193
Source Train Accuracy: 1.000000
Target Fine-tune Loss: 1.207885
Target Fine-tune Accuracy: 0.611600

Epoch 5:
Source Train Loss: 0.000131
Source Train Accuracy: 1.000000
Target Fine-tune Loss: 1.244029
Target Fine-tune Accuracy: 0.608800

Epoch 6:
Source Train Loss: 0.000089
Source Train Accuracy: 1.000000
Target Fine-tune Loss: 1.262188
Target Fine-tune Accuracy: 0.602800

Epoch 7:
Source Train Loss: 0.000072
Source Train Accuracy: 1.000000
Target Fine-tune Loss: 1.286502
Target Fine-tune Accuracy: 0.604000

Epoch 8:
Source Train Loss: 0.000061
Source Train Accuracy: 1.000000
Target Fine-tune Loss: 1.292516
Target Fine-tune Accuracy: 0.600000

Epoch 9:
Source Train Loss: 0.000042
Source Train Accuracy: 1.000000
Target Fine-tune Loss: 1.327581
Target Fine-tune Accuracy: 0.596800

Epoch 10:
Source Train Loss: 0.000033
Source Train Accuracy: 1.000000
Target Fine-tune Loss: 1.339154
Target Fine-tune Accuracy: 0.593800

Epoch 11:
Source Train Loss: 0.000028
Source Train Accuracy: 1.000000
Target Fine-tune Loss: 1.318590
Target Fine-tune Accuracy: 0.598800

Epoch 12:
Source Train Loss: 0.000025
Source Train Accuracy: 1.000000
Target Fine-tune Loss: 1.359695
Target Fine-tune Accuracy: 0.591400

Epoch 13:
Source Train Loss: 0.000022
Source Train Accuracy: 1.000000
Target Fine-tune Loss: 1.463748
Target Fine-tune Accuracy: 0.579000

Epoch 14:
Source Train Loss: 0.000042
Source Train Accuracy: 1.000000
Target Fine-tune Loss: 1.341865
Target Fine-tune Accuracy: 0.595800

Epoch 15:
Source Train Loss: 0.000015
Source Train Accuracy: 1.000000
Target Fine-tune Loss: 1.376654
Target Fine-tune Accuracy: 0.583200

Epoch 16:
Source Train Loss: 0.000013
Source Train Accuracy: 1.000000
Target Fine-tune Loss: 1.367169
Target Fine-tune Accuracy: 0.580200

Epoch 17:
Source Train Loss: 0.000012
Source Train Accuracy: 1.000000
Target Fine-tune Loss: 1.367652
Target Fine-tune Accuracy: 0.588200

Epoch 18:
Source Train Loss: 0.000010
Source Train Accuracy: 1.000000
Target Fine-tune Loss: 1.465778
Target Fine-tune Accuracy: 0.574000

Epoch 19:
Source Train Loss: 0.000009
Source Train Accuracy: 1.000000
Target Fine-tune Loss: 1.524618
Target Fine-tune Accuracy: 0.575200

Epoch 20:
Source Train Loss: 0.000007
Source Train Accuracy: 1.000000
Target Fine-tune Loss: 1.443383
Target Fine-tune Accuracy: 0.571000

Epoch 21:
Source Train Loss: 0.000007
Source Train Accuracy: 1.000000
Target Fine-tune Loss: 1.520983
Target Fine-tune Accuracy: 0.567600

Epoch 22:
Source Train Loss: 0.000006
Source Train Accuracy: 1.000000
Target Fine-tune Loss: 1.509792
Target Fine-tune Accuracy: 0.559200

Epoch 23:
Source Train Loss: 0.000005
Source Train Accuracy: 1.000000
Target Fine-tune Loss: 1.454636
Target Fine-tune Accuracy: 0.580200

Epoch 24:
Source Train Loss: 0.000005
Source Train Accuracy: 1.000000
Target Fine-tune Loss: 1.508177
Target Fine-tune Accuracy: 0.562600

Epoch 25:
Source Train Loss: 0.000004
Source Train Accuracy: 1.000000
Target Fine-tune Loss: 1.601900
Target Fine-tune Accuracy: 0.562400

Epoch 26:
Source Train Loss: 0.000004
Source Train Accuracy: 1.000000
Target Fine-tune Loss: 1.559395
Target Fine-tune Accuracy: 0.563400

Epoch 27:
Source Train Loss: 0.000004
Source Train Accuracy: 1.000000
Target Fine-tune Loss: 1.637854
Target Fine-tune Accuracy: 0.559000

Epoch 28:
Source Train Loss: 0.000004
Source Train Accuracy: 1.000000
Target Fine-tune Loss: 1.593185
Target Fine-tune Accuracy: 0.557000

Epoch 29:
Source Train Loss: 0.000004
Source Train Accuracy: 1.000000
Target Fine-tune Loss: 1.640554
Target Fine-tune Accuracy: 0.550200

Epoch 30:
Source Train Loss: 0.000003
Source Train Accuracy: 1.000000
Target Fine-tune Loss: 1.602834
Target Fine-tune Accuracy: 0.550400

Epoch 31:
Source Train Loss: 0.000002
Source Train Accuracy: 1.000000
Target Fine-tune Loss: 1.724643
Target Fine-tune Accuracy: 0.541200

Epoch 32:
Source Train Loss: 0.000002
Source Train Accuracy: 1.000000
Target Fine-tune Loss: 1.690581
Target Fine-tune Accuracy: 0.553000

Epoch 33:
Source Train Loss: 0.000002
Source Train Accuracy: 1.000000
Target Fine-tune Loss: 1.728361
Target Fine-tune Accuracy: 0.547400

Epoch 34:
Source Train Loss: 0.000002
Source Train Accuracy: 1.000000
Target Fine-tune Loss: 1.728102
Target Fine-tune Accuracy: 0.540000

Epoch 35:
Source Train Loss: 0.000003
Source Train Accuracy: 1.000000
Target Fine-tune Loss: 1.521362
Target Fine-tune Accuracy: 0.559600

Epoch 36:
Source Train Loss: 0.000002
Source Train Accuracy: 1.000000
Target Fine-tune Loss: 1.729522
Target Fine-tune Accuracy: 0.543400

Epoch 37:
Source Train Loss: 0.000002
Source Train Accuracy: 1.000000
Target Fine-tune Loss: 1.721494
Target Fine-tune Accuracy: 0.538400

Epoch 38:
Source Train Loss: 0.000002
Source Train Accuracy: 1.000000
Target Fine-tune Loss: 1.770510
Target Fine-tune Accuracy: 0.532000

Epoch 39:
Source Train Loss: 0.000001
Source Train Accuracy: 1.000000
Target Fine-tune Loss: 1.797039
Target Fine-tune Accuracy: 0.537800

Epoch 40:
Source Train Loss: 0.000001
Source Train Accuracy: 1.000000
Target Fine-tune Loss: 1.822117
Target Fine-tune Accuracy: 0.528400

Please consider to run pre-processing before quantization. Refer to example: https://github.com/microsoft/onnxruntime-inference-examples/blob/main/quantization/image_classification/cpu/ReadMe.md 
Please consider pre-processing before quantization. See https://github.com/microsoft/onnxruntime-inference-examples/blob/main/quantization/image_classification/cpu/ReadMe.md 
Please consider to run pre-processing before quantization. Refer to example: https://github.com/microsoft/onnxruntime-inference-examples/blob/main/quantization/image_classification/cpu/ReadMe.md 
Please consider pre-processing before quantization. See https://github.com/microsoft/onnxruntime-inference-examples/blob/main/quantization/image_classification/cpu/ReadMe.md 
Compression summary saved to /root/workspace/MAML-Edge/deploy_artifacts/paper_balanced/domain/source013_target2/CNN_CWRU_FFT_5w5s5q_source013_target2_labels0123456789/compression_summary.json.

[return_code] 0
